<?xml version="1.0" encoding="UTF-8"?>
<!-- Generated by org.testng.reporters.JUnitXMLReporter -->
<testsuite ignored="0" hostname="LAP-SUMEDHS" failures="1" tests="3" name="Surefire test" time="60.579" errors="0" timestamp="2025-11-01T19:41:03 IST">
  <testcase classname="nuego_automation_project.NuegoBookingTest" name="testLogin" time="49.773">
    <failure type="java.lang.AssertionError" message="Login failed: Expected condition failed: waiting for visibility of Proxy element for: DefaultElementLocator &amp;apos;By.xpath: //input[@aria-label=&amp;apos;Please enter OTP character 1&amp;apos;]&amp;apos; (tried for 30 second(s) with 500 milliseconds interval)">
      <![CDATA[java.lang.AssertionError: Login failed: Expected condition failed: waiting for visibility of Proxy element for: DefaultElementLocator 'By.xpath: //input[@aria-label='Please enter OTP character 1']' (tried for 30 second(s) with 500 milliseconds interval)
at nuego_automation_project.NuegoBookingTest.testLogin(NuegoBookingTest.java:114)
at java.base/java.util.ArrayList.forEach(ArrayList.java:1511)
... Removed 33 stack frames]]>
    </failure>
  </testcase> <!-- testLogin -->
  <testcase classname="nuego_automation_project.NuegoBookingTest" name="testHomePageActions" time="0.0">
    <skipped/>
  </testcase> <!-- testHomePageActions -->
  <testcase classname="nuego_automation_project.NuegoBookingTest" name="testFilters" time="0.001">
    <skipped/>
  </testcase> <!-- testFilters -->
</testsuite> <!-- Surefire test -->
