<?xml version="1.0" encoding="UTF-8"?>
<!-- Generated by org.testng.reporters.JUnitXMLReporter -->
<testsuite ignored="0" hostname="LAP-SUMEDHS" failures="0" tests="10" name="Default test" time="343.906" errors="0" timestamp="2025-11-10T15:33:19 IST">
  <testcase classname="nuego_automation_project.NuegoBookingTest" name="testLogin" time="3.694"/>
  <testcase classname="nuego_automation_project.NuegoBookingTest" name="testHomePageActions" time="21.179"/>
  <testcase classname="nuego_automation_project.NuegoBookingTest" name="testFilters" time="11.256"/>
  <testcase classname="nuego_automation_project.NuegoBookingTest" name="testBusBookingPageActions" time="8.269"/>
  <testcase classname="nuego_automation_project.NuegoBookingTest" name="testSelectSeatAndProceedToPay" time="188.994">
    <skipped/>
  </testcase> <!-- testSelectSeatAndProceedToPay -->
  <testcase classname="nuego_automation_project.NuegoBookingTest" name="testSelectSeatAndProceedToPay" time="92.002">
    <skipped/>
  </testcase> <!-- testSelectSeatAndProceedToPay -->
  <testcase classname="nuego_automation_project.NuegoBookingTest" name="testSelectSeatAndProceedToPay" time="16.103"/>
  <testcase classname="nuego_automation_project.NuegoBookingTest" name="testReviewBookingFlow" time="0.011"/>
  <testcase classname="nuego_automation_project.NuegoBookingTest" name="testPaymentFlow" time="0.011"/>
  <testcase classname="nuego_automation_project.NuegoBookingTest" name="testTicketPageFlow" time="0.009"/>
</testsuite> <!-- Default test -->
