<?xml version="1.0" encoding="UTF-8"?>
<!-- Generated by org.testng.reporters.JUnitXMLReporter -->
<testsuite ignored="0" hostname="LAP-SUMEDHS" failures="0" tests="11" name="Default test" time="522.252" errors="0" timestamp="2025-12-03T10:57:48 IST">
  <testcase classname="nuego_automation_project.NuegoBookingTest" name="testLogin" time="1.873"/>
  <testcase classname="nuego_automation_project.NuegoBookingTest" name="testAddMoneyToWallet" time="27.086"/>
  <testcase classname="nuego_automation_project.NuegoBookingTest" name="testHomePageActions" time="21.25"/>
  <testcase classname="nuego_automation_project.NuegoBookingTest" name="testFilters" time="10.187"/>
  <testcase classname="nuego_automation_project.NuegoBookingTest" name="testBusBookingPageActions" time="8.169"/>
  <testcase classname="nuego_automation_project.NuegoBookingTest" name="testSelectSeatAndProceedToPay" time="27.129"/>
  <testcase classname="nuego_automation_project.NuegoBookingTest" name="testReviewBookingFlow" time="221.464"/>
  <testcase classname="nuego_automation_project.NuegoBookingTest" name="testPaymentFlow" time="13.183"/>
  <testcase classname="nuego_automation_project.NuegoBookingTest" name="testTicketConfirmationFlow" time="63.11"/>
  <testcase classname="nuego_automation_project.NuegoBookingTest" name="testRescheduleBookingFlow" time="87.897"/>
  <testcase classname="nuego_automation_project.NuegoBookingTest" name="testCancelBookingFlow" time="35.317"/>
</testsuite> <!-- Default test -->
