<?xml version="1.0" encoding="UTF-8"?>
<!-- Generated by org.testng.reporters.JUnitXMLReporter -->
<testsuite ignored="0" hostname="LAP-SUMEDHS" failures="1" tests="7" name="Default test" time="250.637" errors="0" timestamp="2025-11-06T13:33:50 IST">
  <testcase classname="nuego_automation_project.NuegoBookingTest" name="testLogin" time="17.832"/>
  <testcase classname="nuego_automation_project.NuegoBookingTest" name="testHomePageActions" time="13.801"/>
  <testcase classname="nuego_automation_project.NuegoBookingTest" name="testFilters" time="13.126"/>
  <testcase classname="nuego_automation_project.NuegoBookingTest" name="testBusBookingPageActions" time="8.249"/>
  <testcase classname="nuego_automation_project.NuegoBookingTest" name="testSelectSeatAndProceedToPay" time="82.512"/>
  <testcase classname="nuego_automation_project.NuegoBookingTest" name="testReviewBookingFlow" time="48.714"/>
  <testcase classname="nuego_automation_project.NuegoBookingTest" name="testPaymentFlow" time="62.759">
    <failure type="java.lang.AssertionError" message="Timeout: Element not clickable → By.xpath: /html[1]/body[1]/div[1]/div[1]/div[1]/div[1]/div[2]/div[1]/div[3]/div[1]/div[2]/div[2]/div[1]/div[1]/div[1]/div[2]/div[3]/div[1]/div[1]/article[1]">
      <![CDATA[java.lang.AssertionError: Timeout: Element not clickable → By.xpath: /html[1]/body[1]/div[1]/div[1]/div[1]/div[1]/div[2]/div[1]/div[3]/div[1]/div[2]/div[2]/div[1]/div[1]/div[1]/div[2]/div[3]/div[1]/div[1]/article[1]
at nuego_automation_project.Payment_Mode.clickElement(Payment_Mode.java:110)
at nuego_automation_project.Payment_Mode.selectNetBanking(Payment_Mode.java:35)
at nuego_automation_project.NuegoBookingTest.testPaymentFlow(NuegoBookingTest.java:219)
at java.base/jdk.internal.reflect.DirectMethodHandleAccessor.invoke(DirectMethodHandleAccessor.java:103)
at java.base/java.lang.reflect.Method.invoke(Method.java:580)
at org.testng.internal.invokers.MethodInvocationHelper.invokeMethod(MethodInvocationHelper.java:141)
at org.testng.internal.invokers.TestInvoker.invokeMethod(TestInvoker.java:686)
at org.testng.internal.invokers.TestInvoker.invokeTestMethod(TestInvoker.java:230)
at org.testng.internal.invokers.MethodRunner.runInSequence(MethodRunner.java:63)
at org.testng.internal.invokers.TestInvoker$MethodInvocationAgent.invoke(TestInvoker.java:992)
at org.testng.internal.invokers.TestInvoker.invokeTestMethods(TestInvoker.java:203)
at org.testng.internal.invokers.TestMethodWorker.invokeTestMethods(TestMethodWorker.java:154)
at org.testng.internal.invokers.TestMethodWorker.run(TestMethodWorker.java:134)
at java.base/java.util.ArrayList.forEach(ArrayList.java:1596)
at org.testng.TestRunner.privateRun(TestRunner.java:739)
at org.testng.TestRunner.run(TestRunner.java:614)
at org.testng.SuiteRunner.runTest(SuiteRunner.java:421)
at org.testng.SuiteRunner.runSequentially(SuiteRunner.java:413)
at org.testng.SuiteRunner.privateRun(SuiteRunner.java:373)
at org.testng.SuiteRunner.run(SuiteRunner.java:312)
at org.testng.SuiteRunnerWorker.runSuite(SuiteRunnerWorker.java:52)
at org.testng.SuiteRunnerWorker.run(SuiteRunnerWorker.java:95)
at org.testng.TestNG.runSuitesSequentially(TestNG.java:1274)
at org.testng.TestNG.runSuitesLocally(TestNG.java:1208)
at org.testng.TestNG.runSuites(TestNG.java:1112)
at org.testng.TestNG.run(TestNG.java:1079)
at org.testng.remote.AbstractRemoteTestNG.run(AbstractRemoteTestNG.java:115)
at org.testng.remote.RemoteTestNG.initAndRun(RemoteTestNG.java:293)
at org.testng.remote.RemoteTestNG.main(RemoteTestNG.java:91)
]]>
    </failure>
  </testcase> <!-- testPaymentFlow -->
</testsuite> <!-- Default test -->
