<?xml version="1.0" encoding="UTF-8"?>
<!-- Generated by org.testng.reporters.JUnitXMLReporter -->
<testsuite ignored="0" hostname="LAP-SUMEDHS" failures="0" tests="11" name="Default test" time="586.556" errors="0" timestamp="2025-12-01T16:40:48 IST">
  <testcase classname="nuego_automation_project.NuegoBookingTest" name="testLogin" time="2.17"/>
  <testcase classname="nuego_automation_project.NuegoBookingTest" name="testAddMoneyToWallet" time="81.158"/>
  <testcase classname="nuego_automation_project.NuegoBookingTest" name="testHomePageActions" time="21.124"/>
  <testcase classname="nuego_automation_project.NuegoBookingTest" name="testFilters" time="11.286"/>
  <testcase classname="nuego_automation_project.NuegoBookingTest" name="testBusBookingPageActions" time="8.225"/>
  <testcase classname="nuego_automation_project.NuegoBookingTest" name="testSelectSeatAndProceedToPay" time="28.898"/>
  <testcase classname="nuego_automation_project.NuegoBookingTest" name="testReviewBookingFlow" time="192.656"/>
  <testcase classname="nuego_automation_project.NuegoBookingTest" name="testPaymentFlow" time="21.366"/>
  <testcase classname="nuego_automation_project.NuegoBookingTest" name="testTicketConfirmationFlow" time="61.452"/>
  <testcase classname="nuego_automation_project.NuegoBookingTest" name="testRescheduleBookingFlow" time="119.181"/>
  <testcase classname="nuego_automation_project.NuegoBookingTest" name="testCancelBookingFlow" time="35.882"/>
</testsuite> <!-- Default test -->
