<?xml version="1.0" encoding="UTF-8"?>
<!-- Generated by org.testng.reporters.JUnitXMLReporter -->
<testsuite ignored="0" hostname="LAP-SUMEDHS" failures="0" tests="7" name="Default test" time="35.126" errors="0" timestamp="2025-11-04T17:33:08 IST">
  <testcase classname="nuego_automation_project.NuegoBookingTest" name="testLogin" time="31.325"/>
  <testcase classname="nuego_automation_project.NuegoBookingTest" name="testHomePageActions" time="0.013"/>
  <testcase classname="nuego_automation_project.NuegoBookingTest" name="testFilters" time="0.013"/>
  <testcase classname="nuego_automation_project.NuegoBookingTest" name="testBusBookingPageActions" time="0.01"/>
  <testcase classname="nuego_automation_project.NuegoBookingTest" name="testSelectSeatAndProceedToPay" time="0.01"/>
  <testcase classname="nuego_automation_project.NuegoBookingTest" name="testReviewBookingFlow" time="0.006"/>
  <testcase classname="nuego_automation_project.NuegoBookingTest" name="testPaymentFlow" time="0.009"/>
</testsuite> <!-- Default test -->
