<?xml version="1.0" encoding="UTF-8"?>
<!-- Generated by org.testng.reporters.JUnitXMLReporter -->
<testsuite ignored="0" hostname="LAP-SUMEDHS" failures="0" tests="7" name="Default test" time="278.627" errors="0" timestamp="2025-11-18T13:04:56 IST">
  <testcase classname="nuego_automation_project.NuegoBookingTest" name="testLogin" time="6.873"/>
  <testcase classname="nuego_automation_project.NuegoBookingTest" name="testHomePageActions" time="23.058"/>
  <testcase classname="nuego_automation_project.NuegoBookingTest" name="testFilters" time="14.078"/>
  <testcase classname="nuego_automation_project.NuegoBookingTest" name="testBusBookingPageActions" time="8.53"/>
  <testcase classname="nuego_automation_project.NuegoBookingTest" name="testSelectSeatAndProceedToPay" time="116.706"/>
  <testcase classname="nuego_automation_project.NuegoBookingTest" name="testReviewBookingFlow" time="59.99"/>
  <testcase classname="nuego_automation_project.NuegoBookingTest" name="testPaymentFlow" time="43.019"/>
</testsuite> <!-- Default test -->
