<?xml version="1.0" encoding="UTF-8"?>
<!-- Generated by org.testng.reporters.JUnitXMLReporter -->
<testsuite ignored="0" hostname="LAP-SUMEDHS" failures="0" tests="11" name="Default test" time="166.109" errors="0" timestamp="2025-11-24T13:24:09 IST">
  <testcase classname="nuego_automation_project.NuegoBookingTest" name="testLogin" time="3.741"/>
  <testcase classname="nuego_automation_project.NuegoBookingTest" name="testAddMoneyToWallet" time="69.899"/>
  <testcase classname="nuego_automation_project.NuegoBookingTest" name="testHomePageActions" time="21.036"/>
  <testcase classname="nuego_automation_project.NuegoBookingTest" name="testFilters" time="10.515"/>
  <testcase classname="nuego_automation_project.NuegoBookingTest" name="testBusBookingPageActions" time="8.242"/>
  <testcase classname="nuego_automation_project.NuegoBookingTest" name="testSelectSeatAndProceedToPay" time="22.334"/>
  <testcase classname="nuego_automation_project.NuegoBookingTest" name="testReviewBookingFlow" time="27.832"/>
  <testcase classname="nuego_automation_project.NuegoBookingTest" name="testPaymentFlow" time="0.016">
    <skipped/>
  </testcase> <!-- testPaymentFlow -->
  <testcase classname="nuego_automation_project.NuegoBookingTest" name="testTicketConfirmationFlow" time="0.0">
    <skipped/>
  </testcase> <!-- testTicketConfirmationFlow -->
  <testcase classname="nuego_automation_project.NuegoBookingTest" name="testRescheduleBookingFlow" time="0.0">
    <skipped/>
  </testcase> <!-- testRescheduleBookingFlow -->
  <testcase classname="nuego_automation_project.NuegoBookingTest" name="testCancelBookingFlow" time="0.0">
    <skipped/>
  </testcase> <!-- testCancelBookingFlow -->
</testsuite> <!-- Default test -->
