<?xml version="1.0" encoding="UTF-8"?>
<!-- Generated by org.testng.reporters.JUnitXMLReporter -->
<testsuite ignored="0" hostname="LAP-SUMEDHS" failures="0" tests="3" name="Default test" time="48.049" errors="0" timestamp="2025-10-27T11:55:17 IST">
  <testcase classname="nuego_automation_project.NuegoBookingTest" name="testHomePageActions" time="15.189"/>
  <testcase classname="nuego_automation_project.NuegoBookingTest" name="testFilters" time="11.887"/>
  <testcase classname="nuego_automation_project.NuegoBookingTest" name="testSeatSelectionAndBooking" time="18.947"/>
</testsuite> <!-- Default test -->
