<?xml version="1.0" encoding="UTF-8"?>
<!-- Generated by org.testng.reporters.JUnitXMLReporter -->
<testsuite ignored="0" hostname="LAP-SUMEDHS" failures="0" tests="7" name="Default test" time="23.273" errors="0" timestamp="2025-11-04T14:53:09 IST">
  <testcase classname="nuego_automation_project.NuegoBookingTest" name="testLogin" time="19.519"/>
  <testcase classname="nuego_automation_project.NuegoBookingTest" name="testHomePageActions" time="0.032"/>
  <testcase classname="nuego_automation_project.NuegoBookingTest" name="testFilters" time="0.016"/>
  <testcase classname="nuego_automation_project.NuegoBookingTest" name="testBusBookingPageActions" time="0.007"/>
  <testcase classname="nuego_automation_project.NuegoBookingTest" name="testSelectSeatAndProceedToPay" time="0.034"/>
  <testcase classname="nuego_automation_project.NuegoBookingTest" name="testReviewBookingFlow" time="0.0"/>
  <testcase classname="nuego_automation_project.NuegoBookingTest" name="testPaymentFlow" time="0.012"/>
</testsuite> <!-- Default test -->
