<?xml version="1.0" encoding="UTF-8"?>
<!-- Generated by org.testng.reporters.JUnitXMLReporter -->
<testsuite ignored="0" hostname="LAP-SUMEDHS" failures="0" tests="11" name="Default test" time="563.317" errors="0" timestamp="2025-12-02T14:45:38 IST">
  <testcase classname="nuego_automation_project.NuegoBookingTest" name="testLogin" time="2.195"/>
  <testcase classname="nuego_automation_project.NuegoBookingTest" name="testAddMoneyToWallet" time="59.182"/>
  <testcase classname="nuego_automation_project.NuegoBookingTest" name="testHomePageActions" time="21.873"/>
  <testcase classname="nuego_automation_project.NuegoBookingTest" name="testFilters" time="11.706"/>
  <testcase classname="nuego_automation_project.NuegoBookingTest" name="testBusBookingPageActions" time="8.266"/>
  <testcase classname="nuego_automation_project.NuegoBookingTest" name="testSelectSeatAndProceedToPay" time="27.34"/>
  <testcase classname="nuego_automation_project.NuegoBookingTest" name="testReviewBookingFlow" time="223.634"/>
  <testcase classname="nuego_automation_project.NuegoBookingTest" name="testPaymentFlow" time="13.548"/>
  <testcase classname="nuego_automation_project.NuegoBookingTest" name="testTicketConfirmationFlow" time="58.344"/>
  <testcase classname="nuego_automation_project.NuegoBookingTest" name="testRescheduleBookingFlow" time="94.756"/>
  <testcase classname="nuego_automation_project.NuegoBookingTest" name="testCancelBookingFlow" time="35.124"/>
</testsuite> <!-- Default test -->
