{"uuid":"ee97e186-b2bd-4c50-b145-4a9846e88077","name":"nuego_automation_project.NuegoBookingTest","children":["ce9bfd07-3190-4fae-ae1c-f40bb430002e","56831eec-8fdb-4007-bf36-26d59067be21","b01f4ce5-9179-4bdc-9eb2-270cc00ad348","5041def3-0752-4e28-b430-09d9b2819163","b829c781-e4e5-413d-be7a-159951837edf","8f00ab8f-aa9b-4db2-9781-da1d8b8b00c9","0d03e237-44b4-4843-924c-d851bdd724c7","910fdaa3-85fa-488f-837d-02a423de966d","fb04b4a7-5382-484f-b8e3-701b2bf733d0"],"befores":[{"name":"setUp","status":"broken","statusDetails":{"known":false,"muted":false,"flaky":false,"message":"Illegal char <:> at index 65: C:\\Users\\sumedh.sonawane\\Desktop\\Nuego_Web_Automation\\automationC:\\Users\\sumedh.sonawane\\Desktop\\Nuego_Web_Automation\\automation\\target\\ExtentReports/screenshots","trace":"java.nio.file.InvalidPathException: Illegal char <:> at index 65: C:\\Users\\sumedh.sonawane\\Desktop\\Nuego_Web_Automation\\automationC:\\Users\\sumedh.sonawane\\Desktop\\Nuego_Web_Automation\\automation\\target\\ExtentReports/screenshots\r\n\tat java.base/sun.nio.fs.WindowsPathParser.normalize(WindowsPathParser.java:182)\r\n\tat java.base/sun.nio.fs.WindowsPathParser.parse(WindowsPathParser.java:153)\r\n\tat java.base/sun.nio.fs.WindowsPathParser.parse(WindowsPathParser.java:77)\r\n\tat java.base/sun.nio.fs.WindowsPath.parse(WindowsPath.java:92)\r\n\tat java.base/sun.nio.fs.WindowsFileSystem.getPath(WindowsFileSystem.java:232)\r\n\tat java.base/java.nio.file.Path.of(Path.java:147)\r\n\tat java.base/java.nio.file.Paths.get(Paths.java:69)\r\n\tat nuego_automation_project.NuegoBookingTest.setUp(NuegoBookingTest.java:50)\r\n\tat java.base/jdk.internal.reflect.NativeMethodAccessorImpl.invoke0(Native Method)\r\n\tat java.base/jdk.internal.reflect.NativeMethodAccessorImpl.invoke(NativeMethodAccessorImpl.java:77)\r\n\tat java.base/jdk.internal.reflect.DelegatingMethodAccessorImpl.invoke(DelegatingMethodAccessorImpl.java:43)\r\n\tat java.base/java.lang.reflect.Method.invoke(Method.java:568)\r\n\tat org.testng.internal.invokers.MethodInvocationHelper.invokeMethod(MethodInvocationHelper.java:141)\r\n\tat org.testng.internal.invokers.MethodInvocationHelper.invokeMethodConsideringTimeout(MethodInvocationHelper.java:71)\r\n\tat org.testng.internal.invokers.ConfigInvoker.invokeConfigurationMethod(ConfigInvoker.java:400)\r\n\tat org.testng.internal.invokers.ConfigInvoker.invokeConfigurations(ConfigInvoker.java:333)\r\n\tat org.testng.internal.invokers.TestMethodWorker.invokeBeforeClassMethods(TestMethodWorker.java:188)\r\n\tat org.testng.internal.invokers.TestMethodWorker.run(TestMethodWorker.java:128)\r\n\tat java.base/java.util.ArrayList.forEach(ArrayList.java:1511)\r\n\tat org.testng.TestRunner.privateRun(TestRunner.java:739)\r\n\tat org.testng.TestRunner.run(TestRunner.java:614)\r\n\tat org.testng.SuiteRunner.runTest(SuiteRunner.java:421)\r\n\tat org.testng.SuiteRunner.runSequentially(SuiteRunner.java:413)\r\n\tat org.testng.SuiteRunner.privateRun(SuiteRunner.java:373)\r\n\tat org.testng.SuiteRunner.run(SuiteRunner.java:312)\r\n\tat org.testng.SuiteRunnerWorker.runSuite(SuiteRunnerWorker.java:52)\r\n\tat org.testng.SuiteRunnerWorker.run(SuiteRunnerWorker.java:95)\r\n\tat org.testng.TestNG.runSuitesSequentially(TestNG.java:1274)\r\n\tat org.testng.TestNG.runSuitesLocally(TestNG.java:1208)\r\n\tat org.testng.TestNG.runSuites(TestNG.java:1112)\r\n\tat org.testng.TestNG.run(TestNG.java:1079)\r\n\tat org.apache.maven.surefire.testng.TestNGExecutor.run(TestNGExecutor.java:308)\r\n\tat org.apache.maven.surefire.testng.TestNGXmlTestSuite.execute(TestNGXmlTestSuite.java:71)\r\n\tat org.apache.maven.surefire.testng.TestNGProvider.invoke(TestNGProvider.java:113)\r\n\tat org.apache.maven.surefire.booter.ForkedBooter.runSuitesInProcess(ForkedBooter.java:385)\r\n\tat org.apache.maven.surefire.booter.ForkedBooter.execute(ForkedBooter.java:162)\r\n\tat org.apache.maven.surefire.booter.ForkedBooter.run(ForkedBooter.java:507)\r\n\tat org.apache.maven.surefire.booter.ForkedBooter.main(ForkedBooter.java:495)\r\n"},"stage":"finished","description":"","steps":[],"attachments":[],"parameters":[],"start":1762674762866,"stop":1762674762887}],"afters":[{"name":"tearDown","status":"broken","statusDetails":{"known":false,"muted":false,"flaky":false,"message":"Illegal char <:> at index 65: C:\\Users\\sumedh.sonawane\\Desktop\\Nuego_Web_Automation\\automationC:\\Users\\sumedh.sonawane\\Desktop\\Nuego_Web_Automation\\automation\\target\\ExtentReportsC:\\Users\\sumedh.sonawane\\Desktop\\Nuego_Web_Automation\\automation\\target\\ExtentReports","trace":"java.nio.file.InvalidPathException: Illegal char <:> at index 65: C:\\Users\\sumedh.sonawane\\Desktop\\Nuego_Web_Automation\\automationC:\\Users\\sumedh.sonawane\\Desktop\\Nuego_Web_Automation\\automation\\target\\ExtentReportsC:\\Users\\sumedh.sonawane\\Desktop\\Nuego_Web_Automation\\automation\\target\\ExtentReports\r\n\tat java.base/sun.nio.fs.WindowsPathParser.normalize(WindowsPathParser.java:182)\r\n\tat java.base/sun.nio.fs.WindowsPathParser.parse(WindowsPathParser.java:153)\r\n\tat java.base/sun.nio.fs.WindowsPathParser.parse(WindowsPathParser.java:77)\r\n\tat java.base/sun.nio.fs.WindowsPath.parse(WindowsPath.java:92)\r\n\tat java.base/sun.nio.fs.WindowsFileSystem.getPath(WindowsFileSystem.java:232)\r\n\tat java.base/java.nio.file.Path.of(Path.java:147)\r\n\tat java.base/java.nio.file.Paths.get(Paths.java:69)\r\n\tat utils.EmailUtils.sendEmail(EmailUtils.java:55)\r\n\tat nuego_automation_project.NuegoBookingTest.tearDown(NuegoBookingTest.java:268)\r\n\tat java.base/jdk.internal.reflect.NativeMethodAccessorImpl.invoke0(Native Method)\r\n\tat java.base/jdk.internal.reflect.NativeMethodAccessorImpl.invoke(NativeMethodAccessorImpl.java:77)\r\n\tat java.base/jdk.internal.reflect.DelegatingMethodAccessorImpl.invoke(DelegatingMethodAccessorImpl.java:43)\r\n\tat java.base/java.lang.reflect.Method.invoke(Method.java:568)\r\n\tat org.testng.internal.invokers.MethodInvocationHelper.invokeMethod(MethodInvocationHelper.java:141)\r\n\tat org.testng.internal.invokers.MethodInvocationHelper.invokeMethodConsideringTimeout(MethodInvocationHelper.java:71)\r\n\tat org.testng.internal.invokers.ConfigInvoker.invokeConfigurationMethod(ConfigInvoker.java:400)\r\n\tat org.testng.internal.invokers.ConfigInvoker.invokeConfigurations(ConfigInvoker.java:333)\r\n\tat org.testng.internal.invokers.TestMethodWorker.invokeAfterClassConfigurations(TestMethodWorker.java:238)\r\n\tat org.testng.internal.invokers.TestMethodWorker.invokeAfterClassMethods(TestMethodWorker.java:223)\r\n\tat org.testng.internal.invokers.TestMethodWorker.run(TestMethodWorker.java:137)\r\n\tat java.base/java.util.ArrayList.forEach(ArrayList.java:1511)\r\n\tat org.testng.TestRunner.privateRun(TestRunner.java:739)\r\n\tat org.testng.TestRunner.run(TestRunner.java:614)\r\n\tat org.testng.SuiteRunner.runTest(SuiteRunner.java:421)\r\n\tat org.testng.SuiteRunner.runSequentially(SuiteRunner.java:413)\r\n\tat org.testng.SuiteRunner.privateRun(SuiteRunner.java:373)\r\n\tat org.testng.SuiteRunner.run(SuiteRunner.java:312)\r\n\tat org.testng.SuiteRunnerWorker.runSuite(SuiteRunnerWorker.java:52)\r\n\tat org.testng.SuiteRunnerWorker.run(SuiteRunnerWorker.java:95)\r\n\tat org.testng.TestNG.runSuitesSequentially(TestNG.java:1274)\r\n\tat org.testng.TestNG.runSuitesLocally(TestNG.java:1208)\r\n\tat org.testng.TestNG.runSuites(TestNG.java:1112)\r\n\tat org.testng.TestNG.run(TestNG.java:1079)\r\n\tat org.apache.maven.surefire.testng.TestNGExecutor.run(TestNGExecutor.java:308)\r\n\tat org.apache.maven.surefire.testng.TestNGXmlTestSuite.execute(TestNGXmlTestSuite.java:71)\r\n\tat org.apache.maven.surefire.testng.TestNGProvider.invoke(TestNGProvider.java:113)\r\n\tat org.apache.maven.surefire.booter.ForkedBooter.runSuitesInProcess(ForkedBooter.java:385)\r\n\tat org.apache.maven.surefire.booter.ForkedBooter.execute(ForkedBooter.java:162)\r\n\tat org.apache.maven.surefire.booter.ForkedBooter.run(ForkedBooter.java:507)\r\n\tat org.apache.maven.surefire.booter.ForkedBooter.main(ForkedBooter.java:495)\r\n"},"stage":"finished","description":"","steps":[],"attachments":[],"parameters":[],"start":1762674763647,"stop":1762674764812}],"start":1762674762727,"stop":1762674764856}