<?xml version="1.0" encoding="UTF-8"?>
<!-- Generated by org.testng.reporters.JUnitXMLReporter -->
<testsuite ignored="0" hostname="LAP-SUMEDHS" failures="1" tests="7" name="NueGo Functional Tests" time="216.938" errors="0" timestamp="2025-11-09T13:53:30 IST">
  <testcase classname="nuego_automation_project.NuegoBookingTest" name="testLogin" time="11.107"/>
  <testcase classname="nuego_automation_project.NuegoBookingTest" name="testHomePageActions" time="23.831"/>
  <testcase classname="nuego_automation_project.NuegoBookingTest" name="testFilters" time="14.553"/>
  <testcase classname="nuego_automation_project.NuegoBookingTest" name="testBusBookingPageActions" time="8.528"/>
  <testcase classname="nuego_automation_project.NuegoBookingTest" name="testSelectSeatAndProceedToPay" time="21.659"/>
  <testcase classname="nuego_automation_project.NuegoBookingTest" name="testReviewBookingFlow" time="60.532"/>
  <testcase classname="nuego_automation_project.NuegoBookingTest" name="testPaymentFlow" time="64.494">
    <failure type="java.lang.AssertionError" message="Timeout: Element not clickable → By.xpath: /html[1]/body[1]/div[1]/div[1]/div[1]/div[1]/div[2]/div[1]/div[3]/div[1]/div[2]/div[2]/div[1]/div[2]/div[1]/div[2]/div[1]/div[2]/div[1]/div[2]/div[1]/div[1]/div[4]/div[1]/div[1]/div[2]">
      <![CDATA[java.lang.AssertionError: Timeout: Element not clickable → By.xpath: /html[1]/body[1]/div[1]/div[1]/div[1]/div[1]/div[2]/div[1]/div[3]/div[1]/div[2]/div[2]/div[1]/div[2]/div[1]/div[2]/div[1]/div[2]/div[1]/div[2]/div[1]/div[1]/div[4]/div[1]/div[1]/div[2]
at nuego_automation_project.Payment_Mode.clickElement(Payment_Mode.java:110)
at nuego_automation_project.Payment_Mode.clickProceedToPay(Payment_Mode.java:51)
at nuego_automation_project.NuegoBookingTest.testPaymentFlow(NuegoBookingTest.java:223)
at java.base/java.util.ArrayList.forEach(ArrayList.java:1511)
... Removed 31 stack frames]]>
    </failure>
  </testcase> <!-- testPaymentFlow -->
</testsuite> <!-- NueGo Functional Tests -->
