<?xml version="1.0" encoding="UTF-8"?>
<!-- Generated by org.testng.reporters.JUnitXMLReporter -->
<testsuite ignored="0" hostname="LAP-SUMEDHS" failures="1" tests="11" name="NueGo Functional Tests" time="159.031" errors="0" timestamp="2025-11-19T16:24:33 IST">
  <testcase classname="nuego_automation_project.NuegoBookingTest" name="testLogin" time="77.958">
    <skipped/>
  </testcase> <!-- testLogin -->
  <testcase classname="nuego_automation_project.NuegoBookingTest" name="testLogin" time="35.716">
    <skipped/>
  </testcase> <!-- testLogin -->
  <testcase classname="nuego_automation_project.NuegoBookingTest" name="testLogin" time="33.269">
    <failure type="java.lang.AssertionError" message="Login failed: Login failed: element click intercepted: Element &amp;lt;img src=&amp;quot;/static/media/profile.fdbf0d3a866b38196f43cf1587d719bd.svg&amp;quot; alt=&amp;quot;Profile&amp;quot; class=&amp;quot;mr-2 profile-picture&amp;quot; loading=&amp;quot;lazy&amp;quot;&amp;gt; is not clickable at point (1221, 51). Other element would receive the click: &amp;lt;div class=&amp;quot;modal-backdrop fade show&amp;quot;&amp;gt;&amp;lt;/div&amp;gt;
  (Session info: chrome=142.0.7444.134)
Build info: version: &amp;apos;4.21.0&amp;apos;, revision: &amp;apos;79ed462ef4&amp;apos;
System info: os.name: &amp;apos;Windows 11&amp;apos;, os.arch: &amp;apos;amd64&amp;apos;, os.version: &amp;apos;10.0&amp;apos;, java.version: &amp;apos;17.0.12&amp;apos;
Driver info: org.openqa.selenium.chrome.ChromeDriver
Command: [05babee2d4878d1c18b07a3fa54ad117, clickElement {id=f.C2431E621887CD24F69DE2BE83697231.d.CDD579FA2AF375A907A0EA15E78E3EBD.e.330}]
Capabilities {acceptInsecureCerts: false, browserName: chrome, browserVersion: 142.0.7444.134, chrome: {chromedriverVersion: 142.0.7444.175 (302067f14a4..., userDataDir: C:\Users\SUMEDH~1.SON\AppDa...}, fedcm:accounts: true, goog:chromeOptions: {debuggerAddress: localhost:51694}, goog:processID: 22028, networkConnectionEnabled: false, pageLoadStrategy: normal, platformName: windows, proxy: Proxy(), se:cdp: ws://localhost:51694/devtoo..., se:cdpVersion: 142.0.7444.134, setWindowRect: true, strictFileInteractability: false, timeouts: {implicit: 0, pageLoad: 300000, script: 30000}, unhandledPromptBehavior: dismiss and notify, webauthn:extension:credBlob: true, webauthn:extension:largeBlob: true, webauthn:extension:minPinLength: true, webauthn:extension:prf: true, webauthn:virtualAuthenticators: true}
Element: [[ChromeDriver: chrome on windows (05babee2d4878d1c18b07a3fa54ad117)] -&amp;gt; xpath: //img[@alt=&amp;apos;Profile&amp;apos;]]
Session ID: 05babee2d4878d1c18b07a3fa54ad117">
      <![CDATA[java.lang.AssertionError: Login failed: Login failed: element click intercepted: Element <img src="/static/media/profile.fdbf0d3a866b38196f43cf1587d719bd.svg" alt="Profile" class="mr-2 profile-picture" loading="lazy"> is not clickable at point (1221, 51). Other element would receive the click: <div class="modal-backdrop fade show"></div>
  (Session info: chrome=142.0.7444.134)
Build info: version: '4.21.0', revision: '79ed462ef4'
System info: os.name: 'Windows 11', os.arch: 'amd64', os.version: '10.0', java.version: '17.0.12'
Driver info: org.openqa.selenium.chrome.ChromeDriver
Command: [05babee2d4878d1c18b07a3fa54ad117, clickElement {id=f.C2431E621887CD24F69DE2BE83697231.d.CDD579FA2AF375A907A0EA15E78E3EBD.e.330}]
Capabilities {acceptInsecureCerts: false, browserName: chrome, browserVersion: 142.0.7444.134, chrome: {chromedriverVersion: 142.0.7444.175 (302067f14a4..., userDataDir: C:\Users\SUMEDH~1.SON\AppDa...}, fedcm:accounts: true, goog:chromeOptions: {debuggerAddress: localhost:51694}, goog:processID: 22028, networkConnectionEnabled: false, pageLoadStrategy: normal, platformName: windows, proxy: Proxy(), se:cdp: ws://localhost:51694/devtoo..., se:cdpVersion: 142.0.7444.134, setWindowRect: true, strictFileInteractability: false, timeouts: {implicit: 0, pageLoad: 300000, script: 30000}, unhandledPromptBehavior: dismiss and notify, webauthn:extension:credBlob: true, webauthn:extension:largeBlob: true, webauthn:extension:minPinLength: true, webauthn:extension:prf: true, webauthn:virtualAuthenticators: true}
Element: [[ChromeDriver: chrome on windows (05babee2d4878d1c18b07a3fa54ad117)] -> xpath: //img[@alt='Profile']]
Session ID: 05babee2d4878d1c18b07a3fa54ad117
at nuego_automation_project.NuegoBookingTest.handleFailure(NuegoBookingTest.java:396)
at nuego_automation_project.NuegoBookingTest.testLogin(NuegoBookingTest.java:91)
at java.base/java.util.ArrayList.forEach(ArrayList.java:1511)
... Removed 32 stack frames]]>
    </failure>
  </testcase> <!-- testLogin -->
  <testcase classname="nuego_automation_project.NuegoBookingTest" name="testHomePageActions" time="0.0">
    <skipped/>
  </testcase> <!-- testHomePageActions -->
  <testcase classname="nuego_automation_project.NuegoBookingTest" name="testFilters" time="0.0">
    <skipped/>
  </testcase> <!-- testFilters -->
  <testcase classname="nuego_automation_project.NuegoBookingTest" name="testBusBookingPageActions" time="0.0">
    <skipped/>
  </testcase> <!-- testBusBookingPageActions -->
  <testcase classname="nuego_automation_project.NuegoBookingTest" name="testSelectSeatAndProceedToPay" time="0.0">
    <skipped/>
  </testcase> <!-- testSelectSeatAndProceedToPay -->
  <testcase classname="nuego_automation_project.NuegoBookingTest" name="testReviewBookingFlow" time="0.0">
    <skipped/>
  </testcase> <!-- testReviewBookingFlow -->
  <testcase classname="nuego_automation_project.NuegoBookingTest" name="testPaymentFlow" time="0.0">
    <skipped/>
  </testcase> <!-- testPaymentFlow -->
  <testcase classname="nuego_automation_project.NuegoBookingTest" name="testTicketConfirmationFlow" time="0.0">
    <skipped/>
  </testcase> <!-- testTicketConfirmationFlow -->
  <testcase classname="nuego_automation_project.NuegoBookingTest" name="testRescheduleBookingFlow" time="0.0">
    <skipped/>
  </testcase> <!-- testRescheduleBookingFlow -->
</testsuite> <!-- NueGo Functional Tests -->
