<?xml version="1.0" encoding="UTF-8"?>
<!-- Generated by org.testng.reporters.JUnitXMLReporter -->
<testsuite ignored="0" hostname="LAP-SUMEDHS" failures="0" tests="7" name="NueGo Functional Tests" time="2.125" errors="0" timestamp="2025-11-09T13:22:44 IST">
  <testcase classname="nuego_automation_project.NuegoBookingTest" name="@BeforeClass setUp" time="0.073">
    <failure type="java.nio.file.InvalidPathException" message="Illegal char &amp;lt;:&amp;gt; at index 65: C:\Users\sumedh.sonawane\Desktop\Nuego_Web_Automation\automationC:\Users\sumedh.sonawane\Desktop\Nuego_Web_Automation\automation\target\ExtentReports/screenshots">
      <![CDATA[java.nio.file.InvalidPathException: Illegal char <:> at index 65: C:\Users\sumedh.sonawane\Desktop\Nuego_Web_Automation\automationC:\Users\sumedh.sonawane\Desktop\Nuego_Web_Automation\automation\target\ExtentReports/screenshots
at java.base/sun.nio.fs.WindowsPathParser.normalize(WindowsPathParser.java:182)
at java.base/sun.nio.fs.WindowsPathParser.parse(WindowsPathParser.java:153)
at java.base/sun.nio.fs.WindowsPathParser.parse(WindowsPathParser.java:77)
at java.base/sun.nio.fs.WindowsPath.parse(WindowsPath.java:92)
at java.base/sun.nio.fs.WindowsFileSystem.getPath(WindowsFileSystem.java:232)
at java.base/java.nio.file.Path.of(Path.java:147)
at java.base/java.nio.file.Paths.get(Paths.java:69)
at nuego_automation_project.NuegoBookingTest.setUp(NuegoBookingTest.java:50)
at java.base/java.util.ArrayList.forEach(ArrayList.java:1511)
... Removed 29 stack frames]]>
    </failure>
  </testcase> <!-- @BeforeClass setUp -->
  <testcase classname="nuego_automation_project.NuegoBookingTest" name="@AfterClass tearDown" time="1.167">
    <failure type="java.nio.file.InvalidPathException" message="Illegal char &amp;lt;:&amp;gt; at index 65: C:\Users\sumedh.sonawane\Desktop\Nuego_Web_Automation\automationC:\Users\sumedh.sonawane\Desktop\Nuego_Web_Automation\automation\target\ExtentReportsC:\Users\sumedh.sonawane\Desktop\Nuego_Web_Automation\automation\target\ExtentReports">
      <![CDATA[java.nio.file.InvalidPathException: Illegal char <:> at index 65: C:\Users\sumedh.sonawane\Desktop\Nuego_Web_Automation\automationC:\Users\sumedh.sonawane\Desktop\Nuego_Web_Automation\automation\target\ExtentReportsC:\Users\sumedh.sonawane\Desktop\Nuego_Web_Automation\automation\target\ExtentReports
at java.base/sun.nio.fs.WindowsPathParser.normalize(WindowsPathParser.java:182)
at java.base/sun.nio.fs.WindowsPathParser.parse(WindowsPathParser.java:153)
at java.base/sun.nio.fs.WindowsPathParser.parse(WindowsPathParser.java:77)
at java.base/sun.nio.fs.WindowsPath.parse(WindowsPath.java:92)
at java.base/sun.nio.fs.WindowsFileSystem.getPath(WindowsFileSystem.java:232)
at java.base/java.nio.file.Path.of(Path.java:147)
at java.base/java.nio.file.Paths.get(Paths.java:69)
at utils.EmailUtils.sendEmail(EmailUtils.java:55)
at nuego_automation_project.NuegoBookingTest.tearDown(NuegoBookingTest.java:268)
at java.base/java.util.ArrayList.forEach(ArrayList.java:1511)
... Removed 30 stack frames]]>
    </failure>
  </testcase> <!-- @AfterClass tearDown -->
  <testcase classname="nuego_automation_project.NuegoBookingTest" name="testLogin" time="0.0">
    <skipped/>
  </testcase> <!-- testLogin -->
  <testcase classname="nuego_automation_project.NuegoBookingTest" name="testHomePageActions" time="0.0">
    <skipped/>
  </testcase> <!-- testHomePageActions -->
  <testcase classname="nuego_automation_project.NuegoBookingTest" name="testFilters" time="0.0">
    <skipped/>
  </testcase> <!-- testFilters -->
  <testcase classname="nuego_automation_project.NuegoBookingTest" name="testBusBookingPageActions" time="0.0">
    <skipped/>
  </testcase> <!-- testBusBookingPageActions -->
  <testcase classname="nuego_automation_project.NuegoBookingTest" name="testSelectSeatAndProceedToPay" time="0.002">
    <skipped/>
  </testcase> <!-- testSelectSeatAndProceedToPay -->
  <testcase classname="nuego_automation_project.NuegoBookingTest" name="testReviewBookingFlow" time="0.0">
    <skipped/>
  </testcase> <!-- testReviewBookingFlow -->
  <testcase classname="nuego_automation_project.NuegoBookingTest" name="testPaymentFlow" time="0.0">
    <skipped/>
  </testcase> <!-- testPaymentFlow -->
</testsuite> <!-- NueGo Functional Tests -->
