<?xml version="1.0" encoding="UTF-8"?>
<!-- Generated by org.testng.reporters.JUnitXMLReporter -->
<testsuite ignored="0" hostname="LAP-SUMEDHS" failures="4" tests="7" name="NueGo Functional Tests" time="279.936" errors="0" timestamp="2025-11-04T17:26:52 IST">
  <testcase classname="nuego_automation_project.NuegoBookingTest" name="testLogin" time="89.277">
    <failure type="java.lang.AssertionError" message="Login failed: Login failed: Expected condition failed: waiting for visibility of Proxy element for: DefaultElementLocator &amp;apos;By.xpath: //input[@aria-label=&amp;apos;Please enter OTP character 1&amp;apos;]&amp;apos; (tried for 30 second(s) with 500 milliseconds interval)">
      <![CDATA[java.lang.AssertionError: Login failed: Login failed: Expected condition failed: waiting for visibility of Proxy element for: DefaultElementLocator 'By.xpath: //input[@aria-label='Please enter OTP character 1']' (tried for 30 second(s) with 500 milliseconds interval)
at nuego_automation_project.NuegoBookingTest.handleFailure(NuegoBookingTest.java:216)
at nuego_automation_project.NuegoBookingTest.testLogin(NuegoBookingTest.java:87)
at java.base/java.util.ArrayList.forEach(ArrayList.java:1511)
... Removed 32 stack frames]]>
    </failure>
  </testcase> <!-- testLogin -->
  <testcase classname="nuego_automation_project.NuegoBookingTest" name="testHomePageActions" time="54.28">
    <failure type="java.lang.AssertionError" message="Home Page test failed: Failed to search bus: element click intercepted: Element &amp;lt;p&amp;gt;...&amp;lt;/p&amp;gt; is not clickable at point (517, 272). Other element would receive the click: &amp;lt;div class=&amp;quot;col-6   auth-display-img-wrap blue-light-F2FAF9-bg position-relative&amp;quot; style=&amp;quot;background-image: url(&amp;amp;quot;https://cdn.nuego.co.in/greencell/assets/images/login_form_Img.png&amp;amp;quot;);&amp;quot;&amp;gt;&amp;lt;/div&amp;gt;
  (Session info: chrome=141.0.7390.123)
Build info: version: &amp;apos;4.21.0&amp;apos;, revision: &amp;apos;79ed462ef4&amp;apos;
System info: os.name: &amp;apos;Windows 11&amp;apos;, os.arch: &amp;apos;amd64&amp;apos;, os.version: &amp;apos;10.0&amp;apos;, java.version: &amp;apos;17.0.12&amp;apos;
Driver info: org.openqa.selenium.chrome.ChromeDriver
Command: [b1dc4e126aab61eb118514c935ef5c9d, clickElement {id=f.5929EB3300DB85E615F2ACA6CD007885.d.1508C0BD2A9FB5ED51EBD68258A860E0.e.12}]
Capabilities {acceptInsecureCerts: false, browserName: chrome, browserVersion: 141.0.7390.123, chrome: {chromedriverVersion: 141.0.7390.122 (b477534e7e1..., userDataDir: C:\Windows\SystemTemp\scope...}, fedcm:accounts: true, goog:chromeOptions: {debuggerAddress: localhost:55220}, networkConnectionEnabled: false, pageLoadStrategy: normal, platformName: windows, proxy: Proxy(), se:cdp: ws://localhost:55220/devtoo..., se:cdpVersion: 141.0.7390.123, setWindowRect: true, strictFileInteractability: false, timeouts: {implicit: 0, pageLoad: 300000, script: 30000}, unhandledPromptBehavior: dismiss and notify, webauthn:extension:credBlob: true, webauthn:extension:largeBlob: true, webauthn:extension:minPinLength: true, webauthn:extension:prf: true, webauthn:virtualAuthenticators: true}
Element: [[ChromeDriver: chrome on windows (b1dc4e126aab61eb118514c935ef5c9d)] -&amp;gt; xpath: //p[normalize-space()=&amp;apos;Seater&amp;apos;]]
Session ID: b1dc4e126aab61eb118514c935ef5c9d">
      <![CDATA[java.lang.AssertionError: Home Page test failed: Failed to search bus: element click intercepted: Element <p>...</p> is not clickable at point (517, 272). Other element would receive the click: <div class="col-6   auth-display-img-wrap blue-light-F2FAF9-bg position-relative" style="background-image: url(&quot;https://cdn.nuego.co.in/greencell/assets/images/login_form_Img.png&quot;);"></div>
  (Session info: chrome=141.0.7390.123)
Build info: version: '4.21.0', revision: '79ed462ef4'
System info: os.name: 'Windows 11', os.arch: 'amd64', os.version: '10.0', java.version: '17.0.12'
Driver info: org.openqa.selenium.chrome.ChromeDriver
Command: [b1dc4e126aab61eb118514c935ef5c9d, clickElement {id=f.5929EB3300DB85E615F2ACA6CD007885.d.1508C0BD2A9FB5ED51EBD68258A860E0.e.12}]
Capabilities {acceptInsecureCerts: false, browserName: chrome, browserVersion: 141.0.7390.123, chrome: {chromedriverVersion: 141.0.7390.122 (b477534e7e1..., userDataDir: C:\Windows\SystemTemp\scope...}, fedcm:accounts: true, goog:chromeOptions: {debuggerAddress: localhost:55220}, networkConnectionEnabled: false, pageLoadStrategy: normal, platformName: windows, proxy: Proxy(), se:cdp: ws://localhost:55220/devtoo..., se:cdpVersion: 141.0.7390.123, setWindowRect: true, strictFileInteractability: false, timeouts: {implicit: 0, pageLoad: 300000, script: 30000}, unhandledPromptBehavior: dismiss and notify, webauthn:extension:credBlob: true, webauthn:extension:largeBlob: true, webauthn:extension:minPinLength: true, webauthn:extension:prf: true, webauthn:virtualAuthenticators: true}
Element: [[ChromeDriver: chrome on windows (b1dc4e126aab61eb118514c935ef5c9d)] -> xpath: //p[normalize-space()='Seater']]
Session ID: b1dc4e126aab61eb118514c935ef5c9d
at nuego_automation_project.NuegoBookingTest.handleFailure(NuegoBookingTest.java:216)
at nuego_automation_project.NuegoBookingTest.testHomePageActions(NuegoBookingTest.java:104)
at java.base/java.util.ArrayList.forEach(ArrayList.java:1511)
... Removed 32 stack frames]]>
    </failure>
  </testcase> <!-- testHomePageActions -->
  <testcase classname="nuego_automation_project.NuegoBookingTest" name="testFilters" time="0.0">
    <skipped/>
  </testcase> <!-- testFilters -->
  <testcase classname="nuego_automation_project.NuegoBookingTest" name="testBusBookingPageActions" time="0.0">
    <skipped/>
  </testcase> <!-- testBusBookingPageActions -->
  <testcase classname="nuego_automation_project.NuegoBookingTest" name="testSelectSeatAndProceedToPay" time="31.242">
    <failure type="java.lang.AssertionError" message="Seat selection and payment test failed: Expected condition failed: waiting for presence of element located by: By.cssSelector: div[id*=&amp;apos;seat&amp;apos;] (tried for 25 second(s) with 500 milliseconds interval)">
      <![CDATA[java.lang.AssertionError: Seat selection and payment test failed: Expected condition failed: waiting for presence of element located by: By.cssSelector: div[id*='seat'] (tried for 25 second(s) with 500 milliseconds interval)
at nuego_automation_project.NuegoBookingTest.handleFailure(NuegoBookingTest.java:216)
at nuego_automation_project.NuegoBookingTest.testSelectSeatAndProceedToPay(NuegoBookingTest.java:165)
at java.base/java.util.ArrayList.forEach(ArrayList.java:1511)
... Removed 32 stack frames]]>
    </failure>
  </testcase> <!-- testSelectSeatAndProceedToPay -->
  <testcase classname="nuego_automation_project.NuegoBookingTest" name="testReviewBookingFlow" time="36.013"/>
  <testcase classname="nuego_automation_project.NuegoBookingTest" name="testPaymentFlow" time="62.823">
    <failure type="java.lang.AssertionError" message="Timeout: Element not clickable → By.xpath: //div[@id=&amp;apos;1000120&amp;apos;]//article[@role=&amp;apos;none&amp;apos;][normalize-space()=&amp;apos;NetBanking&amp;apos;]">
      <![CDATA[java.lang.AssertionError: Timeout: Element not clickable → By.xpath: //div[@id='1000120']//article[@role='none'][normalize-space()='NetBanking']
at nuego_automation_project.Payment_Mode.clickElement(Payment_Mode.java:110)
at nuego_automation_project.Payment_Mode.selectNetBanking(Payment_Mode.java:35)
at nuego_automation_project.NuegoBookingTest.testPaymentFlow(NuegoBookingTest.java:188)
at java.base/java.util.ArrayList.forEach(ArrayList.java:1511)
... Removed 31 stack frames]]>
    </failure>
  </testcase> <!-- testPaymentFlow -->
</testsuite> <!-- NueGo Functional Tests -->
