<?xml version="1.0" encoding="UTF-8"?>
<!-- Generated by org.testng.reporters.JUnitXMLReporter -->
<testsuite ignored="0" hostname="LAP-SUMEDHS" failures="1" tests="12" name="NueGo Functional Tests" time="592.934" errors="0" timestamp="2025-12-01T17:15:09 IST">
  <testcase classname="nuego_automation_project.NuegoBookingTest" name="testLogin" time="3.931"/>
  <testcase classname="nuego_automation_project.NuegoBookingTest" name="testAddMoneyToWallet" time="461.234"/>
  <testcase classname="nuego_automation_project.NuegoBookingTest" name="testHomePageActions" time="21.45"/>
  <testcase classname="nuego_automation_project.NuegoBookingTest" name="testFilters" time="51.571">
    <skipped/>
  </testcase> <!-- testFilters -->
  <testcase classname="nuego_automation_project.NuegoBookingTest" name="testFilters" time="51.202">
    <failure type="java.lang.AssertionError" message="Filter test failed: Expected condition failed: waiting for visibility of element located by By.xpath: //div[6]//img[1] (tried for 20 second(s) with 500 milliseconds interval)
Build info: version: &amp;apos;4.21.0&amp;apos;, revision: &amp;apos;79ed462ef4&amp;apos;
System info: os.name: &amp;apos;Windows 11&amp;apos;, os.arch: &amp;apos;amd64&amp;apos;, os.version: &amp;apos;10.0&amp;apos;, java.version: &amp;apos;17.0.12&amp;apos;
Driver info: org.openqa.selenium.chrome.ChromeDriver
Capabilities {acceptInsecureCerts: false, browserName: chrome, browserVersion: 142.0.7444.176, chrome: {chromedriverVersion: 142.0.7444.175 (302067f14a4..., userDataDir: C:\Windows\SystemTemp\scope...}, fedcm:accounts: true, goog:chromeOptions: {debuggerAddress: localhost:56411}, goog:processID: 6396, networkConnectionEnabled: false, pageLoadStrategy: normal, platformName: windows, proxy: Proxy(), se:cdp: ws://localhost:56411/devtoo..., se:cdpVersion: 142.0.7444.176, setWindowRect: true, strictFileInteractability: false, timeouts: {implicit: 0, pageLoad: 300000, script: 30000}, unhandledPromptBehavior: dismiss and notify, webauthn:extension:credBlob: true, webauthn:extension:largeBlob: true, webauthn:extension:minPinLength: true, webauthn:extension:prf: true, webauthn:virtualAuthenticators: true}
Session ID: 44924c66678dbdd297ce253b4bd14cee">
      <![CDATA[java.lang.AssertionError: Filter test failed: Expected condition failed: waiting for visibility of element located by By.xpath: //div[6]//img[1] (tried for 20 second(s) with 500 milliseconds interval)
Build info: version: '4.21.0', revision: '79ed462ef4'
System info: os.name: 'Windows 11', os.arch: 'amd64', os.version: '10.0', java.version: '17.0.12'
Driver info: org.openqa.selenium.chrome.ChromeDriver
Capabilities {acceptInsecureCerts: false, browserName: chrome, browserVersion: 142.0.7444.176, chrome: {chromedriverVersion: 142.0.7444.175 (302067f14a4..., userDataDir: C:\Windows\SystemTemp\scope...}, fedcm:accounts: true, goog:chromeOptions: {debuggerAddress: localhost:56411}, goog:processID: 6396, networkConnectionEnabled: false, pageLoadStrategy: normal, platformName: windows, proxy: Proxy(), se:cdp: ws://localhost:56411/devtoo..., se:cdpVersion: 142.0.7444.176, setWindowRect: true, strictFileInteractability: false, timeouts: {implicit: 0, pageLoad: 300000, script: 30000}, unhandledPromptBehavior: dismiss and notify, webauthn:extension:credBlob: true, webauthn:extension:largeBlob: true, webauthn:extension:minPinLength: true, webauthn:extension:prf: true, webauthn:virtualAuthenticators: true}
Session ID: 44924c66678dbdd297ce253b4bd14cee
at nuego_automation_project.NuegoBookingTest.handleFailure(NuegoBookingTest.java:543)
at nuego_automation_project.NuegoBookingTest.testFilters(NuegoBookingTest.java:220)
at java.base/java.util.ArrayList.forEach(ArrayList.java:1511)
... Removed 32 stack frames]]>
    </failure>
  </testcase> <!-- testFilters -->
  <testcase classname="nuego_automation_project.NuegoBookingTest" name="testBusBookingPageActions" time="0.0">
    <skipped/>
  </testcase> <!-- testBusBookingPageActions -->
  <testcase classname="nuego_automation_project.NuegoBookingTest" name="testSelectSeatAndProceedToPay" time="0.0">
    <skipped/>
  </testcase> <!-- testSelectSeatAndProceedToPay -->
  <testcase classname="nuego_automation_project.NuegoBookingTest" name="testReviewBookingFlow" time="0.0">
    <skipped/>
  </testcase> <!-- testReviewBookingFlow -->
  <testcase classname="nuego_automation_project.NuegoBookingTest" name="testPaymentFlow" time="0.0">
    <skipped/>
  </testcase> <!-- testPaymentFlow -->
  <testcase classname="nuego_automation_project.NuegoBookingTest" name="testTicketConfirmationFlow" time="0.0">
    <skipped/>
  </testcase> <!-- testTicketConfirmationFlow -->
  <testcase classname="nuego_automation_project.NuegoBookingTest" name="testRescheduleBookingFlow" time="0.0">
    <skipped/>
  </testcase> <!-- testRescheduleBookingFlow -->
  <testcase classname="nuego_automation_project.NuegoBookingTest" name="testCancelBookingFlow" time="0.0">
    <skipped/>
  </testcase> <!-- testCancelBookingFlow -->
</testsuite> <!-- NueGo Functional Tests -->
