<?xml version="1.0" encoding="UTF-8"?>
<!-- Generated by org.testng.reporters.JUnitXMLReporter -->
<testsuite ignored="0" hostname="LAP-SUMEDHS" failures="3" tests="7" name="NueGo Functional Tests" time="310.206" errors="0" timestamp="2025-11-04T15:10:09 IST">
  <testcase classname="nuego_automation_project.NuegoBookingTest" name="testLogin" time="7.222"/>
  <testcase classname="nuego_automation_project.NuegoBookingTest" name="testHomePageActions" time="16.618"/>
  <testcase classname="nuego_automation_project.NuegoBookingTest" name="testFilters" time="20.683">
    <failure type="java.lang.AssertionError" message="Filter test failed: Expected condition failed: waiting for visibility of element located by By.xpath: //div[6]//img[1] (tried for 20 second(s) with 500 milliseconds interval)
Build info: version: &amp;apos;4.21.0&amp;apos;, revision: &amp;apos;79ed462ef4&amp;apos;
System info: os.name: &amp;apos;Windows 11&amp;apos;, os.arch: &amp;apos;amd64&amp;apos;, os.version: &amp;apos;10.0&amp;apos;, java.version: &amp;apos;17.0.12&amp;apos;
Driver info: org.openqa.selenium.chrome.ChromeDriver
Capabilities {acceptInsecureCerts: false, browserName: chrome, browserVersion: 141.0.7390.123, chrome: {chromedriverVersion: 141.0.7390.122 (b477534e7e1..., userDataDir: C:\Windows\SystemTemp\scope...}, fedcm:accounts: true, goog:chromeOptions: {debuggerAddress: localhost:58422}, networkConnectionEnabled: false, pageLoadStrategy: normal, platformName: windows, proxy: Proxy(), se:cdp: ws://localhost:58422/devtoo..., se:cdpVersion: 141.0.7390.123, setWindowRect: true, strictFileInteractability: false, timeouts: {implicit: 0, pageLoad: 300000, script: 30000}, unhandledPromptBehavior: dismiss and notify, webauthn:extension:credBlob: true, webauthn:extension:largeBlob: true, webauthn:extension:minPinLength: true, webauthn:extension:prf: true, webauthn:virtualAuthenticators: true}
Session ID: f649be70f12e6680f9c7a383bbd0ae1c">
      <![CDATA[java.lang.AssertionError: Filter test failed: Expected condition failed: waiting for visibility of element located by By.xpath: //div[6]//img[1] (tried for 20 second(s) with 500 milliseconds interval)
Build info: version: '4.21.0', revision: '79ed462ef4'
System info: os.name: 'Windows 11', os.arch: 'amd64', os.version: '10.0', java.version: '17.0.12'
Driver info: org.openqa.selenium.chrome.ChromeDriver
Capabilities {acceptInsecureCerts: false, browserName: chrome, browserVersion: 141.0.7390.123, chrome: {chromedriverVersion: 141.0.7390.122 (b477534e7e1..., userDataDir: C:\Windows\SystemTemp\scope...}, fedcm:accounts: true, goog:chromeOptions: {debuggerAddress: localhost:58422}, networkConnectionEnabled: false, pageLoadStrategy: normal, platformName: windows, proxy: Proxy(), se:cdp: ws://localhost:58422/devtoo..., se:cdpVersion: 141.0.7390.123, setWindowRect: true, strictFileInteractability: false, timeouts: {implicit: 0, pageLoad: 300000, script: 30000}, unhandledPromptBehavior: dismiss and notify, webauthn:extension:credBlob: true, webauthn:extension:largeBlob: true, webauthn:extension:minPinLength: true, webauthn:extension:prf: true, webauthn:virtualAuthenticators: true}
Session ID: f649be70f12e6680f9c7a383bbd0ae1c
at nuego_automation_project.NuegoBookingTest.handleFailure(NuegoBookingTest.java:262)
at nuego_automation_project.NuegoBookingTest.testFilters(NuegoBookingTest.java:137)
at java.base/java.util.ArrayList.forEach(ArrayList.java:1511)
... Removed 32 stack frames]]>
    </failure>
  </testcase> <!-- testFilters -->
  <testcase classname="nuego_automation_project.NuegoBookingTest" name="testBusBookingPageActions" time="0.0">
    <skipped/>
  </testcase> <!-- testBusBookingPageActions -->
  <testcase classname="nuego_automation_project.NuegoBookingTest" name="testSelectSeatAndProceedToPay" time="168.182">
    <failure type="java.lang.AssertionError" message="Seat selection and payment test failed: Expected condition failed: waiting for presence of element located by: By.xpath: //div[normalize-space()=&amp;apos;Eidgah Bus Stan...&amp;apos;] (tried for 30 second(s) with 500 milliseconds interval)">
      <![CDATA[java.lang.AssertionError: Seat selection and payment test failed: Expected condition failed: waiting for presence of element located by: By.xpath: //div[normalize-space()='Eidgah Bus Stan...'] (tried for 30 second(s) with 500 milliseconds interval)
at nuego_automation_project.NuegoBookingTest.handleFailure(NuegoBookingTest.java:262)
at nuego_automation_project.NuegoBookingTest.testSelectSeatAndProceedToPay(NuegoBookingTest.java:189)
at java.base/java.util.ArrayList.forEach(ArrayList.java:1511)
... Removed 32 stack frames]]>
    </failure>
  </testcase> <!-- testSelectSeatAndProceedToPay -->
  <testcase classname="nuego_automation_project.NuegoBookingTest" name="testReviewBookingFlow" time="31.169"/>
  <testcase classname="nuego_automation_project.NuegoBookingTest" name="testPaymentFlow" time="62.857">
    <failure type="java.lang.AssertionError" message="Timeout: Element not clickable → By.xpath: //div[@id=&amp;apos;1000120&amp;apos;]//article[@role=&amp;apos;none&amp;apos;][normalize-space()=&amp;apos;NetBanking&amp;apos;]">
      <![CDATA[java.lang.AssertionError: Timeout: Element not clickable → By.xpath: //div[@id='1000120']//article[@role='none'][normalize-space()='NetBanking']
at nuego_automation_project.Payment_Mode.clickElement(Payment_Mode.java:110)
at nuego_automation_project.Payment_Mode.selectNetBanking(Payment_Mode.java:35)
at nuego_automation_project.NuegoBookingTest.testPaymentFlow(NuegoBookingTest.java:220)
at java.base/java.util.ArrayList.forEach(ArrayList.java:1511)
... Removed 31 stack frames]]>
    </failure>
  </testcase> <!-- testPaymentFlow -->
</testsuite> <!-- NueGo Functional Tests -->
