<?xml version="1.0" encoding="UTF-8"?>
<!-- Generated by org.testng.reporters.JUnitXMLReporter -->
<testsuite ignored="0" hostname="LAP-SUMEDHS" failures="1" tests="10" name="NueGo Functional Tests" time="146.742" errors="0" timestamp="2025-11-11T14:42:46 IST">
  <testcase classname="nuego_automation_project.NuegoBookingTest" name="testLogin" time="75.612">
    <skipped/>
  </testcase> <!-- testLogin -->
  <testcase classname="nuego_automation_project.NuegoBookingTest" name="testLogin" time="33.146">
    <skipped/>
  </testcase> <!-- testLogin -->
  <testcase classname="nuego_automation_project.NuegoBookingTest" name="testLogin" time="32.495">
    <failure type="java.lang.AssertionError" message="Login failed: Login failed: element click intercepted: Element &amp;lt;img src=&amp;quot;/static/media/profile.fdbf0d3a866b38196f43cf1587d719bd.svg&amp;quot; alt=&amp;quot;Profile&amp;quot; class=&amp;quot;mr-2 profile-picture&amp;quot; loading=&amp;quot;lazy&amp;quot;&amp;gt; is not clickable at point (1221, 51). Other element would receive the click: &amp;lt;div class=&amp;quot;modal-backdrop fade show&amp;quot;&amp;gt;&amp;lt;/div&amp;gt;
  (Session info: chrome=142.0.7444.134)
Build info: version: &amp;apos;4.21.0&amp;apos;, revision: &amp;apos;79ed462ef4&amp;apos;
System info: os.name: &amp;apos;Windows 11&amp;apos;, os.arch: &amp;apos;amd64&amp;apos;, os.version: &amp;apos;10.0&amp;apos;, java.version: &amp;apos;17.0.12&amp;apos;
Driver info: org.openqa.selenium.chrome.ChromeDriver
Command: [ea2461af189c9a784165ae45f2e6da8d, clickElement {id=f.D1506549013BBD95D823AFE2F44770FD.d.9DF90AB6F555515C845C004DA6EF4D81.e.307}]
Capabilities {acceptInsecureCerts: false, browserName: chrome, browserVersion: 142.0.7444.134, chrome: {chromedriverVersion: 142.0.7444.61 (9884f628acbc..., userDataDir: C:\Users\SUMEDH~1.SON\AppDa...}, fedcm:accounts: true, goog:chromeOptions: {debuggerAddress: localhost:53639}, goog:processID: 18100, networkConnectionEnabled: false, pageLoadStrategy: normal, platformName: windows, proxy: Proxy(), se:cdp: ws://localhost:53639/devtoo..., se:cdpVersion: 142.0.7444.134, setWindowRect: true, strictFileInteractability: false, timeouts: {implicit: 0, pageLoad: 300000, script: 30000}, unhandledPromptBehavior: dismiss and notify, webauthn:extension:credBlob: true, webauthn:extension:largeBlob: true, webauthn:extension:minPinLength: true, webauthn:extension:prf: true, webauthn:virtualAuthenticators: true}
Element: [[ChromeDriver: chrome on windows (ea2461af189c9a784165ae45f2e6da8d)] -&amp;gt; xpath: //img[@alt=&amp;apos;Profile&amp;apos;]]
Session ID: ea2461af189c9a784165ae45f2e6da8d">
      <![CDATA[java.lang.AssertionError: Login failed: Login failed: element click intercepted: Element <img src="/static/media/profile.fdbf0d3a866b38196f43cf1587d719bd.svg" alt="Profile" class="mr-2 profile-picture" loading="lazy"> is not clickable at point (1221, 51). Other element would receive the click: <div class="modal-backdrop fade show"></div>
  (Session info: chrome=142.0.7444.134)
Build info: version: '4.21.0', revision: '79ed462ef4'
System info: os.name: 'Windows 11', os.arch: 'amd64', os.version: '10.0', java.version: '17.0.12'
Driver info: org.openqa.selenium.chrome.ChromeDriver
Command: [ea2461af189c9a784165ae45f2e6da8d, clickElement {id=f.D1506549013BBD95D823AFE2F44770FD.d.9DF90AB6F555515C845C004DA6EF4D81.e.307}]
Capabilities {acceptInsecureCerts: false, browserName: chrome, browserVersion: 142.0.7444.134, chrome: {chromedriverVersion: 142.0.7444.61 (9884f628acbc..., userDataDir: C:\Users\SUMEDH~1.SON\AppDa...}, fedcm:accounts: true, goog:chromeOptions: {debuggerAddress: localhost:53639}, goog:processID: 18100, networkConnectionEnabled: false, pageLoadStrategy: normal, platformName: windows, proxy: Proxy(), se:cdp: ws://localhost:53639/devtoo..., se:cdpVersion: 142.0.7444.134, setWindowRect: true, strictFileInteractability: false, timeouts: {implicit: 0, pageLoad: 300000, script: 30000}, unhandledPromptBehavior: dismiss and notify, webauthn:extension:credBlob: true, webauthn:extension:largeBlob: true, webauthn:extension:minPinLength: true, webauthn:extension:prf: true, webauthn:virtualAuthenticators: true}
Element: [[ChromeDriver: chrome on windows (ea2461af189c9a784165ae45f2e6da8d)] -> xpath: //img[@alt='Profile']]
Session ID: ea2461af189c9a784165ae45f2e6da8d
at nuego_automation_project.NuegoBookingTest.handleFailure(NuegoBookingTest.java:283)
at nuego_automation_project.NuegoBookingTest.testLogin(NuegoBookingTest.java:89)
at java.base/java.util.ArrayList.forEach(ArrayList.java:1511)
... Removed 32 stack frames]]>
    </failure>
  </testcase> <!-- testLogin -->
  <testcase classname="nuego_automation_project.NuegoBookingTest" name="testHomePageActions" time="0.0">
    <skipped/>
  </testcase> <!-- testHomePageActions -->
  <testcase classname="nuego_automation_project.NuegoBookingTest" name="testFilters" time="0.0">
    <skipped/>
  </testcase> <!-- testFilters -->
  <testcase classname="nuego_automation_project.NuegoBookingTest" name="testBusBookingPageActions" time="0.0">
    <skipped/>
  </testcase> <!-- testBusBookingPageActions -->
  <testcase classname="nuego_automation_project.NuegoBookingTest" name="testSelectSeatAndProceedToPay" time="0.0">
    <skipped/>
  </testcase> <!-- testSelectSeatAndProceedToPay -->
  <testcase classname="nuego_automation_project.NuegoBookingTest" name="testReviewBookingFlow" time="0.0">
    <skipped/>
  </testcase> <!-- testReviewBookingFlow -->
  <testcase classname="nuego_automation_project.NuegoBookingTest" name="testPaymentFlow" time="0.0">
    <skipped/>
  </testcase> <!-- testPaymentFlow -->
  <testcase classname="nuego_automation_project.NuegoBookingTest" name="testTicketPageFlow" time="0.0">
    <skipped/>
  </testcase> <!-- testTicketPageFlow -->
</testsuite> <!-- NueGo Functional Tests -->
