<!DOCTYPE html PUBLIC "-//W3C//DTD XHTML 1.1//EN" "https://www.w3.org/TR/xhtml11/DTD/xhtml11.dtd">
<html xmlns="https://www.w3.org/1999/xhtml">
<head>
<meta http-equiv="content-type" content="text/html; charset=UTF-8"/>
<title>TestNG Report</title>
<style type="text/css">table {margin-bottom:10px;border-collapse:collapse;empty-cells:show}th,td {border:1px solid #009;padding:.25em .5em}th {vertical-align:bottom}td {vertical-align:top}table a {font-weight:bold}.stripe td {background-color: #E6EBF9}.num {text-align:right}.passedodd td {background-color: #3F3}.passedeven td {background-color: #0A0}.skippedodd td {background-color: #DDD}.skippedeven td {background-color: #CCC}.failedodd td,.attn {background-color: #F33}.failedeven td,.stripe .attn {background-color: #D00}.stacktrace {white-space:pre;font-family:monospace}.totop {font-size:85%;text-align:center;border-bottom:2px solid #000}.invisible {display:none}</style>
</head>
<body>
<table>
<tr><th>Test</th><th># Passed</th><th># Skipped</th><th># Retried</th><th># Failed</th><th>Time (ms)</th><th>Included Groups</th><th>Excluded Groups</th></tr>
<tr><th colspan="8">NueGo Automation Suite</th></tr>
<tr><td><a href="#t0">NueGo Functional Tests</a></td><td class="num">1</td><td class="num attn">2</td><td class="num">0</td><td class="num attn">4</td><td class="num">279,936</td><td></td><td></td></tr>
</table>
<table id='summary'><thead><tr><th>Class</th><th>Method</th><th>Start</th><th>Time (ms)</th></tr></thead><tbody><tr><th colspan="4">NueGo Automation Suite</th></tr></tbody><tbody id="t0"><tr><th colspan="4">NueGo Functional Tests &#8212; failed</th></tr><tr class="failedeven"><td rowspan="4">nuego_automation_project.NuegoBookingTest</td><td><a href="#m0">testHomePageActions</a></td><td rowspan="1">1762257227315</td><td rowspan="1">54280</td></tr><tr class="failedeven"><td><a href="#m1">testLogin</a></td><td rowspan="1">1762257137762</td><td rowspan="1">89277</td></tr><tr class="failedeven"><td><a href="#m2">testPaymentFlow</a></td><td rowspan="1">1762257349268</td><td rowspan="1">62823</td></tr><tr class="failedeven"><td><a href="#m3">testSelectSeatAndProceedToPay</a></td><td rowspan="1">1762257281837</td><td rowspan="1">31242</td></tr><tr><th colspan="4">NueGo Functional Tests &#8212; skipped</th></tr><tr class="skippedeven"><td rowspan="2">nuego_automation_project.NuegoBookingTest</td><td><a href="#m4">testBusBookingPageActions</a></td><td rowspan="1">1762257281831</td><td rowspan="1">0</td></tr><tr class="skippedeven"><td><a href="#m5">testFilters</a></td><td rowspan="1">1762257281823</td><td rowspan="1">0</td></tr><tr><th colspan="4">NueGo Functional Tests &#8212; passed</th></tr><tr class="passedeven"><td rowspan="1">nuego_automation_project.NuegoBookingTest</td><td><a href="#m6">testReviewBookingFlow</a></td><td rowspan="1">1762257313250</td><td rowspan="1">36013</td></tr></tbody>
</table>
<h2>NueGo Functional Tests</h2><h3 id="m0">nuego_automation_project.NuegoBookingTest#testHomePageActions</h3><table class="result"><tr><th>Exception</th></tr><tr><td><div class="stacktrace">java.lang.AssertionError: Home Page test failed: Failed to search bus: element click intercepted: Element &lt;p&gt;...&lt;/p&gt; is not clickable at point (517, 272). Other element would receive the click: &lt;div class=&quot;col-6   auth-display-img-wrap blue-light-F2FAF9-bg position-relative&quot; style=&quot;background-image: url(&amp;quot;https://cdn.nuego.co.in/greencell/assets/images/login_form_Img.png&amp;quot;);&quot;&gt;&lt;/div&gt;
  (Session info: chrome=141.0.7390.123)
Build info: version: &apos;4.21.0&apos;, revision: &apos;79ed462ef4&apos;
System info: os.name: &apos;Windows 11&apos;, os.arch: &apos;amd64&apos;, os.version: &apos;10.0&apos;, java.version: &apos;17.0.12&apos;
Driver info: org.openqa.selenium.chrome.ChromeDriver
Command: [b1dc4e126aab61eb118514c935ef5c9d, clickElement {id=f.5929EB3300DB85E615F2ACA6CD007885.d.1508C0BD2A9FB5ED51EBD68258A860E0.e.12}]
Capabilities {acceptInsecureCerts: false, browserName: chrome, browserVersion: 141.0.7390.123, chrome: {chromedriverVersion: 141.0.7390.122 (b477534e7e1..., userDataDir: C:\Windows\SystemTemp\scope...}, fedcm:accounts: true, goog:chromeOptions: {debuggerAddress: localhost:55220}, networkConnectionEnabled: false, pageLoadStrategy: normal, platformName: windows, proxy: Proxy(), se:cdp: ws://localhost:55220/devtoo..., se:cdpVersion: 141.0.7390.123, setWindowRect: true, strictFileInteractability: false, timeouts: {implicit: 0, pageLoad: 300000, script: 30000}, unhandledPromptBehavior: dismiss and notify, webauthn:extension:credBlob: true, webauthn:extension:largeBlob: true, webauthn:extension:minPinLength: true, webauthn:extension:prf: true, webauthn:virtualAuthenticators: true}
Element: [[ChromeDriver: chrome on windows (b1dc4e126aab61eb118514c935ef5c9d)] -&gt; xpath: //p[normalize-space()=&apos;Seater&apos;]]
Session ID: b1dc4e126aab61eb118514c935ef5c9d
	at nuego_automation_project.NuegoBookingTest.handleFailure(NuegoBookingTest.java:216)
	at nuego_automation_project.NuegoBookingTest.testHomePageActions(NuegoBookingTest.java:104)
	at java.base/java.util.ArrayList.forEach(ArrayList.java:1511)
... Removed 32 stack frames</div></td></tr></table><p class="totop"><a href="#summary">back to summary</a></p>
<h3 id="m1">nuego_automation_project.NuegoBookingTest#testLogin</h3><table class="result"><tr><th>Exception</th></tr><tr><td><div class="stacktrace">java.lang.AssertionError: Login failed: Login failed: Expected condition failed: waiting for visibility of Proxy element for: DefaultElementLocator &apos;By.xpath: //input[@aria-label=&apos;Please enter OTP character 1&apos;]&apos; (tried for 30 second(s) with 500 milliseconds interval)
	at nuego_automation_project.NuegoBookingTest.handleFailure(NuegoBookingTest.java:216)
	at nuego_automation_project.NuegoBookingTest.testLogin(NuegoBookingTest.java:87)
	at java.base/java.util.ArrayList.forEach(ArrayList.java:1511)
... Removed 32 stack frames</div></td></tr></table><p class="totop"><a href="#summary">back to summary</a></p>
<h3 id="m2">nuego_automation_project.NuegoBookingTest#testPaymentFlow</h3><table class="result"><tr><th>Exception</th></tr><tr><td><div class="stacktrace">java.lang.AssertionError: Timeout: Element not clickable â†’ By.xpath: //div[@id=&apos;1000120&apos;]//article[@role=&apos;none&apos;][normalize-space()=&apos;NetBanking&apos;]
	at nuego_automation_project.Payment_Mode.clickElement(Payment_Mode.java:110)
	at nuego_automation_project.Payment_Mode.selectNetBanking(Payment_Mode.java:35)
	at nuego_automation_project.NuegoBookingTest.testPaymentFlow(NuegoBookingTest.java:188)
	at java.base/java.util.ArrayList.forEach(ArrayList.java:1511)
... Removed 31 stack frames</div></td></tr></table><p class="totop"><a href="#summary">back to summary</a></p>
<h3 id="m3">nuego_automation_project.NuegoBookingTest#testSelectSeatAndProceedToPay</h3><table class="result"><tr><th>Exception</th></tr><tr><td><div class="stacktrace">java.lang.AssertionError: Seat selection and payment test failed: Expected condition failed: waiting for presence of element located by: By.cssSelector: div[id*=&apos;seat&apos;] (tried for 25 second(s) with 500 milliseconds interval)
	at nuego_automation_project.NuegoBookingTest.handleFailure(NuegoBookingTest.java:216)
	at nuego_automation_project.NuegoBookingTest.testSelectSeatAndProceedToPay(NuegoBookingTest.java:165)
	at java.base/java.util.ArrayList.forEach(ArrayList.java:1511)
... Removed 32 stack frames</div></td></tr></table><p class="totop"><a href="#summary">back to summary</a></p>
<h3 id="m4">nuego_automation_project.NuegoBookingTest#testBusBookingPageActions</h3><table class="result"><tr><th>Exception</th></tr><tr><td><div class="stacktrace">java.lang.Throwable: Method nuego_automation_project.NuegoBookingTest.testBusBookingPageActions() on instance nuego_automation_project.NuegoBookingTest@48e92c5c depends on not successfully finished methods 
[nuego_automation_project.NuegoBookingTest.testFilters() on instance nuego_automation_project.NuegoBookingTest@48e92c5c]
	at java.base/java.util.ArrayList.forEach(ArrayList.java:1511)
... Removed 22 stack frames</div></td></tr></table><p class="totop"><a href="#summary">back to summary</a></p>
<h3 id="m5">nuego_automation_project.NuegoBookingTest#testFilters</h3><table class="result"><tr><th>Exception</th></tr><tr><td><div class="stacktrace">java.lang.Throwable: Method nuego_automation_project.NuegoBookingTest.testFilters() on instance nuego_automation_project.NuegoBookingTest@48e92c5c depends on not successfully finished methods 
[nuego_automation_project.NuegoBookingTest.testHomePageActions() on instance nuego_automation_project.NuegoBookingTest@48e92c5c]
	at java.base/java.util.ArrayList.forEach(ArrayList.java:1511)
... Removed 22 stack frames</div></td></tr></table><p class="totop"><a href="#summary">back to summary</a></p>
<h3 id="m6">nuego_automation_project.NuegoBookingTest#testReviewBookingFlow</h3><table class="result"><tr><th class="invisible"/></tr></table><p class="totop"><a href="#summary">back to summary</a></p>
</body>
</html>
