<?xml version="1.0" encoding="UTF-8"?>
<testsuite xmlns:xsi="http://www.w3.org/2001/XMLSchema-instance" xsi:noNamespaceSchemaLocation="https://maven.apache.org/surefire/maven-surefire-plugin/xsd/surefire-test-report-3.0.xsd" version="3.0" name="TestSuite" time="220.727" tests="7" errors="0" skipped="0" failures="1">
  <properties>
[...]
</properties>
  <testcase name="testLogin" classname="nuego_automation_project.NuegoBookingTest" time="11.283">
    <system-out><![CDATA[🧠 Detected Jenkins environment — using headless full HD mode
✅ Browser launched successfully (Jenkins Headless Mode)
Opened NueGo Website
]]></system-out>
    <system-err><![CDATA[[main] INFO org.testng.internal.Utils - [XmlSuite] [WARN] 'parallel' value 'false' is no longer valid, defaulting to 'none'.
[main] INFO io.github.bonigarcia.wdm.WebDriverManager - Using chromedriver 141.0.7390.122 (resolved driver for Chrome 141)
[main] INFO io.github.bonigarcia.wdm.WebDriverManager - Exporting webdriver.chrome.driver as C:\Users\sumedh.sonawane\.cache\selenium\chromedriver\win64\141.0.7390.122\chromedriver.exe
Nov 09, 2025 1:50:01 PM org.openqa.selenium.devtools.CdpVersionFinder findNearestMatch
WARNING: Unable to find CDP implementation matching 141
Nov 09, 2025 1:50:01 PM org.openqa.selenium.chromium.ChromiumDriver lambda$new$5
WARNING: Unable to find version of CDP to use for 141.0.7390.123. You may need to include a dependency on a specific version of the CDP using something similar to `org.seleniumhq.selenium:selenium-devtools-v86:4.21.0` where the version ("v86") matches the version of the chromium-based browser you're using and the version number of the artifact is the same as Selenium's.
]]></system-err>
  </testcase>
  <testcase name="testHomePageActions" classname="nuego_automation_project.NuegoBookingTest" time="23.848">
    <system-out><![CDATA[Popup not displayed, continuing...
Entering source: Agra
Entering destination: Bassi
Select seat type...
Seater selected
Sleeper selected
Calendar icon clicked.
Future date (tomorrow) selected.
Clicking Search button...
Search button clicked successfully.
]]></system-out>
  </testcase>
  <testcase name="testFilters" classname="nuego_automation_project.NuegoBookingTest" time="14.559">
    <system-out><![CDATA[✅ Timer selected
Retrying click: Boarding Point clicked
✅ Boarding Point clicked
✅ Boarding Point Checkbox selected
Retrying click: Dropping Point clicked
✅ Dropping Point clicked
✅ Dropping Point Checkbox selected
⬆️ Human-like scroll up completed
✅ Reset All clicked
]]></system-out>
  </testcase>
  <testcase name="testBusBookingPageActions" classname="nuego_automation_project.NuegoBookingTest" time="8.533">
    <system-out><![CDATA[Scrolling down slightly...
Waiting for seat to be visible...
Scrolling seat into view...
Waiting for seat to be clickable...
Seat clicked successfully!
Scrolling slightly after seat click...
]]></system-out>
  </testcase>
  <testcase name="testSelectSeatAndProceedToPay" classname="nuego_automation_project.NuegoBookingTest" time="21.669">
    <system-out><![CDATA[✅ Selected seat: 5B
📍 Pickup point selected: Eidgah Bus Stan...
📍 Drop point selected: Bassi Chowk
💳 Clicked Book & Pay
ℹ️ No Discount Alert popup appeared.
]]></system-out>
  </testcase>
  <testcase name="testReviewBookingFlow" classname="nuego_automation_project.NuegoBookingTest" time="60.547">
    <system-out><![CDATA[ℹ️ No Discount Alert popup appeared.
✅ Scrolled to Review Booking section
✅ Clicked on Coupon icon
✅ Scrolled inside coupon modal
✅ Clicked Apply Coupon
⚠️ Coupon success message not found, proceeding...
⬇️ Scrolled down to Assurance and Wallet section
✅ Clicked on NueGo Assurance checkbox
✅ Applied wallet balance
✅ Clicked Proceed & Book
✅ Proceed to Book clicked successfully
ℹ️ No extra popup appeared after Proceed & Book
🎉 Completed post-coupon booking flow successfully
]]></system-out>
  </testcase>
  <testcase name="testPaymentFlow" classname="nuego_automation_project.NuegoBookingTest" time="64.522">
    <failure message="Timeout: Element not clickable → By.xpath: /html[1]/body[1]/div[1]/div[1]/div[1]/div[1]/div[2]/div[1]/div[3]/div[1]/div[2]/div[2]/div[1]/div[2]/div[1]/div[2]/div[1]/div[2]/div[1]/div[2]/div[1]/div[1]/div[4]/div[1]/div[1]/div[2]" type="java.lang.AssertionError"><![CDATA[java.lang.AssertionError: Timeout: Element not clickable → By.xpath: /html[1]/body[1]/div[1]/div[1]/div[1]/div[1]/div[2]/div[1]/div[3]/div[1]/div[2]/div[2]/div[1]/div[2]/div[1]/div[2]/div[1]/div[2]/div[1]/div[2]/div[1]/div[1]/div[4]/div[1]/div[1]/div[2]
	at nuego_automation_project.Payment_Mode.clickElement(Payment_Mode.java:110)
	at nuego_automation_project.Payment_Mode.clickProceedToPay(Payment_Mode.java:51)
	at nuego_automation_project.NuegoBookingTest.testPaymentFlow(NuegoBookingTest.java:223)
	at java.base/jdk.internal.reflect.NativeMethodAccessorImpl.invoke0(Native Method)
	at java.base/jdk.internal.reflect.NativeMethodAccessorImpl.invoke(NativeMethodAccessorImpl.java:77)
	at java.base/jdk.internal.reflect.DelegatingMethodAccessorImpl.invoke(DelegatingMethodAccessorImpl.java:43)
	at java.base/java.lang.reflect.Method.invoke(Method.java:568)
	at org.testng.internal.invokers.MethodInvocationHelper.invokeMethod(MethodInvocationHelper.java:141)
	at org.testng.internal.invokers.TestInvoker.invokeMethod(TestInvoker.java:686)
	at org.testng.internal.invokers.TestInvoker.invokeTestMethod(TestInvoker.java:230)
	at org.testng.internal.invokers.MethodRunner.runInSequence(MethodRunner.java:63)
	at org.testng.internal.invokers.TestInvoker$MethodInvocationAgent.invoke(TestInvoker.java:992)
	at org.testng.internal.invokers.TestInvoker.invokeTestMethods(TestInvoker.java:203)
	at org.testng.internal.invokers.TestMethodWorker.invokeTestMethods(TestMethodWorker.java:154)
	at org.testng.internal.invokers.TestMethodWorker.run(TestMethodWorker.java:134)
	at java.base/java.util.ArrayList.forEach(ArrayList.java:1511)
	at org.testng.TestRunner.privateRun(TestRunner.java:739)
	at org.testng.TestRunner.run(TestRunner.java:614)
	at org.testng.SuiteRunner.runTest(SuiteRunner.java:421)
	at org.testng.SuiteRunner.runSequentially(SuiteRunner.java:413)
	at org.testng.SuiteRunner.privateRun(SuiteRunner.java:373)
	at org.testng.SuiteRunner.run(SuiteRunner.java:312)
	at org.testng.SuiteRunnerWorker.runSuite(SuiteRunnerWorker.java:52)
	at org.testng.SuiteRunnerWorker.run(SuiteRunnerWorker.java:95)
	at org.testng.TestNG.runSuitesSequentially(TestNG.java:1274)
	at org.testng.TestNG.runSuitesLocally(TestNG.java:1208)
	at org.testng.TestNG.runSuites(TestNG.java:1112)
	at org.testng.TestNG.run(TestNG.java:1079)
	at org.apache.maven.surefire.testng.TestNGExecutor.run(TestNGExecutor.java:308)
	at org.apache.maven.surefire.testng.TestNGXmlTestSuite.execute(TestNGXmlTestSuite.java:71)
	at org.apache.maven.surefire.testng.TestNGProvider.invoke(TestNGProvider.java:113)
	at org.apache.maven.surefire.booter.ForkedBooter.runSuitesInProcess(ForkedBooter.java:385)
	at org.apache.maven.surefire.booter.ForkedBooter.execute(ForkedBooter.java:162)
	at org.apache.maven.surefire.booter.ForkedBooter.run(ForkedBooter.java:507)
	at org.apache.maven.surefire.booter.ForkedBooter.main(ForkedBooter.java:495)
]]></failure>
    <system-out><![CDATA[✅ Step 1: Clicked on Net Banking
✅ Step 2: Selected Axis Bank
⏳ Waiting for Proceed to Pay button...
🔄 Switched to payment iframe (index 0)
]]></system-out>
  </testcase>
</testsuite>