<?xml version="1.0" encoding="UTF-8"?>
<testsuite xmlns:xsi="http://www.w3.org/2001/XMLSchema-instance" xsi:noNamespaceSchemaLocation="https://maven.apache.org/surefire/maven-surefire-plugin/xsd/surefire-test-report-3.0.xsd" version="3.0" name="TestSuite" time="243.187" tests="10" errors="0" skipped="9" failures="1">
  <properties>
[...]
</properties>
  <testcase name="testLogin" classname="nuego_automation_project.NuegoBookingTest" time="0.0">
    <skipped message="Login failed: Login failed: Expected condition failed: waiting for visibility of Proxy element for: DefaultElementLocator &apos;By.xpath: //input[@aria-label=&apos;Please enter OTP character 1&apos;]&apos; (tried for 30 second(s) with 500 milliseconds interval)"/>
    <system-out><![CDATA[📸 Screenshot saved successfully: C:\Users\sumedh.sonawane\Desktop\Nuego_Web_Automation\automation\screenshots\LoginPage_Failure_20251111_154740.png
🔁 Retrying test testLogin — retry 1/2
]]></system-out>
    <system-err><![CDATA[[main] INFO org.testng.internal.Utils - [XmlSuite] [WARN] 'parallel' value 'false' is no longer valid, defaulting to 'none'.
[main] INFO io.github.bonigarcia.wdm.WebDriverManager - Using chromedriver 142.0.7444.61 (resolved driver for Chrome 142)
[main] INFO io.github.bonigarcia.wdm.WebDriverManager - Exporting webdriver.chrome.driver as C:\Users\sumedh.sonawane\.cache\selenium\chromedriver\win64\142.0.7444.61\chromedriver.exe
Nov 11, 2025 3:46:42 PM org.openqa.selenium.devtools.CdpVersionFinder findNearestMatch
WARNING: Unable to find CDP implementation matching 142
Nov 11, 2025 3:46:42 PM org.openqa.selenium.chromium.ChromiumDriver lambda$new$5
WARNING: Unable to find version of CDP to use for 142.0.7444.134. You may need to include a dependency on a specific version of the CDP using something similar to `org.seleniumhq.selenium:selenium-devtools-v86:4.21.0` where the version ("v86") matches the version of the chromium-based browser you're using and the version number of the artifact is the same as Selenium's.
]]></system-err>
  </testcase>
  <testcase name="testLogin" classname="nuego_automation_project.NuegoBookingTest" time="0.0">
    <skipped message="Login failed: Login failed: element click intercepted: Element &lt;img src=&quot;/static/media/profile.fdbf0d3a866b38196f43cf1587d719bd.svg&quot; alt=&quot;Profile&quot; class=&quot;mr-2 profile-picture&quot; loading=&quot;lazy&quot;&gt; is not clickable at point (1221, 51). Other element would receive the click: &lt;div class=&quot;modal-backdrop fade show&quot;&gt;&lt;/div&gt;&#10;  (Session info: chrome=142.0.7444.134)&#10;Build info: version: &apos;4.21.0&apos;, revision: &apos;79ed462ef4&apos;&#10;System info: os.name: &apos;Windows 11&apos;, os.arch: &apos;amd64&apos;, os.version: &apos;10.0&apos;, java.version: &apos;17.0.12&apos;&#10;Driver info: org.openqa.selenium.chrome.ChromeDriver&#10;Command: [05d6cb69c180e10078244f97e7cdc120, clickElement {id=f.FB2CFE049CEE38D1B94319287CA2CFFD.d.79734EDD658CA8E97E323DAC80D4C9DB.e.171}]&#10;Capabilities {acceptInsecureCerts: false, browserName: chrome, browserVersion: 142.0.7444.134, chrome: {chromedriverVersion: 142.0.7444.61 (9884f628acbc..., userDataDir: C:\Users\SUMEDH~1.SON\AppDa...}, fedcm:accounts: true, goog:chromeOptions: {debuggerAddress: localhost:51131}, goog:processID: 21480, networkConnectionEnabled: false, pageLoadStrategy: normal, platformName: windows, proxy: Proxy(), se:cdp: ws://localhost:51131/devtoo..., se:cdpVersion: 142.0.7444.134, setWindowRect: true, strictFileInteractability: false, timeouts: {implicit: 0, pageLoad: 300000, script: 30000}, unhandledPromptBehavior: dismiss and notify, webauthn:extension:credBlob: true, webauthn:extension:largeBlob: true, webauthn:extension:minPinLength: true, webauthn:extension:prf: true, webauthn:virtualAuthenticators: true}&#10;Element: [[ChromeDriver: chrome on windows (05d6cb69c180e10078244f97e7cdc120)] -&gt; xpath: //img[@alt=&apos;Profile&apos;]]&#10;Session ID: 05d6cb69c180e10078244f97e7cdc120"/>
    <system-out><![CDATA[📸 Screenshot saved successfully: C:\Users\sumedh.sonawane\Desktop\Nuego_Web_Automation\automation\screenshots\LoginPage_Failure_20251111_154817.png
🔁 Retrying test testLogin — retry 2/2
]]></system-out>
  </testcase>
  <testcase name="testLogin" classname="nuego_automation_project.NuegoBookingTest" time="35.579">
    <failure message="Login failed: Login failed: element click intercepted: Element &lt;img src=&quot;/static/media/profile.fdbf0d3a866b38196f43cf1587d719bd.svg&quot; alt=&quot;Profile&quot; class=&quot;mr-2 profile-picture&quot; loading=&quot;lazy&quot;&gt; is not clickable at point (1221, 51). Other element would receive the click: &lt;div class=&quot;modal-backdrop fade show&quot;&gt;&lt;/div&gt;&#10;  (Session info: chrome=142.0.7444.134)&#10;Build info: version: &apos;4.21.0&apos;, revision: &apos;79ed462ef4&apos;&#10;System info: os.name: &apos;Windows 11&apos;, os.arch: &apos;amd64&apos;, os.version: &apos;10.0&apos;, java.version: &apos;17.0.12&apos;&#10;Driver info: org.openqa.selenium.chrome.ChromeDriver&#10;Command: [05d6cb69c180e10078244f97e7cdc120, clickElement {id=f.FB2CFE049CEE38D1B94319287CA2CFFD.d.E2D7EDED2C8D216A7945743CEB1A79E3.e.317}]&#10;Capabilities {acceptInsecureCerts: false, browserName: chrome, browserVersion: 142.0.7444.134, chrome: {chromedriverVersion: 142.0.7444.61 (9884f628acbc..., userDataDir: C:\Users\SUMEDH~1.SON\AppDa...}, fedcm:accounts: true, goog:chromeOptions: {debuggerAddress: localhost:51131}, goog:processID: 21480, networkConnectionEnabled: false, pageLoadStrategy: normal, platformName: windows, proxy: Proxy(), se:cdp: ws://localhost:51131/devtoo..., se:cdpVersion: 142.0.7444.134, setWindowRect: true, strictFileInteractability: false, timeouts: {implicit: 0, pageLoad: 300000, script: 30000}, unhandledPromptBehavior: dismiss and notify, webauthn:extension:credBlob: true, webauthn:extension:largeBlob: true, webauthn:extension:minPinLength: true, webauthn:extension:prf: true, webauthn:virtualAuthenticators: true}&#10;Element: [[ChromeDriver: chrome on windows (05d6cb69c180e10078244f97e7cdc120)] -&gt; xpath: //img[@alt=&apos;Profile&apos;]]&#10;Session ID: 05d6cb69c180e10078244f97e7cdc120" type="java.lang.AssertionError"><![CDATA[java.lang.AssertionError: 
Login failed: Login failed: element click intercepted: Element <img src="/static/media/profile.fdbf0d3a866b38196f43cf1587d719bd.svg" alt="Profile" class="mr-2 profile-picture" loading="lazy"> is not clickable at point (1221, 51). Other element would receive the click: <div class="modal-backdrop fade show"></div>
  (Session info: chrome=142.0.7444.134)
Build info: version: '4.21.0', revision: '79ed462ef4'
System info: os.name: 'Windows 11', os.arch: 'amd64', os.version: '10.0', java.version: '17.0.12'
Driver info: org.openqa.selenium.chrome.ChromeDriver
Command: [05d6cb69c180e10078244f97e7cdc120, clickElement {id=f.FB2CFE049CEE38D1B94319287CA2CFFD.d.E2D7EDED2C8D216A7945743CEB1A79E3.e.317}]
Capabilities {acceptInsecureCerts: false, browserName: chrome, browserVersion: 142.0.7444.134, chrome: {chromedriverVersion: 142.0.7444.61 (9884f628acbc..., userDataDir: C:\Users\SUMEDH~1.SON\AppDa...}, fedcm:accounts: true, goog:chromeOptions: {debuggerAddress: localhost:51131}, goog:processID: 21480, networkConnectionEnabled: false, pageLoadStrategy: normal, platformName: windows, proxy: Proxy(), se:cdp: ws://localhost:51131/devtoo..., se:cdpVersion: 142.0.7444.134, setWindowRect: true, strictFileInteractability: false, timeouts: {implicit: 0, pageLoad: 300000, script: 30000}, unhandledPromptBehavior: dismiss and notify, webauthn:extension:credBlob: true, webauthn:extension:largeBlob: true, webauthn:extension:minPinLength: true, webauthn:extension:prf: true, webauthn:virtualAuthenticators: true}
Element: [[ChromeDriver: chrome on windows (05d6cb69c180e10078244f97e7cdc120)] -> xpath: //img[@alt='Profile']]
Session ID: 05d6cb69c180e10078244f97e7cdc120
	at org.testng.Assert.fail(Assert.java:111)
	at nuego_automation_project.NuegoBookingTest.handleFailure(NuegoBookingTest.java:283)
	at nuego_automation_project.NuegoBookingTest.testLogin(NuegoBookingTest.java:89)
	at java.base/jdk.internal.reflect.NativeMethodAccessorImpl.invoke0(Native Method)
	at java.base/jdk.internal.reflect.NativeMethodAccessorImpl.invoke(NativeMethodAccessorImpl.java:77)
	at java.base/jdk.internal.reflect.DelegatingMethodAccessorImpl.invoke(DelegatingMethodAccessorImpl.java:43)
	at java.base/java.lang.reflect.Method.invoke(Method.java:568)
	at org.testng.internal.invokers.MethodInvocationHelper.invokeMethod(MethodInvocationHelper.java:141)
	at org.testng.internal.invokers.TestInvoker.invokeMethod(TestInvoker.java:686)
	at org.testng.internal.invokers.TestInvoker.retryFailed(TestInvoker.java:269)
	at org.testng.internal.invokers.MethodRunner.runInSequence(MethodRunner.java:76)
	at org.testng.internal.invokers.TestInvoker$MethodInvocationAgent.invoke(TestInvoker.java:992)
	at org.testng.internal.invokers.TestInvoker.invokeTestMethods(TestInvoker.java:203)
	at org.testng.internal.invokers.TestMethodWorker.invokeTestMethods(TestMethodWorker.java:154)
	at org.testng.internal.invokers.TestMethodWorker.run(TestMethodWorker.java:134)
	at java.base/java.util.ArrayList.forEach(ArrayList.java:1511)
	at org.testng.TestRunner.privateRun(TestRunner.java:739)
	at org.testng.TestRunner.run(TestRunner.java:614)
	at org.testng.SuiteRunner.runTest(SuiteRunner.java:421)
	at org.testng.SuiteRunner.runSequentially(SuiteRunner.java:413)
	at org.testng.SuiteRunner.privateRun(SuiteRunner.java:373)
	at org.testng.SuiteRunner.run(SuiteRunner.java:312)
	at org.testng.SuiteRunnerWorker.runSuite(SuiteRunnerWorker.java:52)
	at org.testng.SuiteRunnerWorker.run(SuiteRunnerWorker.java:95)
	at org.testng.TestNG.runSuitesSequentially(TestNG.java:1274)
	at org.testng.TestNG.runSuitesLocally(TestNG.java:1208)
	at org.testng.TestNG.runSuites(TestNG.java:1112)
	at org.testng.TestNG.run(TestNG.java:1079)
	at org.apache.maven.surefire.testng.TestNGExecutor.run(TestNGExecutor.java:308)
	at org.apache.maven.surefire.testng.TestNGXmlTestSuite.execute(TestNGXmlTestSuite.java:71)
	at org.apache.maven.surefire.testng.TestNGProvider.invoke(TestNGProvider.java:113)
	at org.apache.maven.surefire.booter.ForkedBooter.runSuitesInProcess(ForkedBooter.java:385)
	at org.apache.maven.surefire.booter.ForkedBooter.execute(ForkedBooter.java:162)
	at org.apache.maven.surefire.booter.ForkedBooter.run(ForkedBooter.java:507)
	at org.apache.maven.surefire.booter.ForkedBooter.main(ForkedBooter.java:495)
]]></failure>
    <system-out><![CDATA[📸 Screenshot saved successfully: C:\Users\sumedh.sonawane\Desktop\Nuego_Web_Automation\automation\screenshots\LoginPage_Failure_20251111_154937.png
]]></system-out>
  </testcase>
  <testcase name="testHomePageActions" classname="nuego_automation_project.NuegoBookingTest" time="0.0">
    <skipped message="Method nuego_automation_project.NuegoBookingTest.testHomePageActions() on instance nuego_automation_project.NuegoBookingTest@388526fb depends on not successfully finished methods &#10;[nuego_automation_project.NuegoBookingTest.testLogin() on instance nuego_automation_project.NuegoBookingTest@388526fb]"/>
  </testcase>
  <testcase name="testFilters" classname="nuego_automation_project.NuegoBookingTest" time="0.0">
    <skipped message="Method nuego_automation_project.NuegoBookingTest.testFilters() on instance nuego_automation_project.NuegoBookingTest@388526fb depends on not successfully finished methods &#10;[nuego_automation_project.NuegoBookingTest.testHomePageActions() on instance nuego_automation_project.NuegoBookingTest@388526fb]"/>
  </testcase>
  <testcase name="testBusBookingPageActions" classname="nuego_automation_project.NuegoBookingTest" time="0.0">
    <skipped message="Method nuego_automation_project.NuegoBookingTest.testBusBookingPageActions() on instance nuego_automation_project.NuegoBookingTest@388526fb depends on not successfully finished methods &#10;[nuego_automation_project.NuegoBookingTest.testFilters() on instance nuego_automation_project.NuegoBookingTest@388526fb]"/>
  </testcase>
  <testcase name="testSelectSeatAndProceedToPay" classname="nuego_automation_project.NuegoBookingTest" time="0.0">
    <skipped message="Method nuego_automation_project.NuegoBookingTest.testSelectSeatAndProceedToPay() on instance nuego_automation_project.NuegoBookingTest@388526fb depends on not successfully finished methods &#10;[nuego_automation_project.NuegoBookingTest.testBusBookingPageActions() on instance nuego_automation_project.NuegoBookingTest@388526fb]"/>
  </testcase>
  <testcase name="testReviewBookingFlow" classname="nuego_automation_project.NuegoBookingTest" time="0.0">
    <skipped message="Method nuego_automation_project.NuegoBookingTest.testReviewBookingFlow() on instance nuego_automation_project.NuegoBookingTest@388526fb depends on not successfully finished methods &#10;[nuego_automation_project.NuegoBookingTest.testSelectSeatAndProceedToPay() on instance nuego_automation_project.NuegoBookingTest@388526fb]"/>
  </testcase>
  <testcase name="testPaymentFlow" classname="nuego_automation_project.NuegoBookingTest" time="0.0">
    <skipped message="Method nuego_automation_project.NuegoBookingTest.testPaymentFlow() on instance nuego_automation_project.NuegoBookingTest@388526fb depends on not successfully finished methods &#10;[nuego_automation_project.NuegoBookingTest.testReviewBookingFlow() on instance nuego_automation_project.NuegoBookingTest@388526fb]"/>
  </testcase>
  <testcase name="testTicketPageFlow" classname="nuego_automation_project.NuegoBookingTest" time="0.0">
    <skipped message="Method nuego_automation_project.NuegoBookingTest.testTicketPageFlow() on instance nuego_automation_project.NuegoBookingTest@388526fb depends on not successfully finished methods &#10;[nuego_automation_project.NuegoBookingTest.testPaymentFlow() on instance nuego_automation_project.NuegoBookingTest@388526fb]"/>
  </testcase>
</testsuite>