<?xml version="1.0" encoding="UTF-8"?>
<testng-results retried="2" ignored="2" total="13" passed="0" failed="1" skipped="8">
  <reporter-output>
  </reporter-output>
  <suite started-at="2025-11-19T16:21:54 IST" name="NueGo Automation Suite" finished-at="2025-11-19T16:24:33 IST" duration-ms="159031">
    <groups>
    </groups>
    <test started-at="2025-11-19T16:21:54 IST" name="NueGo Functional Tests" finished-at="2025-11-19T16:24:33 IST" duration-ms="159031">
      <class name="nuego_automation_project.NuegoBookingTest">
        <test-method is-config="true" signature="setUp()[pri:0, instance:nuego_automation_project.NuegoBookingTest@3a5ecce3]" started-at="2025-11-19T16:21:54 IST" name="setUp" finished-at="2025-11-19T16:22:03 IST" duration-ms="9163" status="PASS">
          <reporter-output>
          </reporter-output>
        </test-method> <!-- setUp -->
        <test-method retried="true" signature="testLogin()[pri:1, instance:nuego_automation_project.NuegoBookingTest@3a5ecce3]" started-at="2025-11-19T16:22:03 IST" name="testLogin" description="Login to application using mobile and OTP" finished-at="2025-11-19T16:23:21 IST" duration-ms="77958" status="SKIP">
          <exception class="java.lang.AssertionError">
            <message>
              <![CDATA[Login failed: Login failed: Expected condition failed: waiting for visibility of Proxy element for: DefaultElementLocator 'By.xpath: //input[@aria-label='Please enter OTP character 1']' (tried for 30 second(s) with 500 milliseconds interval)]]>
            </message>
            <full-stacktrace>
              <![CDATA[java.lang.AssertionError: Login failed: Login failed: Expected condition failed: waiting for visibility of Proxy element for: DefaultElementLocator 'By.xpath: //input[@aria-label='Please enter OTP character 1']' (tried for 30 second(s) with 500 milliseconds interval)
at org.testng.Assert.fail(Assert.java:111)
at nuego_automation_project.NuegoBookingTest.handleFailure(NuegoBookingTest.java:396)
at nuego_automation_project.NuegoBookingTest.testLogin(NuegoBookingTest.java:91)
at java.base/jdk.internal.reflect.NativeMethodAccessorImpl.invoke0(Native Method)
at java.base/jdk.internal.reflect.NativeMethodAccessorImpl.invoke(NativeMethodAccessorImpl.java:77)
at java.base/jdk.internal.reflect.DelegatingMethodAccessorImpl.invoke(DelegatingMethodAccessorImpl.java:43)
at java.base/java.lang.reflect.Method.invoke(Method.java:568)
at org.testng.internal.invokers.MethodInvocationHelper.invokeMethod(MethodInvocationHelper.java:141)
at org.testng.internal.invokers.TestInvoker.invokeMethod(TestInvoker.java:686)
at org.testng.internal.invokers.TestInvoker.invokeTestMethod(TestInvoker.java:230)
at org.testng.internal.invokers.MethodRunner.runInSequence(MethodRunner.java:63)
at org.testng.internal.invokers.TestInvoker$MethodInvocationAgent.invoke(TestInvoker.java:992)
at org.testng.internal.invokers.TestInvoker.invokeTestMethods(TestInvoker.java:203)
at org.testng.internal.invokers.TestMethodWorker.invokeTestMethods(TestMethodWorker.java:154)
at org.testng.internal.invokers.TestMethodWorker.run(TestMethodWorker.java:134)
at java.base/java.util.ArrayList.forEach(ArrayList.java:1511)
at org.testng.TestRunner.privateRun(TestRunner.java:739)
at org.testng.TestRunner.run(TestRunner.java:614)
at org.testng.SuiteRunner.runTest(SuiteRunner.java:421)
at org.testng.SuiteRunner.runSequentially(SuiteRunner.java:413)
at org.testng.SuiteRunner.privateRun(SuiteRunner.java:373)
at org.testng.SuiteRunner.run(SuiteRunner.java:312)
at org.testng.SuiteRunnerWorker.runSuite(SuiteRunnerWorker.java:52)
at org.testng.SuiteRunnerWorker.run(SuiteRunnerWorker.java:95)
at org.testng.TestNG.runSuitesSequentially(TestNG.java:1274)
at org.testng.TestNG.runSuitesLocally(TestNG.java:1208)
at org.testng.TestNG.runSuites(TestNG.java:1112)
at org.testng.TestNG.run(TestNG.java:1079)
at org.apache.maven.surefire.testng.TestNGExecutor.run(TestNGExecutor.java:308)
at org.apache.maven.surefire.testng.TestNGXmlTestSuite.execute(TestNGXmlTestSuite.java:71)
at org.apache.maven.surefire.testng.TestNGProvider.invoke(TestNGProvider.java:113)
at org.apache.maven.surefire.booter.ForkedBooter.runSuitesInProcess(ForkedBooter.java:385)
at org.apache.maven.surefire.booter.ForkedBooter.execute(ForkedBooter.java:162)
at org.apache.maven.surefire.booter.ForkedBooter.run(ForkedBooter.java:507)
at org.apache.maven.surefire.booter.ForkedBooter.main(ForkedBooter.java:495)
]]>
            </full-stacktrace>
          </exception> <!-- java.lang.AssertionError -->
          <reporter-output>
          </reporter-output>
        </test-method> <!-- testLogin -->
        <test-method retried="true" signature="testLogin()[pri:1, instance:nuego_automation_project.NuegoBookingTest@3a5ecce3]" started-at="2025-11-19T16:23:21 IST" name="testLogin" description="Login to application using mobile and OTP" finished-at="2025-11-19T16:23:57 IST" duration-ms="35716" status="SKIP">
          <exception class="java.lang.AssertionError">
            <message>
              <![CDATA[Login failed: Login failed: element click intercepted: Element <img src="/static/media/profile.fdbf0d3a866b38196f43cf1587d719bd.svg" alt="Profile" class="mr-2 profile-picture" loading="lazy"> is not clickable at point (1221, 51). Other element would receive the click: <div class="modal-backdrop fade show"></div>
  (Session info: chrome=142.0.7444.134)
Build info: version: '4.21.0', revision: '79ed462ef4'
System info: os.name: 'Windows 11', os.arch: 'amd64', os.version: '10.0', java.version: '17.0.12'
Driver info: org.openqa.selenium.chrome.ChromeDriver
Command: [05babee2d4878d1c18b07a3fa54ad117, clickElement {id=f.C2431E621887CD24F69DE2BE83697231.d.8024727BE75B82B06BAB2596DD36B32A.e.186}]
Capabilities {acceptInsecureCerts: false, browserName: chrome, browserVersion: 142.0.7444.134, chrome: {chromedriverVersion: 142.0.7444.175 (302067f14a4..., userDataDir: C:\Users\SUMEDH~1.SON\AppDa...}, fedcm:accounts: true, goog:chromeOptions: {debuggerAddress: localhost:51694}, goog:processID: 22028, networkConnectionEnabled: false, pageLoadStrategy: normal, platformName: windows, proxy: Proxy(), se:cdp: ws://localhost:51694/devtoo..., se:cdpVersion: 142.0.7444.134, setWindowRect: true, strictFileInteractability: false, timeouts: {implicit: 0, pageLoad: 300000, script: 30000}, unhandledPromptBehavior: dismiss and notify, webauthn:extension:credBlob: true, webauthn:extension:largeBlob: true, webauthn:extension:minPinLength: true, webauthn:extension:prf: true, webauthn:virtualAuthenticators: true}
Element: [[ChromeDriver: chrome on windows (05babee2d4878d1c18b07a3fa54ad117)] -> xpath: //img[@alt='Profile']]
Session ID: 05babee2d4878d1c18b07a3fa54ad117]]>
            </message>
            <full-stacktrace>
              <![CDATA[java.lang.AssertionError: Login failed: Login failed: element click intercepted: Element <img src="/static/media/profile.fdbf0d3a866b38196f43cf1587d719bd.svg" alt="Profile" class="mr-2 profile-picture" loading="lazy"> is not clickable at point (1221, 51). Other element would receive the click: <div class="modal-backdrop fade show"></div>
  (Session info: chrome=142.0.7444.134)
Build info: version: '4.21.0', revision: '79ed462ef4'
System info: os.name: 'Windows 11', os.arch: 'amd64', os.version: '10.0', java.version: '17.0.12'
Driver info: org.openqa.selenium.chrome.ChromeDriver
Command: [05babee2d4878d1c18b07a3fa54ad117, clickElement {id=f.C2431E621887CD24F69DE2BE83697231.d.8024727BE75B82B06BAB2596DD36B32A.e.186}]
Capabilities {acceptInsecureCerts: false, browserName: chrome, browserVersion: 142.0.7444.134, chrome: {chromedriverVersion: 142.0.7444.175 (302067f14a4..., userDataDir: C:\Users\SUMEDH~1.SON\AppDa...}, fedcm:accounts: true, goog:chromeOptions: {debuggerAddress: localhost:51694}, goog:processID: 22028, networkConnectionEnabled: false, pageLoadStrategy: normal, platformName: windows, proxy: Proxy(), se:cdp: ws://localhost:51694/devtoo..., se:cdpVersion: 142.0.7444.134, setWindowRect: true, strictFileInteractability: false, timeouts: {implicit: 0, pageLoad: 300000, script: 30000}, unhandledPromptBehavior: dismiss and notify, webauthn:extension:credBlob: true, webauthn:extension:largeBlob: true, webauthn:extension:minPinLength: true, webauthn:extension:prf: true, webauthn:virtualAuthenticators: true}
Element: [[ChromeDriver: chrome on windows (05babee2d4878d1c18b07a3fa54ad117)] -> xpath: //img[@alt='Profile']]
Session ID: 05babee2d4878d1c18b07a3fa54ad117
at org.testng.Assert.fail(Assert.java:111)
at nuego_automation_project.NuegoBookingTest.handleFailure(NuegoBookingTest.java:396)
at nuego_automation_project.NuegoBookingTest.testLogin(NuegoBookingTest.java:91)
at java.base/jdk.internal.reflect.NativeMethodAccessorImpl.invoke0(Native Method)
at java.base/jdk.internal.reflect.NativeMethodAccessorImpl.invoke(NativeMethodAccessorImpl.java:77)
at java.base/jdk.internal.reflect.DelegatingMethodAccessorImpl.invoke(DelegatingMethodAccessorImpl.java:43)
at java.base/java.lang.reflect.Method.invoke(Method.java:568)
at org.testng.internal.invokers.MethodInvocationHelper.invokeMethod(MethodInvocationHelper.java:141)
at org.testng.internal.invokers.TestInvoker.invokeMethod(TestInvoker.java:686)
at org.testng.internal.invokers.TestInvoker.retryFailed(TestInvoker.java:269)
at org.testng.internal.invokers.MethodRunner.runInSequence(MethodRunner.java:76)
at org.testng.internal.invokers.TestInvoker$MethodInvocationAgent.invoke(TestInvoker.java:992)
at org.testng.internal.invokers.TestInvoker.invokeTestMethods(TestInvoker.java:203)
at org.testng.internal.invokers.TestMethodWorker.invokeTestMethods(TestMethodWorker.java:154)
at org.testng.internal.invokers.TestMethodWorker.run(TestMethodWorker.java:134)
at java.base/java.util.ArrayList.forEach(ArrayList.java:1511)
at org.testng.TestRunner.privateRun(TestRunner.java:739)
at org.testng.TestRunner.run(TestRunner.java:614)
at org.testng.SuiteRunner.runTest(SuiteRunner.java:421)
at org.testng.SuiteRunner.runSequentially(SuiteRunner.java:413)
at org.testng.SuiteRunner.privateRun(SuiteRunner.java:373)
at org.testng.SuiteRunner.run(SuiteRunner.java:312)
at org.testng.SuiteRunnerWorker.runSuite(SuiteRunnerWorker.java:52)
at org.testng.SuiteRunnerWorker.run(SuiteRunnerWorker.java:95)
at org.testng.TestNG.runSuitesSequentially(TestNG.java:1274)
at org.testng.TestNG.runSuitesLocally(TestNG.java:1208)
at org.testng.TestNG.runSuites(TestNG.java:1112)
at org.testng.TestNG.run(TestNG.java:1079)
at org.apache.maven.surefire.testng.TestNGExecutor.run(TestNGExecutor.java:308)
at org.apache.maven.surefire.testng.TestNGXmlTestSuite.execute(TestNGXmlTestSuite.java:71)
at org.apache.maven.surefire.testng.TestNGProvider.invoke(TestNGProvider.java:113)
at org.apache.maven.surefire.booter.ForkedBooter.runSuitesInProcess(ForkedBooter.java:385)
at org.apache.maven.surefire.booter.ForkedBooter.execute(ForkedBooter.java:162)
at org.apache.maven.surefire.booter.ForkedBooter.run(ForkedBooter.java:507)
at org.apache.maven.surefire.booter.ForkedBooter.main(ForkedBooter.java:495)
]]>
            </full-stacktrace>
          </exception> <!-- java.lang.AssertionError -->
          <reporter-output>
          </reporter-output>
        </test-method> <!-- testLogin -->
        <test-method signature="testLogin()[pri:1, instance:nuego_automation_project.NuegoBookingTest@3a5ecce3]" started-at="2025-11-19T16:23:57 IST" name="testLogin" description="Login to application using mobile and OTP" finished-at="2025-11-19T16:24:30 IST" duration-ms="33269" status="FAIL">
          <exception class="java.lang.AssertionError">
            <message>
              <![CDATA[Login failed: Login failed: element click intercepted: Element <img src="/static/media/profile.fdbf0d3a866b38196f43cf1587d719bd.svg" alt="Profile" class="mr-2 profile-picture" loading="lazy"> is not clickable at point (1221, 51). Other element would receive the click: <div class="modal-backdrop fade show"></div>
  (Session info: chrome=142.0.7444.134)
Build info: version: '4.21.0', revision: '79ed462ef4'
System info: os.name: 'Windows 11', os.arch: 'amd64', os.version: '10.0', java.version: '17.0.12'
Driver info: org.openqa.selenium.chrome.ChromeDriver
Command: [05babee2d4878d1c18b07a3fa54ad117, clickElement {id=f.C2431E621887CD24F69DE2BE83697231.d.CDD579FA2AF375A907A0EA15E78E3EBD.e.330}]
Capabilities {acceptInsecureCerts: false, browserName: chrome, browserVersion: 142.0.7444.134, chrome: {chromedriverVersion: 142.0.7444.175 (302067f14a4..., userDataDir: C:\Users\SUMEDH~1.SON\AppDa...}, fedcm:accounts: true, goog:chromeOptions: {debuggerAddress: localhost:51694}, goog:processID: 22028, networkConnectionEnabled: false, pageLoadStrategy: normal, platformName: windows, proxy: Proxy(), se:cdp: ws://localhost:51694/devtoo..., se:cdpVersion: 142.0.7444.134, setWindowRect: true, strictFileInteractability: false, timeouts: {implicit: 0, pageLoad: 300000, script: 30000}, unhandledPromptBehavior: dismiss and notify, webauthn:extension:credBlob: true, webauthn:extension:largeBlob: true, webauthn:extension:minPinLength: true, webauthn:extension:prf: true, webauthn:virtualAuthenticators: true}
Element: [[ChromeDriver: chrome on windows (05babee2d4878d1c18b07a3fa54ad117)] -> xpath: //img[@alt='Profile']]
Session ID: 05babee2d4878d1c18b07a3fa54ad117]]>
            </message>
            <full-stacktrace>
              <![CDATA[java.lang.AssertionError: Login failed: Login failed: element click intercepted: Element <img src="/static/media/profile.fdbf0d3a866b38196f43cf1587d719bd.svg" alt="Profile" class="mr-2 profile-picture" loading="lazy"> is not clickable at point (1221, 51). Other element would receive the click: <div class="modal-backdrop fade show"></div>
  (Session info: chrome=142.0.7444.134)
Build info: version: '4.21.0', revision: '79ed462ef4'
System info: os.name: 'Windows 11', os.arch: 'amd64', os.version: '10.0', java.version: '17.0.12'
Driver info: org.openqa.selenium.chrome.ChromeDriver
Command: [05babee2d4878d1c18b07a3fa54ad117, clickElement {id=f.C2431E621887CD24F69DE2BE83697231.d.CDD579FA2AF375A907A0EA15E78E3EBD.e.330}]
Capabilities {acceptInsecureCerts: false, browserName: chrome, browserVersion: 142.0.7444.134, chrome: {chromedriverVersion: 142.0.7444.175 (302067f14a4..., userDataDir: C:\Users\SUMEDH~1.SON\AppDa...}, fedcm:accounts: true, goog:chromeOptions: {debuggerAddress: localhost:51694}, goog:processID: 22028, networkConnectionEnabled: false, pageLoadStrategy: normal, platformName: windows, proxy: Proxy(), se:cdp: ws://localhost:51694/devtoo..., se:cdpVersion: 142.0.7444.134, setWindowRect: true, strictFileInteractability: false, timeouts: {implicit: 0, pageLoad: 300000, script: 30000}, unhandledPromptBehavior: dismiss and notify, webauthn:extension:credBlob: true, webauthn:extension:largeBlob: true, webauthn:extension:minPinLength: true, webauthn:extension:prf: true, webauthn:virtualAuthenticators: true}
Element: [[ChromeDriver: chrome on windows (05babee2d4878d1c18b07a3fa54ad117)] -> xpath: //img[@alt='Profile']]
Session ID: 05babee2d4878d1c18b07a3fa54ad117
at org.testng.Assert.fail(Assert.java:111)
at nuego_automation_project.NuegoBookingTest.handleFailure(NuegoBookingTest.java:396)
at nuego_automation_project.NuegoBookingTest.testLogin(NuegoBookingTest.java:91)
at java.base/jdk.internal.reflect.NativeMethodAccessorImpl.invoke0(Native Method)
at java.base/jdk.internal.reflect.NativeMethodAccessorImpl.invoke(NativeMethodAccessorImpl.java:77)
at java.base/jdk.internal.reflect.DelegatingMethodAccessorImpl.invoke(DelegatingMethodAccessorImpl.java:43)
at java.base/java.lang.reflect.Method.invoke(Method.java:568)
at org.testng.internal.invokers.MethodInvocationHelper.invokeMethod(MethodInvocationHelper.java:141)
at org.testng.internal.invokers.TestInvoker.invokeMethod(TestInvoker.java:686)
at org.testng.internal.invokers.TestInvoker.retryFailed(TestInvoker.java:269)
at org.testng.internal.invokers.MethodRunner.runInSequence(MethodRunner.java:76)
at org.testng.internal.invokers.TestInvoker$MethodInvocationAgent.invoke(TestInvoker.java:992)
at org.testng.internal.invokers.TestInvoker.invokeTestMethods(TestInvoker.java:203)
at org.testng.internal.invokers.TestMethodWorker.invokeTestMethods(TestMethodWorker.java:154)
at org.testng.internal.invokers.TestMethodWorker.run(TestMethodWorker.java:134)
at java.base/java.util.ArrayList.forEach(ArrayList.java:1511)
at org.testng.TestRunner.privateRun(TestRunner.java:739)
at org.testng.TestRunner.run(TestRunner.java:614)
at org.testng.SuiteRunner.runTest(SuiteRunner.java:421)
at org.testng.SuiteRunner.runSequentially(SuiteRunner.java:413)
at org.testng.SuiteRunner.privateRun(SuiteRunner.java:373)
at org.testng.SuiteRunner.run(SuiteRunner.java:312)
at org.testng.SuiteRunnerWorker.runSuite(SuiteRunnerWorker.java:52)
at org.testng.SuiteRunnerWorker.run(SuiteRunnerWorker.java:95)
at org.testng.TestNG.runSuitesSequentially(TestNG.java:1274)
at org.testng.TestNG.runSuitesLocally(TestNG.java:1208)
at org.testng.TestNG.runSuites(TestNG.java:1112)
at org.testng.TestNG.run(TestNG.java:1079)
at org.apache.maven.surefire.testng.TestNGExecutor.run(TestNGExecutor.java:308)
at org.apache.maven.surefire.testng.TestNGXmlTestSuite.execute(TestNGXmlTestSuite.java:71)
at org.apache.maven.surefire.testng.TestNGProvider.invoke(TestNGProvider.java:113)
at org.apache.maven.surefire.booter.ForkedBooter.runSuitesInProcess(ForkedBooter.java:385)
at org.apache.maven.surefire.booter.ForkedBooter.execute(ForkedBooter.java:162)
at org.apache.maven.surefire.booter.ForkedBooter.run(ForkedBooter.java:507)
at org.apache.maven.surefire.booter.ForkedBooter.main(ForkedBooter.java:495)
]]>
            </full-stacktrace>
          </exception> <!-- java.lang.AssertionError -->
          <reporter-output>
          </reporter-output>
        </test-method> <!-- testLogin -->
        <test-method signature="testHomePageActions()[pri:2, instance:nuego_automation_project.NuegoBookingTest@3a5ecce3]" started-at="2025-11-19T16:24:30 IST" name="testHomePageActions" description="Handle homepage popups and search bus" finished-at="2025-11-19T16:24:30 IST" depends-on-methods="nuego_automation_project.NuegoBookingTest.testLogin" duration-ms="0" status="SKIP">
          <exception class="java.lang.Throwable">
            <message>
              <![CDATA[Method nuego_automation_project.NuegoBookingTest.testHomePageActions() on instance nuego_automation_project.NuegoBookingTest@3a5ecce3 depends on not successfully finished methods 
[nuego_automation_project.NuegoBookingTest.testLogin() on instance nuego_automation_project.NuegoBookingTest@3a5ecce3]]]>
            </message>
            <full-stacktrace>
              <![CDATA[java.lang.Throwable: Method nuego_automation_project.NuegoBookingTest.testHomePageActions() on instance nuego_automation_project.NuegoBookingTest@3a5ecce3 depends on not successfully finished methods 
[nuego_automation_project.NuegoBookingTest.testLogin() on instance nuego_automation_project.NuegoBookingTest@3a5ecce3]
at org.testng.internal.invokers.TestInvoker.invokeTestMethods(TestInvoker.java:159)
at org.testng.internal.invokers.TestMethodWorker.invokeTestMethods(TestMethodWorker.java:154)
at org.testng.internal.invokers.TestMethodWorker.run(TestMethodWorker.java:134)
at java.base/java.util.ArrayList.forEach(ArrayList.java:1511)
at org.testng.TestRunner.privateRun(TestRunner.java:739)
at org.testng.TestRunner.run(TestRunner.java:614)
at org.testng.SuiteRunner.runTest(SuiteRunner.java:421)
at org.testng.SuiteRunner.runSequentially(SuiteRunner.java:413)
at org.testng.SuiteRunner.privateRun(SuiteRunner.java:373)
at org.testng.SuiteRunner.run(SuiteRunner.java:312)
at org.testng.SuiteRunnerWorker.runSuite(SuiteRunnerWorker.java:52)
at org.testng.SuiteRunnerWorker.run(SuiteRunnerWorker.java:95)
at org.testng.TestNG.runSuitesSequentially(TestNG.java:1274)
at org.testng.TestNG.runSuitesLocally(TestNG.java:1208)
at org.testng.TestNG.runSuites(TestNG.java:1112)
at org.testng.TestNG.run(TestNG.java:1079)
at org.apache.maven.surefire.testng.TestNGExecutor.run(TestNGExecutor.java:308)
at org.apache.maven.surefire.testng.TestNGXmlTestSuite.execute(TestNGXmlTestSuite.java:71)
at org.apache.maven.surefire.testng.TestNGProvider.invoke(TestNGProvider.java:113)
at org.apache.maven.surefire.booter.ForkedBooter.runSuitesInProcess(ForkedBooter.java:385)
at org.apache.maven.surefire.booter.ForkedBooter.execute(ForkedBooter.java:162)
at org.apache.maven.surefire.booter.ForkedBooter.run(ForkedBooter.java:507)
at org.apache.maven.surefire.booter.ForkedBooter.main(ForkedBooter.java:495)
]]>
            </full-stacktrace>
          </exception> <!-- java.lang.Throwable -->
          <reporter-output>
          </reporter-output>
        </test-method> <!-- testHomePageActions -->
        <test-method signature="testFilters()[pri:3, instance:nuego_automation_project.NuegoBookingTest@3a5ecce3]" started-at="2025-11-19T16:24:30 IST" name="testFilters" description="Apply filters" finished-at="2025-11-19T16:24:30 IST" depends-on-methods="nuego_automation_project.NuegoBookingTest.testHomePageActions" duration-ms="0" status="SKIP">
          <exception class="java.lang.Throwable">
            <message>
              <![CDATA[Method nuego_automation_project.NuegoBookingTest.testFilters() on instance nuego_automation_project.NuegoBookingTest@3a5ecce3 depends on not successfully finished methods 
[nuego_automation_project.NuegoBookingTest.testHomePageActions() on instance nuego_automation_project.NuegoBookingTest@3a5ecce3]]]>
            </message>
            <full-stacktrace>
              <![CDATA[java.lang.Throwable: Method nuego_automation_project.NuegoBookingTest.testFilters() on instance nuego_automation_project.NuegoBookingTest@3a5ecce3 depends on not successfully finished methods 
[nuego_automation_project.NuegoBookingTest.testHomePageActions() on instance nuego_automation_project.NuegoBookingTest@3a5ecce3]
at org.testng.internal.invokers.TestInvoker.invokeTestMethods(TestInvoker.java:159)
at org.testng.internal.invokers.TestMethodWorker.invokeTestMethods(TestMethodWorker.java:154)
at org.testng.internal.invokers.TestMethodWorker.run(TestMethodWorker.java:134)
at java.base/java.util.ArrayList.forEach(ArrayList.java:1511)
at org.testng.TestRunner.privateRun(TestRunner.java:739)
at org.testng.TestRunner.run(TestRunner.java:614)
at org.testng.SuiteRunner.runTest(SuiteRunner.java:421)
at org.testng.SuiteRunner.runSequentially(SuiteRunner.java:413)
at org.testng.SuiteRunner.privateRun(SuiteRunner.java:373)
at org.testng.SuiteRunner.run(SuiteRunner.java:312)
at org.testng.SuiteRunnerWorker.runSuite(SuiteRunnerWorker.java:52)
at org.testng.SuiteRunnerWorker.run(SuiteRunnerWorker.java:95)
at org.testng.TestNG.runSuitesSequentially(TestNG.java:1274)
at org.testng.TestNG.runSuitesLocally(TestNG.java:1208)
at org.testng.TestNG.runSuites(TestNG.java:1112)
at org.testng.TestNG.run(TestNG.java:1079)
at org.apache.maven.surefire.testng.TestNGExecutor.run(TestNGExecutor.java:308)
at org.apache.maven.surefire.testng.TestNGXmlTestSuite.execute(TestNGXmlTestSuite.java:71)
at org.apache.maven.surefire.testng.TestNGProvider.invoke(TestNGProvider.java:113)
at org.apache.maven.surefire.booter.ForkedBooter.runSuitesInProcess(ForkedBooter.java:385)
at org.apache.maven.surefire.booter.ForkedBooter.execute(ForkedBooter.java:162)
at org.apache.maven.surefire.booter.ForkedBooter.run(ForkedBooter.java:507)
at org.apache.maven.surefire.booter.ForkedBooter.main(ForkedBooter.java:495)
]]>
            </full-stacktrace>
          </exception> <!-- java.lang.Throwable -->
          <reporter-output>
          </reporter-output>
        </test-method> <!-- testFilters -->
        <test-method signature="testBusBookingPageActions()[pri:4, instance:nuego_automation_project.NuegoBookingTest@3a5ecce3]" started-at="2025-11-19T16:24:30 IST" name="testBusBookingPageActions" description="Scroll and click seat on Bus Booking page" finished-at="2025-11-19T16:24:30 IST" depends-on-methods="nuego_automation_project.NuegoBookingTest.testFilters" duration-ms="0" status="SKIP">
          <exception class="java.lang.Throwable">
            <message>
              <![CDATA[Method nuego_automation_project.NuegoBookingTest.testBusBookingPageActions() on instance nuego_automation_project.NuegoBookingTest@3a5ecce3 depends on not successfully finished methods 
[nuego_automation_project.NuegoBookingTest.testFilters() on instance nuego_automation_project.NuegoBookingTest@3a5ecce3]]]>
            </message>
            <full-stacktrace>
              <![CDATA[java.lang.Throwable: Method nuego_automation_project.NuegoBookingTest.testBusBookingPageActions() on instance nuego_automation_project.NuegoBookingTest@3a5ecce3 depends on not successfully finished methods 
[nuego_automation_project.NuegoBookingTest.testFilters() on instance nuego_automation_project.NuegoBookingTest@3a5ecce3]
at org.testng.internal.invokers.TestInvoker.invokeTestMethods(TestInvoker.java:159)
at org.testng.internal.invokers.TestMethodWorker.invokeTestMethods(TestMethodWorker.java:154)
at org.testng.internal.invokers.TestMethodWorker.run(TestMethodWorker.java:134)
at java.base/java.util.ArrayList.forEach(ArrayList.java:1511)
at org.testng.TestRunner.privateRun(TestRunner.java:739)
at org.testng.TestRunner.run(TestRunner.java:614)
at org.testng.SuiteRunner.runTest(SuiteRunner.java:421)
at org.testng.SuiteRunner.runSequentially(SuiteRunner.java:413)
at org.testng.SuiteRunner.privateRun(SuiteRunner.java:373)
at org.testng.SuiteRunner.run(SuiteRunner.java:312)
at org.testng.SuiteRunnerWorker.runSuite(SuiteRunnerWorker.java:52)
at org.testng.SuiteRunnerWorker.run(SuiteRunnerWorker.java:95)
at org.testng.TestNG.runSuitesSequentially(TestNG.java:1274)
at org.testng.TestNG.runSuitesLocally(TestNG.java:1208)
at org.testng.TestNG.runSuites(TestNG.java:1112)
at org.testng.TestNG.run(TestNG.java:1079)
at org.apache.maven.surefire.testng.TestNGExecutor.run(TestNGExecutor.java:308)
at org.apache.maven.surefire.testng.TestNGXmlTestSuite.execute(TestNGXmlTestSuite.java:71)
at org.apache.maven.surefire.testng.TestNGProvider.invoke(TestNGProvider.java:113)
at org.apache.maven.surefire.booter.ForkedBooter.runSuitesInProcess(ForkedBooter.java:385)
at org.apache.maven.surefire.booter.ForkedBooter.execute(ForkedBooter.java:162)
at org.apache.maven.surefire.booter.ForkedBooter.run(ForkedBooter.java:507)
at org.apache.maven.surefire.booter.ForkedBooter.main(ForkedBooter.java:495)
]]>
            </full-stacktrace>
          </exception> <!-- java.lang.Throwable -->
          <reporter-output>
          </reporter-output>
        </test-method> <!-- testBusBookingPageActions -->
        <test-method signature="testSelectSeatAndProceedToPay()[pri:5, instance:nuego_automation_project.NuegoBookingTest@3a5ecce3]" started-at="2025-11-19T16:24:30 IST" name="testSelectSeatAndProceedToPay" description="Select seat, pickup &amp; drop points and click Book &amp; Pay" finished-at="2025-11-19T16:24:30 IST" depends-on-methods="nuego_automation_project.NuegoBookingTest.testBusBookingPageActions" duration-ms="0" status="SKIP">
          <exception class="java.lang.Throwable">
            <message>
              <![CDATA[Method nuego_automation_project.NuegoBookingTest.testSelectSeatAndProceedToPay() on instance nuego_automation_project.NuegoBookingTest@3a5ecce3 depends on not successfully finished methods 
[nuego_automation_project.NuegoBookingTest.testBusBookingPageActions() on instance nuego_automation_project.NuegoBookingTest@3a5ecce3]]]>
            </message>
            <full-stacktrace>
              <![CDATA[java.lang.Throwable: Method nuego_automation_project.NuegoBookingTest.testSelectSeatAndProceedToPay() on instance nuego_automation_project.NuegoBookingTest@3a5ecce3 depends on not successfully finished methods 
[nuego_automation_project.NuegoBookingTest.testBusBookingPageActions() on instance nuego_automation_project.NuegoBookingTest@3a5ecce3]
at org.testng.internal.invokers.TestInvoker.invokeTestMethods(TestInvoker.java:159)
at org.testng.internal.invokers.TestMethodWorker.invokeTestMethods(TestMethodWorker.java:154)
at org.testng.internal.invokers.TestMethodWorker.run(TestMethodWorker.java:134)
at java.base/java.util.ArrayList.forEach(ArrayList.java:1511)
at org.testng.TestRunner.privateRun(TestRunner.java:739)
at org.testng.TestRunner.run(TestRunner.java:614)
at org.testng.SuiteRunner.runTest(SuiteRunner.java:421)
at org.testng.SuiteRunner.runSequentially(SuiteRunner.java:413)
at org.testng.SuiteRunner.privateRun(SuiteRunner.java:373)
at org.testng.SuiteRunner.run(SuiteRunner.java:312)
at org.testng.SuiteRunnerWorker.runSuite(SuiteRunnerWorker.java:52)
at org.testng.SuiteRunnerWorker.run(SuiteRunnerWorker.java:95)
at org.testng.TestNG.runSuitesSequentially(TestNG.java:1274)
at org.testng.TestNG.runSuitesLocally(TestNG.java:1208)
at org.testng.TestNG.runSuites(TestNG.java:1112)
at org.testng.TestNG.run(TestNG.java:1079)
at org.apache.maven.surefire.testng.TestNGExecutor.run(TestNGExecutor.java:308)
at org.apache.maven.surefire.testng.TestNGXmlTestSuite.execute(TestNGXmlTestSuite.java:71)
at org.apache.maven.surefire.testng.TestNGProvider.invoke(TestNGProvider.java:113)
at org.apache.maven.surefire.booter.ForkedBooter.runSuitesInProcess(ForkedBooter.java:385)
at org.apache.maven.surefire.booter.ForkedBooter.execute(ForkedBooter.java:162)
at org.apache.maven.surefire.booter.ForkedBooter.run(ForkedBooter.java:507)
at org.apache.maven.surefire.booter.ForkedBooter.main(ForkedBooter.java:495)
]]>
            </full-stacktrace>
          </exception> <!-- java.lang.Throwable -->
          <reporter-output>
          </reporter-output>
        </test-method> <!-- testSelectSeatAndProceedToPay -->
        <test-method signature="testReviewBookingFlow()[pri:6, instance:nuego_automation_project.NuegoBookingTest@3a5ecce3]" started-at="2025-11-19T16:24:30 IST" name="testReviewBookingFlow" description="Verify Review Booking flow actions" finished-at="2025-11-19T16:24:30 IST" depends-on-methods="nuego_automation_project.NuegoBookingTest.testSelectSeatAndProceedToPay" duration-ms="0" status="SKIP">
          <exception class="java.lang.Throwable">
            <message>
              <![CDATA[Method nuego_automation_project.NuegoBookingTest.testReviewBookingFlow() on instance nuego_automation_project.NuegoBookingTest@3a5ecce3 depends on not successfully finished methods 
[nuego_automation_project.NuegoBookingTest.testSelectSeatAndProceedToPay() on instance nuego_automation_project.NuegoBookingTest@3a5ecce3]]]>
            </message>
            <full-stacktrace>
              <![CDATA[java.lang.Throwable: Method nuego_automation_project.NuegoBookingTest.testReviewBookingFlow() on instance nuego_automation_project.NuegoBookingTest@3a5ecce3 depends on not successfully finished methods 
[nuego_automation_project.NuegoBookingTest.testSelectSeatAndProceedToPay() on instance nuego_automation_project.NuegoBookingTest@3a5ecce3]
at org.testng.internal.invokers.TestInvoker.invokeTestMethods(TestInvoker.java:159)
at org.testng.internal.invokers.TestMethodWorker.invokeTestMethods(TestMethodWorker.java:154)
at org.testng.internal.invokers.TestMethodWorker.run(TestMethodWorker.java:134)
at java.base/java.util.ArrayList.forEach(ArrayList.java:1511)
at org.testng.TestRunner.privateRun(TestRunner.java:739)
at org.testng.TestRunner.run(TestRunner.java:614)
at org.testng.SuiteRunner.runTest(SuiteRunner.java:421)
at org.testng.SuiteRunner.runSequentially(SuiteRunner.java:413)
at org.testng.SuiteRunner.privateRun(SuiteRunner.java:373)
at org.testng.SuiteRunner.run(SuiteRunner.java:312)
at org.testng.SuiteRunnerWorker.runSuite(SuiteRunnerWorker.java:52)
at org.testng.SuiteRunnerWorker.run(SuiteRunnerWorker.java:95)
at org.testng.TestNG.runSuitesSequentially(TestNG.java:1274)
at org.testng.TestNG.runSuitesLocally(TestNG.java:1208)
at org.testng.TestNG.runSuites(TestNG.java:1112)
at org.testng.TestNG.run(TestNG.java:1079)
at org.apache.maven.surefire.testng.TestNGExecutor.run(TestNGExecutor.java:308)
at org.apache.maven.surefire.testng.TestNGXmlTestSuite.execute(TestNGXmlTestSuite.java:71)
at org.apache.maven.surefire.testng.TestNGProvider.invoke(TestNGProvider.java:113)
at org.apache.maven.surefire.booter.ForkedBooter.runSuitesInProcess(ForkedBooter.java:385)
at org.apache.maven.surefire.booter.ForkedBooter.execute(ForkedBooter.java:162)
at org.apache.maven.surefire.booter.ForkedBooter.run(ForkedBooter.java:507)
at org.apache.maven.surefire.booter.ForkedBooter.main(ForkedBooter.java:495)
]]>
            </full-stacktrace>
          </exception> <!-- java.lang.Throwable -->
          <reporter-output>
          </reporter-output>
        </test-method> <!-- testReviewBookingFlow -->
        <test-method signature="testPaymentFlow()[pri:7, instance:nuego_automation_project.NuegoBookingTest@3a5ecce3]" started-at="2025-11-19T16:24:30 IST" name="testPaymentFlow" description="Complete payment flow using NetBanking - Axis Bank" finished-at="2025-11-19T16:24:30 IST" depends-on-methods="nuego_automation_project.NuegoBookingTest.testReviewBookingFlow" duration-ms="0" status="SKIP">
          <exception class="java.lang.Throwable">
            <message>
              <![CDATA[Method nuego_automation_project.NuegoBookingTest.testPaymentFlow() on instance nuego_automation_project.NuegoBookingTest@3a5ecce3 depends on not successfully finished methods 
[nuego_automation_project.NuegoBookingTest.testReviewBookingFlow() on instance nuego_automation_project.NuegoBookingTest@3a5ecce3]]]>
            </message>
            <full-stacktrace>
              <![CDATA[java.lang.Throwable: Method nuego_automation_project.NuegoBookingTest.testPaymentFlow() on instance nuego_automation_project.NuegoBookingTest@3a5ecce3 depends on not successfully finished methods 
[nuego_automation_project.NuegoBookingTest.testReviewBookingFlow() on instance nuego_automation_project.NuegoBookingTest@3a5ecce3]
at org.testng.internal.invokers.TestInvoker.invokeTestMethods(TestInvoker.java:159)
at org.testng.internal.invokers.TestMethodWorker.invokeTestMethods(TestMethodWorker.java:154)
at org.testng.internal.invokers.TestMethodWorker.run(TestMethodWorker.java:134)
at java.base/java.util.ArrayList.forEach(ArrayList.java:1511)
at org.testng.TestRunner.privateRun(TestRunner.java:739)
at org.testng.TestRunner.run(TestRunner.java:614)
at org.testng.SuiteRunner.runTest(SuiteRunner.java:421)
at org.testng.SuiteRunner.runSequentially(SuiteRunner.java:413)
at org.testng.SuiteRunner.privateRun(SuiteRunner.java:373)
at org.testng.SuiteRunner.run(SuiteRunner.java:312)
at org.testng.SuiteRunnerWorker.runSuite(SuiteRunnerWorker.java:52)
at org.testng.SuiteRunnerWorker.run(SuiteRunnerWorker.java:95)
at org.testng.TestNG.runSuitesSequentially(TestNG.java:1274)
at org.testng.TestNG.runSuitesLocally(TestNG.java:1208)
at org.testng.TestNG.runSuites(TestNG.java:1112)
at org.testng.TestNG.run(TestNG.java:1079)
at org.apache.maven.surefire.testng.TestNGExecutor.run(TestNGExecutor.java:308)
at org.apache.maven.surefire.testng.TestNGXmlTestSuite.execute(TestNGXmlTestSuite.java:71)
at org.apache.maven.surefire.testng.TestNGProvider.invoke(TestNGProvider.java:113)
at org.apache.maven.surefire.booter.ForkedBooter.runSuitesInProcess(ForkedBooter.java:385)
at org.apache.maven.surefire.booter.ForkedBooter.execute(ForkedBooter.java:162)
at org.apache.maven.surefire.booter.ForkedBooter.run(ForkedBooter.java:507)
at org.apache.maven.surefire.booter.ForkedBooter.main(ForkedBooter.java:495)
]]>
            </full-stacktrace>
          </exception> <!-- java.lang.Throwable -->
          <reporter-output>
          </reporter-output>
        </test-method> <!-- testPaymentFlow -->
        <test-method signature="testTicketConfirmationFlow()[pri:8, instance:nuego_automation_project.NuegoBookingTest@3a5ecce3]" started-at="2025-11-19T16:24:30 IST" name="testTicketConfirmationFlow" description="Verify Ticket Confirmation page actions" finished-at="2025-11-19T16:24:30 IST" depends-on-methods="nuego_automation_project.NuegoBookingTest.testPaymentFlow" duration-ms="0" status="SKIP">
          <exception class="java.lang.Throwable">
            <message>
              <![CDATA[Method nuego_automation_project.NuegoBookingTest.testTicketConfirmationFlow() on instance nuego_automation_project.NuegoBookingTest@3a5ecce3 depends on not successfully finished methods 
[nuego_automation_project.NuegoBookingTest.testPaymentFlow() on instance nuego_automation_project.NuegoBookingTest@3a5ecce3]]]>
            </message>
            <full-stacktrace>
              <![CDATA[java.lang.Throwable: Method nuego_automation_project.NuegoBookingTest.testTicketConfirmationFlow() on instance nuego_automation_project.NuegoBookingTest@3a5ecce3 depends on not successfully finished methods 
[nuego_automation_project.NuegoBookingTest.testPaymentFlow() on instance nuego_automation_project.NuegoBookingTest@3a5ecce3]
at org.testng.internal.invokers.TestInvoker.invokeTestMethods(TestInvoker.java:159)
at org.testng.internal.invokers.TestMethodWorker.invokeTestMethods(TestMethodWorker.java:154)
at org.testng.internal.invokers.TestMethodWorker.run(TestMethodWorker.java:134)
at java.base/java.util.ArrayList.forEach(ArrayList.java:1511)
at org.testng.TestRunner.privateRun(TestRunner.java:739)
at org.testng.TestRunner.run(TestRunner.java:614)
at org.testng.SuiteRunner.runTest(SuiteRunner.java:421)
at org.testng.SuiteRunner.runSequentially(SuiteRunner.java:413)
at org.testng.SuiteRunner.privateRun(SuiteRunner.java:373)
at org.testng.SuiteRunner.run(SuiteRunner.java:312)
at org.testng.SuiteRunnerWorker.runSuite(SuiteRunnerWorker.java:52)
at org.testng.SuiteRunnerWorker.run(SuiteRunnerWorker.java:95)
at org.testng.TestNG.runSuitesSequentially(TestNG.java:1274)
at org.testng.TestNG.runSuitesLocally(TestNG.java:1208)
at org.testng.TestNG.runSuites(TestNG.java:1112)
at org.testng.TestNG.run(TestNG.java:1079)
at org.apache.maven.surefire.testng.TestNGExecutor.run(TestNGExecutor.java:308)
at org.apache.maven.surefire.testng.TestNGXmlTestSuite.execute(TestNGXmlTestSuite.java:71)
at org.apache.maven.surefire.testng.TestNGProvider.invoke(TestNGProvider.java:113)
at org.apache.maven.surefire.booter.ForkedBooter.runSuitesInProcess(ForkedBooter.java:385)
at org.apache.maven.surefire.booter.ForkedBooter.execute(ForkedBooter.java:162)
at org.apache.maven.surefire.booter.ForkedBooter.run(ForkedBooter.java:507)
at org.apache.maven.surefire.booter.ForkedBooter.main(ForkedBooter.java:495)
]]>
            </full-stacktrace>
          </exception> <!-- java.lang.Throwable -->
          <reporter-output>
          </reporter-output>
        </test-method> <!-- testTicketConfirmationFlow -->
        <test-method signature="testRescheduleBookingFlow()[pri:9, instance:nuego_automation_project.NuegoBookingTest@3a5ecce3]" started-at="2025-11-19T16:24:31 IST" name="testRescheduleBookingFlow" description="Verify Reschedule Booking flow from confirmation page" finished-at="2025-11-19T16:24:31 IST" depends-on-methods="nuego_automation_project.NuegoBookingTest.testTicketConfirmationFlow" duration-ms="0" status="SKIP">
          <exception class="java.lang.Throwable">
            <message>
              <![CDATA[Method nuego_automation_project.NuegoBookingTest.testRescheduleBookingFlow() on instance nuego_automation_project.NuegoBookingTest@3a5ecce3 depends on not successfully finished methods 
[nuego_automation_project.NuegoBookingTest.testTicketConfirmationFlow() on instance nuego_automation_project.NuegoBookingTest@3a5ecce3]]]>
            </message>
            <full-stacktrace>
              <![CDATA[java.lang.Throwable: Method nuego_automation_project.NuegoBookingTest.testRescheduleBookingFlow() on instance nuego_automation_project.NuegoBookingTest@3a5ecce3 depends on not successfully finished methods 
[nuego_automation_project.NuegoBookingTest.testTicketConfirmationFlow() on instance nuego_automation_project.NuegoBookingTest@3a5ecce3]
at org.testng.internal.invokers.TestInvoker.invokeTestMethods(TestInvoker.java:159)
at org.testng.internal.invokers.TestMethodWorker.invokeTestMethods(TestMethodWorker.java:154)
at org.testng.internal.invokers.TestMethodWorker.run(TestMethodWorker.java:134)
at java.base/java.util.ArrayList.forEach(ArrayList.java:1511)
at org.testng.TestRunner.privateRun(TestRunner.java:739)
at org.testng.TestRunner.run(TestRunner.java:614)
at org.testng.SuiteRunner.runTest(SuiteRunner.java:421)
at org.testng.SuiteRunner.runSequentially(SuiteRunner.java:413)
at org.testng.SuiteRunner.privateRun(SuiteRunner.java:373)
at org.testng.SuiteRunner.run(SuiteRunner.java:312)
at org.testng.SuiteRunnerWorker.runSuite(SuiteRunnerWorker.java:52)
at org.testng.SuiteRunnerWorker.run(SuiteRunnerWorker.java:95)
at org.testng.TestNG.runSuitesSequentially(TestNG.java:1274)
at org.testng.TestNG.runSuitesLocally(TestNG.java:1208)
at org.testng.TestNG.runSuites(TestNG.java:1112)
at org.testng.TestNG.run(TestNG.java:1079)
at org.apache.maven.surefire.testng.TestNGExecutor.run(TestNGExecutor.java:308)
at org.apache.maven.surefire.testng.TestNGXmlTestSuite.execute(TestNGXmlTestSuite.java:71)
at org.apache.maven.surefire.testng.TestNGProvider.invoke(TestNGProvider.java:113)
at org.apache.maven.surefire.booter.ForkedBooter.runSuitesInProcess(ForkedBooter.java:385)
at org.apache.maven.surefire.booter.ForkedBooter.execute(ForkedBooter.java:162)
at org.apache.maven.surefire.booter.ForkedBooter.run(ForkedBooter.java:507)
at org.apache.maven.surefire.booter.ForkedBooter.main(ForkedBooter.java:495)
]]>
            </full-stacktrace>
          </exception> <!-- java.lang.Throwable -->
          <reporter-output>
          </reporter-output>
        </test-method> <!-- testRescheduleBookingFlow -->
        <test-method is-config="true" signature="tearDown()[pri:0, instance:nuego_automation_project.NuegoBookingTest@3a5ecce3]" started-at="2025-11-19T16:24:31 IST" name="tearDown" finished-at="2025-11-19T16:24:33 IST" duration-ms="2048" status="PASS">
          <reporter-output>
          </reporter-output>
        </test-method> <!-- tearDown -->
        <test-method is-config="true" signature="sendReportEmail()[pri:0, instance:nuego_automation_project.NuegoBookingTest@3a5ecce3]" started-at="2025-11-19T16:24:33 IST" name="sendReportEmail" finished-at="2025-11-19T16:24:40 IST" duration-ms="7146" status="PASS">
          <reporter-output>
          </reporter-output>
        </test-method> <!-- sendReportEmail -->
      </class> <!-- nuego_automation_project.NuegoBookingTest -->
    </test> <!-- NueGo Functional Tests -->
  </suite> <!-- NueGo Automation Suite -->
</testng-results>
