<?xml version="1.0" encoding="UTF-8"?>
<testng-results retried="1" ignored="1" total="13" passed="3" failed="1" skipped="7">
  <reporter-output>
  </reporter-output>
  <suite started-at="2025-12-02T16:19:19 IST" name="NueGo Automation Suite" finished-at="2025-12-02T16:28:38 IST" duration-ms="559267">
    <groups>
    </groups>
    <test started-at="2025-12-02T16:19:19 IST" name="NueGo Functional Tests" finished-at="2025-12-02T16:28:38 IST" duration-ms="559267">
      <class name="nuego_automation_project.NuegoBookingTest">
        <test-method is-config="true" signature="setUp()[pri:0, instance:nuego_automation_project.NuegoBookingTest@517d4a0d]" started-at="2025-12-02T16:19:19 IST" name="setUp" finished-at="2025-12-02T16:19:23 IST" duration-ms="4129" status="PASS">
          <reporter-output>
          </reporter-output>
        </test-method> <!-- setUp -->
        <test-method is-config="true" signature="setUpTest()[pri:0, instance:nuego_automation_project.NuegoBookingTest@517d4a0d]" started-at="2025-12-02T16:19:23 IST" name="setUpTest" finished-at="2025-12-02T16:19:29 IST" duration-ms="6413" status="PASS">
          <reporter-output>
          </reporter-output>
        </test-method> <!-- setUpTest -->
        <test-method signature="testLogin()[pri:1, instance:nuego_automation_project.NuegoBookingTest@517d4a0d]" started-at="2025-12-02T16:19:29 IST" name="testLogin" description="Login to application using mobile and OTP" finished-at="2025-12-02T16:19:32 IST" duration-ms="2216" status="PASS">
          <reporter-output>
          </reporter-output>
        </test-method> <!-- testLogin -->
        <test-method signature="testAddMoneyToWallet()[pri:2, instance:nuego_automation_project.NuegoBookingTest@517d4a0d]" started-at="2025-12-02T16:19:32 IST" name="testAddMoneyToWallet" description="Open wallet and add money" finished-at="2025-12-02T16:26:34 IST" depends-on-methods="nuego_automation_project.NuegoBookingTest.testLogin" duration-ms="421828" status="PASS">
          <reporter-output>
          </reporter-output>
        </test-method> <!-- testAddMoneyToWallet -->
        <test-method signature="testHomePageActions()[pri:3, instance:nuego_automation_project.NuegoBookingTest@517d4a0d]" started-at="2025-12-02T16:26:34 IST" name="testHomePageActions" description="Handle homepage popups and search bus" finished-at="2025-12-02T16:26:55 IST" depends-on-methods="nuego_automation_project.NuegoBookingTest.testLogin" duration-ms="21408" status="PASS">
          <reporter-output>
          </reporter-output>
        </test-method> <!-- testHomePageActions -->
        <test-method retried="true" signature="testFilters()[pri:4, instance:nuego_automation_project.NuegoBookingTest@517d4a0d]" started-at="2025-12-02T16:26:55 IST" name="testFilters" description="Apply filters" finished-at="2025-12-02T16:27:46 IST" depends-on-methods="nuego_automation_project.NuegoBookingTest.testHomePageActions" duration-ms="51365" status="SKIP">
          <exception class="java.lang.AssertionError">
            <message>
              <![CDATA[Filter test failed: Expected condition failed: waiting for visibility of element located by By.xpath: //div[6]//img[1] (tried for 20 second(s) with 500 milliseconds interval)
Build info: version: '4.21.0', revision: '79ed462ef4'
System info: os.name: 'Windows 11', os.arch: 'amd64', os.version: '10.0', java.version: '17.0.12'
Driver info: org.openqa.selenium.chrome.ChromeDriver
Capabilities {acceptInsecureCerts: false, browserName: chrome, browserVersion: 142.0.7444.176, chrome: {chromedriverVersion: 142.0.7444.175 (302067f14a4..., userDataDir: C:\Windows\SystemTemp\scope...}, fedcm:accounts: true, goog:chromeOptions: {debuggerAddress: localhost:53778}, goog:processID: 25552, networkConnectionEnabled: false, pageLoadStrategy: normal, platformName: windows, proxy: Proxy(), se:cdp: ws://localhost:53778/devtoo..., se:cdpVersion: 142.0.7444.176, setWindowRect: true, strictFileInteractability: false, timeouts: {implicit: 0, pageLoad: 300000, script: 30000}, unhandledPromptBehavior: dismiss and notify, webauthn:extension:credBlob: true, webauthn:extension:largeBlob: true, webauthn:extension:minPinLength: true, webauthn:extension:prf: true, webauthn:virtualAuthenticators: true}
Session ID: 35e2ae421cb2a04db46d54258999564c]]>
            </message>
            <full-stacktrace>
              <![CDATA[java.lang.AssertionError: Filter test failed: Expected condition failed: waiting for visibility of element located by By.xpath: //div[6]//img[1] (tried for 20 second(s) with 500 milliseconds interval)
Build info: version: '4.21.0', revision: '79ed462ef4'
System info: os.name: 'Windows 11', os.arch: 'amd64', os.version: '10.0', java.version: '17.0.12'
Driver info: org.openqa.selenium.chrome.ChromeDriver
Capabilities {acceptInsecureCerts: false, browserName: chrome, browserVersion: 142.0.7444.176, chrome: {chromedriverVersion: 142.0.7444.175 (302067f14a4..., userDataDir: C:\Windows\SystemTemp\scope...}, fedcm:accounts: true, goog:chromeOptions: {debuggerAddress: localhost:53778}, goog:processID: 25552, networkConnectionEnabled: false, pageLoadStrategy: normal, platformName: windows, proxy: Proxy(), se:cdp: ws://localhost:53778/devtoo..., se:cdpVersion: 142.0.7444.176, setWindowRect: true, strictFileInteractability: false, timeouts: {implicit: 0, pageLoad: 300000, script: 30000}, unhandledPromptBehavior: dismiss and notify, webauthn:extension:credBlob: true, webauthn:extension:largeBlob: true, webauthn:extension:minPinLength: true, webauthn:extension:prf: true, webauthn:virtualAuthenticators: true}
Session ID: 35e2ae421cb2a04db46d54258999564c
at org.testng.Assert.fail(Assert.java:111)
at nuego_automation_project.NuegoBookingTest.handleFailure(NuegoBookingTest.java:261)
at nuego_automation_project.NuegoBookingTest.testFilters(NuegoBookingTest.java:116)
at java.base/jdk.internal.reflect.NativeMethodAccessorImpl.invoke0(Native Method)
at java.base/jdk.internal.reflect.NativeMethodAccessorImpl.invoke(NativeMethodAccessorImpl.java:77)
at java.base/jdk.internal.reflect.DelegatingMethodAccessorImpl.invoke(DelegatingMethodAccessorImpl.java:43)
at java.base/java.lang.reflect.Method.invoke(Method.java:568)
at org.testng.internal.invokers.MethodInvocationHelper.invokeMethod(MethodInvocationHelper.java:141)
at org.testng.internal.invokers.TestInvoker.invokeMethod(TestInvoker.java:686)
at org.testng.internal.invokers.TestInvoker.invokeTestMethod(TestInvoker.java:230)
at org.testng.internal.invokers.MethodRunner.runInSequence(MethodRunner.java:63)
at org.testng.internal.invokers.TestInvoker$MethodInvocationAgent.invoke(TestInvoker.java:992)
at org.testng.internal.invokers.TestInvoker.invokeTestMethods(TestInvoker.java:203)
at org.testng.internal.invokers.TestMethodWorker.invokeTestMethods(TestMethodWorker.java:154)
at org.testng.internal.invokers.TestMethodWorker.run(TestMethodWorker.java:134)
at java.base/java.util.ArrayList.forEach(ArrayList.java:1511)
at org.testng.TestRunner.privateRun(TestRunner.java:739)
at org.testng.TestRunner.run(TestRunner.java:614)
at org.testng.SuiteRunner.runTest(SuiteRunner.java:421)
at org.testng.SuiteRunner.runSequentially(SuiteRunner.java:413)
at org.testng.SuiteRunner.privateRun(SuiteRunner.java:373)
at org.testng.SuiteRunner.run(SuiteRunner.java:312)
at org.testng.SuiteRunnerWorker.runSuite(SuiteRunnerWorker.java:52)
at org.testng.SuiteRunnerWorker.run(SuiteRunnerWorker.java:95)
at org.testng.TestNG.runSuitesSequentially(TestNG.java:1274)
at org.testng.TestNG.runSuitesLocally(TestNG.java:1208)
at org.testng.TestNG.runSuites(TestNG.java:1112)
at org.testng.TestNG.run(TestNG.java:1079)
at org.apache.maven.surefire.testng.TestNGExecutor.run(TestNGExecutor.java:308)
at org.apache.maven.surefire.testng.TestNGXmlTestSuite.execute(TestNGXmlTestSuite.java:71)
at org.apache.maven.surefire.testng.TestNGProvider.invoke(TestNGProvider.java:113)
at org.apache.maven.surefire.booter.ForkedBooter.runSuitesInProcess(ForkedBooter.java:385)
at org.apache.maven.surefire.booter.ForkedBooter.execute(ForkedBooter.java:162)
at org.apache.maven.surefire.booter.ForkedBooter.run(ForkedBooter.java:507)
at org.apache.maven.surefire.booter.ForkedBooter.main(ForkedBooter.java:495)
]]>
            </full-stacktrace>
          </exception> <!-- java.lang.AssertionError -->
          <reporter-output>
          </reporter-output>
        </test-method> <!-- testFilters -->
        <test-method signature="testFilters()[pri:4, instance:nuego_automation_project.NuegoBookingTest@517d4a0d]" started-at="2025-12-02T16:27:46 IST" name="testFilters" description="Apply filters" finished-at="2025-12-02T16:28:38 IST" depends-on-methods="nuego_automation_project.NuegoBookingTest.testHomePageActions" duration-ms="51287" status="FAIL">
          <exception class="java.lang.AssertionError">
            <message>
              <![CDATA[Filter test failed: Expected condition failed: waiting for visibility of element located by By.xpath: //div[6]//img[1] (tried for 20 second(s) with 500 milliseconds interval)
Build info: version: '4.21.0', revision: '79ed462ef4'
System info: os.name: 'Windows 11', os.arch: 'amd64', os.version: '10.0', java.version: '17.0.12'
Driver info: org.openqa.selenium.chrome.ChromeDriver
Capabilities {acceptInsecureCerts: false, browserName: chrome, browserVersion: 142.0.7444.176, chrome: {chromedriverVersion: 142.0.7444.175 (302067f14a4..., userDataDir: C:\Windows\SystemTemp\scope...}, fedcm:accounts: true, goog:chromeOptions: {debuggerAddress: localhost:53778}, goog:processID: 25552, networkConnectionEnabled: false, pageLoadStrategy: normal, platformName: windows, proxy: Proxy(), se:cdp: ws://localhost:53778/devtoo..., se:cdpVersion: 142.0.7444.176, setWindowRect: true, strictFileInteractability: false, timeouts: {implicit: 0, pageLoad: 300000, script: 30000}, unhandledPromptBehavior: dismiss and notify, webauthn:extension:credBlob: true, webauthn:extension:largeBlob: true, webauthn:extension:minPinLength: true, webauthn:extension:prf: true, webauthn:virtualAuthenticators: true}
Session ID: 35e2ae421cb2a04db46d54258999564c]]>
            </message>
            <full-stacktrace>
              <![CDATA[java.lang.AssertionError: Filter test failed: Expected condition failed: waiting for visibility of element located by By.xpath: //div[6]//img[1] (tried for 20 second(s) with 500 milliseconds interval)
Build info: version: '4.21.0', revision: '79ed462ef4'
System info: os.name: 'Windows 11', os.arch: 'amd64', os.version: '10.0', java.version: '17.0.12'
Driver info: org.openqa.selenium.chrome.ChromeDriver
Capabilities {acceptInsecureCerts: false, browserName: chrome, browserVersion: 142.0.7444.176, chrome: {chromedriverVersion: 142.0.7444.175 (302067f14a4..., userDataDir: C:\Windows\SystemTemp\scope...}, fedcm:accounts: true, goog:chromeOptions: {debuggerAddress: localhost:53778}, goog:processID: 25552, networkConnectionEnabled: false, pageLoadStrategy: normal, platformName: windows, proxy: Proxy(), se:cdp: ws://localhost:53778/devtoo..., se:cdpVersion: 142.0.7444.176, setWindowRect: true, strictFileInteractability: false, timeouts: {implicit: 0, pageLoad: 300000, script: 30000}, unhandledPromptBehavior: dismiss and notify, webauthn:extension:credBlob: true, webauthn:extension:largeBlob: true, webauthn:extension:minPinLength: true, webauthn:extension:prf: true, webauthn:virtualAuthenticators: true}
Session ID: 35e2ae421cb2a04db46d54258999564c
at org.testng.Assert.fail(Assert.java:111)
at nuego_automation_project.NuegoBookingTest.handleFailure(NuegoBookingTest.java:261)
at nuego_automation_project.NuegoBookingTest.testFilters(NuegoBookingTest.java:116)
at java.base/jdk.internal.reflect.NativeMethodAccessorImpl.invoke0(Native Method)
at java.base/jdk.internal.reflect.NativeMethodAccessorImpl.invoke(NativeMethodAccessorImpl.java:77)
at java.base/jdk.internal.reflect.DelegatingMethodAccessorImpl.invoke(DelegatingMethodAccessorImpl.java:43)
at java.base/java.lang.reflect.Method.invoke(Method.java:568)
at org.testng.internal.invokers.MethodInvocationHelper.invokeMethod(MethodInvocationHelper.java:141)
at org.testng.internal.invokers.TestInvoker.invokeMethod(TestInvoker.java:686)
at org.testng.internal.invokers.TestInvoker.retryFailed(TestInvoker.java:269)
at org.testng.internal.invokers.MethodRunner.runInSequence(MethodRunner.java:76)
at org.testng.internal.invokers.TestInvoker$MethodInvocationAgent.invoke(TestInvoker.java:992)
at org.testng.internal.invokers.TestInvoker.invokeTestMethods(TestInvoker.java:203)
at org.testng.internal.invokers.TestMethodWorker.invokeTestMethods(TestMethodWorker.java:154)
at org.testng.internal.invokers.TestMethodWorker.run(TestMethodWorker.java:134)
at java.base/java.util.ArrayList.forEach(ArrayList.java:1511)
at org.testng.TestRunner.privateRun(TestRunner.java:739)
at org.testng.TestRunner.run(TestRunner.java:614)
at org.testng.SuiteRunner.runTest(SuiteRunner.java:421)
at org.testng.SuiteRunner.runSequentially(SuiteRunner.java:413)
at org.testng.SuiteRunner.privateRun(SuiteRunner.java:373)
at org.testng.SuiteRunner.run(SuiteRunner.java:312)
at org.testng.SuiteRunnerWorker.runSuite(SuiteRunnerWorker.java:52)
at org.testng.SuiteRunnerWorker.run(SuiteRunnerWorker.java:95)
at org.testng.TestNG.runSuitesSequentially(TestNG.java:1274)
at org.testng.TestNG.runSuitesLocally(TestNG.java:1208)
at org.testng.TestNG.runSuites(TestNG.java:1112)
at org.testng.TestNG.run(TestNG.java:1079)
at org.apache.maven.surefire.testng.TestNGExecutor.run(TestNGExecutor.java:308)
at org.apache.maven.surefire.testng.TestNGXmlTestSuite.execute(TestNGXmlTestSuite.java:71)
at org.apache.maven.surefire.testng.TestNGProvider.invoke(TestNGProvider.java:113)
at org.apache.maven.surefire.booter.ForkedBooter.runSuitesInProcess(ForkedBooter.java:385)
at org.apache.maven.surefire.booter.ForkedBooter.execute(ForkedBooter.java:162)
at org.apache.maven.surefire.booter.ForkedBooter.run(ForkedBooter.java:507)
at org.apache.maven.surefire.booter.ForkedBooter.main(ForkedBooter.java:495)
]]>
            </full-stacktrace>
          </exception> <!-- java.lang.AssertionError -->
          <reporter-output>
          </reporter-output>
        </test-method> <!-- testFilters -->
        <test-method signature="testBusBookingPageActions()[pri:5, instance:nuego_automation_project.NuegoBookingTest@517d4a0d]" started-at="2025-12-02T16:28:38 IST" name="testBusBookingPageActions" description="Scroll and click seat on Bus Booking page" finished-at="2025-12-02T16:28:38 IST" depends-on-methods="nuego_automation_project.NuegoBookingTest.testFilters" duration-ms="0" status="SKIP">
          <exception class="java.lang.Throwable">
            <message>
              <![CDATA[Method nuego_automation_project.NuegoBookingTest.testBusBookingPageActions() on instance nuego_automation_project.NuegoBookingTest@517d4a0d depends on not successfully finished methods 
[nuego_automation_project.NuegoBookingTest.testFilters() on instance nuego_automation_project.NuegoBookingTest@517d4a0d]]]>
            </message>
            <full-stacktrace>
              <![CDATA[java.lang.Throwable: Method nuego_automation_project.NuegoBookingTest.testBusBookingPageActions() on instance nuego_automation_project.NuegoBookingTest@517d4a0d depends on not successfully finished methods 
[nuego_automation_project.NuegoBookingTest.testFilters() on instance nuego_automation_project.NuegoBookingTest@517d4a0d]
at org.testng.internal.invokers.TestInvoker.invokeTestMethods(TestInvoker.java:159)
at org.testng.internal.invokers.TestMethodWorker.invokeTestMethods(TestMethodWorker.java:154)
at org.testng.internal.invokers.TestMethodWorker.run(TestMethodWorker.java:134)
at java.base/java.util.ArrayList.forEach(ArrayList.java:1511)
at org.testng.TestRunner.privateRun(TestRunner.java:739)
at org.testng.TestRunner.run(TestRunner.java:614)
at org.testng.SuiteRunner.runTest(SuiteRunner.java:421)
at org.testng.SuiteRunner.runSequentially(SuiteRunner.java:413)
at org.testng.SuiteRunner.privateRun(SuiteRunner.java:373)
at org.testng.SuiteRunner.run(SuiteRunner.java:312)
at org.testng.SuiteRunnerWorker.runSuite(SuiteRunnerWorker.java:52)
at org.testng.SuiteRunnerWorker.run(SuiteRunnerWorker.java:95)
at org.testng.TestNG.runSuitesSequentially(TestNG.java:1274)
at org.testng.TestNG.runSuitesLocally(TestNG.java:1208)
at org.testng.TestNG.runSuites(TestNG.java:1112)
at org.testng.TestNG.run(TestNG.java:1079)
at org.apache.maven.surefire.testng.TestNGExecutor.run(TestNGExecutor.java:308)
at org.apache.maven.surefire.testng.TestNGXmlTestSuite.execute(TestNGXmlTestSuite.java:71)
at org.apache.maven.surefire.testng.TestNGProvider.invoke(TestNGProvider.java:113)
at org.apache.maven.surefire.booter.ForkedBooter.runSuitesInProcess(ForkedBooter.java:385)
at org.apache.maven.surefire.booter.ForkedBooter.execute(ForkedBooter.java:162)
at org.apache.maven.surefire.booter.ForkedBooter.run(ForkedBooter.java:507)
at org.apache.maven.surefire.booter.ForkedBooter.main(ForkedBooter.java:495)
]]>
            </full-stacktrace>
          </exception> <!-- java.lang.Throwable -->
          <reporter-output>
          </reporter-output>
        </test-method> <!-- testBusBookingPageActions -->
        <test-method signature="testSelectSeatAndProceedToPay()[pri:6, instance:nuego_automation_project.NuegoBookingTest@517d4a0d]" started-at="2025-12-02T16:28:38 IST" name="testSelectSeatAndProceedToPay" description="Select seat, pickup &amp; drop points and click Book &amp; Pay" finished-at="2025-12-02T16:28:38 IST" depends-on-methods="nuego_automation_project.NuegoBookingTest.testBusBookingPageActions" duration-ms="0" status="SKIP">
          <exception class="java.lang.Throwable">
            <message>
              <![CDATA[Method nuego_automation_project.NuegoBookingTest.testSelectSeatAndProceedToPay() on instance nuego_automation_project.NuegoBookingTest@517d4a0d depends on not successfully finished methods 
[nuego_automation_project.NuegoBookingTest.testBusBookingPageActions() on instance nuego_automation_project.NuegoBookingTest@517d4a0d]]]>
            </message>
            <full-stacktrace>
              <![CDATA[java.lang.Throwable: Method nuego_automation_project.NuegoBookingTest.testSelectSeatAndProceedToPay() on instance nuego_automation_project.NuegoBookingTest@517d4a0d depends on not successfully finished methods 
[nuego_automation_project.NuegoBookingTest.testBusBookingPageActions() on instance nuego_automation_project.NuegoBookingTest@517d4a0d]
at org.testng.internal.invokers.TestInvoker.invokeTestMethods(TestInvoker.java:159)
at org.testng.internal.invokers.TestMethodWorker.invokeTestMethods(TestMethodWorker.java:154)
at org.testng.internal.invokers.TestMethodWorker.run(TestMethodWorker.java:134)
at java.base/java.util.ArrayList.forEach(ArrayList.java:1511)
at org.testng.TestRunner.privateRun(TestRunner.java:739)
at org.testng.TestRunner.run(TestRunner.java:614)
at org.testng.SuiteRunner.runTest(SuiteRunner.java:421)
at org.testng.SuiteRunner.runSequentially(SuiteRunner.java:413)
at org.testng.SuiteRunner.privateRun(SuiteRunner.java:373)
at org.testng.SuiteRunner.run(SuiteRunner.java:312)
at org.testng.SuiteRunnerWorker.runSuite(SuiteRunnerWorker.java:52)
at org.testng.SuiteRunnerWorker.run(SuiteRunnerWorker.java:95)
at org.testng.TestNG.runSuitesSequentially(TestNG.java:1274)
at org.testng.TestNG.runSuitesLocally(TestNG.java:1208)
at org.testng.TestNG.runSuites(TestNG.java:1112)
at org.testng.TestNG.run(TestNG.java:1079)
at org.apache.maven.surefire.testng.TestNGExecutor.run(TestNGExecutor.java:308)
at org.apache.maven.surefire.testng.TestNGXmlTestSuite.execute(TestNGXmlTestSuite.java:71)
at org.apache.maven.surefire.testng.TestNGProvider.invoke(TestNGProvider.java:113)
at org.apache.maven.surefire.booter.ForkedBooter.runSuitesInProcess(ForkedBooter.java:385)
at org.apache.maven.surefire.booter.ForkedBooter.execute(ForkedBooter.java:162)
at org.apache.maven.surefire.booter.ForkedBooter.run(ForkedBooter.java:507)
at org.apache.maven.surefire.booter.ForkedBooter.main(ForkedBooter.java:495)
]]>
            </full-stacktrace>
          </exception> <!-- java.lang.Throwable -->
          <reporter-output>
          </reporter-output>
        </test-method> <!-- testSelectSeatAndProceedToPay -->
        <test-method signature="testReviewBookingFlow()[pri:7, instance:nuego_automation_project.NuegoBookingTest@517d4a0d]" started-at="2025-12-02T16:28:38 IST" name="testReviewBookingFlow" description="Review Booking flow" finished-at="2025-12-02T16:28:38 IST" depends-on-methods="nuego_automation_project.NuegoBookingTest.testSelectSeatAndProceedToPay" duration-ms="0" status="SKIP">
          <exception class="java.lang.Throwable">
            <message>
              <![CDATA[Method nuego_automation_project.NuegoBookingTest.testReviewBookingFlow() on instance nuego_automation_project.NuegoBookingTest@517d4a0d depends on not successfully finished methods 
[nuego_automation_project.NuegoBookingTest.testSelectSeatAndProceedToPay() on instance nuego_automation_project.NuegoBookingTest@517d4a0d]]]>
            </message>
            <full-stacktrace>
              <![CDATA[java.lang.Throwable: Method nuego_automation_project.NuegoBookingTest.testReviewBookingFlow() on instance nuego_automation_project.NuegoBookingTest@517d4a0d depends on not successfully finished methods 
[nuego_automation_project.NuegoBookingTest.testSelectSeatAndProceedToPay() on instance nuego_automation_project.NuegoBookingTest@517d4a0d]
at org.testng.internal.invokers.TestInvoker.invokeTestMethods(TestInvoker.java:159)
at org.testng.internal.invokers.TestMethodWorker.invokeTestMethods(TestMethodWorker.java:154)
at org.testng.internal.invokers.TestMethodWorker.run(TestMethodWorker.java:134)
at java.base/java.util.ArrayList.forEach(ArrayList.java:1511)
at org.testng.TestRunner.privateRun(TestRunner.java:739)
at org.testng.TestRunner.run(TestRunner.java:614)
at org.testng.SuiteRunner.runTest(SuiteRunner.java:421)
at org.testng.SuiteRunner.runSequentially(SuiteRunner.java:413)
at org.testng.SuiteRunner.privateRun(SuiteRunner.java:373)
at org.testng.SuiteRunner.run(SuiteRunner.java:312)
at org.testng.SuiteRunnerWorker.runSuite(SuiteRunnerWorker.java:52)
at org.testng.SuiteRunnerWorker.run(SuiteRunnerWorker.java:95)
at org.testng.TestNG.runSuitesSequentially(TestNG.java:1274)
at org.testng.TestNG.runSuitesLocally(TestNG.java:1208)
at org.testng.TestNG.runSuites(TestNG.java:1112)
at org.testng.TestNG.run(TestNG.java:1079)
at org.apache.maven.surefire.testng.TestNGExecutor.run(TestNGExecutor.java:308)
at org.apache.maven.surefire.testng.TestNGXmlTestSuite.execute(TestNGXmlTestSuite.java:71)
at org.apache.maven.surefire.testng.TestNGProvider.invoke(TestNGProvider.java:113)
at org.apache.maven.surefire.booter.ForkedBooter.runSuitesInProcess(ForkedBooter.java:385)
at org.apache.maven.surefire.booter.ForkedBooter.execute(ForkedBooter.java:162)
at org.apache.maven.surefire.booter.ForkedBooter.run(ForkedBooter.java:507)
at org.apache.maven.surefire.booter.ForkedBooter.main(ForkedBooter.java:495)
]]>
            </full-stacktrace>
          </exception> <!-- java.lang.Throwable -->
          <reporter-output>
          </reporter-output>
        </test-method> <!-- testReviewBookingFlow -->
        <test-method signature="testPaymentFlow()[pri:8, instance:nuego_automation_project.NuegoBookingTest@517d4a0d]" started-at="2025-12-02T16:28:38 IST" name="testPaymentFlow" description="Payment flow using NetBanking - Axis Bank" finished-at="2025-12-02T16:28:38 IST" depends-on-methods="nuego_automation_project.NuegoBookingTest.testReviewBookingFlow" duration-ms="0" status="SKIP">
          <exception class="java.lang.Throwable">
            <message>
              <![CDATA[Method nuego_automation_project.NuegoBookingTest.testPaymentFlow() on instance nuego_automation_project.NuegoBookingTest@517d4a0d depends on not successfully finished methods 
[nuego_automation_project.NuegoBookingTest.testReviewBookingFlow() on instance nuego_automation_project.NuegoBookingTest@517d4a0d]]]>
            </message>
            <full-stacktrace>
              <![CDATA[java.lang.Throwable: Method nuego_automation_project.NuegoBookingTest.testPaymentFlow() on instance nuego_automation_project.NuegoBookingTest@517d4a0d depends on not successfully finished methods 
[nuego_automation_project.NuegoBookingTest.testReviewBookingFlow() on instance nuego_automation_project.NuegoBookingTest@517d4a0d]
at org.testng.internal.invokers.TestInvoker.invokeTestMethods(TestInvoker.java:159)
at org.testng.internal.invokers.TestMethodWorker.invokeTestMethods(TestMethodWorker.java:154)
at org.testng.internal.invokers.TestMethodWorker.run(TestMethodWorker.java:134)
at java.base/java.util.ArrayList.forEach(ArrayList.java:1511)
at org.testng.TestRunner.privateRun(TestRunner.java:739)
at org.testng.TestRunner.run(TestRunner.java:614)
at org.testng.SuiteRunner.runTest(SuiteRunner.java:421)
at org.testng.SuiteRunner.runSequentially(SuiteRunner.java:413)
at org.testng.SuiteRunner.privateRun(SuiteRunner.java:373)
at org.testng.SuiteRunner.run(SuiteRunner.java:312)
at org.testng.SuiteRunnerWorker.runSuite(SuiteRunnerWorker.java:52)
at org.testng.SuiteRunnerWorker.run(SuiteRunnerWorker.java:95)
at org.testng.TestNG.runSuitesSequentially(TestNG.java:1274)
at org.testng.TestNG.runSuitesLocally(TestNG.java:1208)
at org.testng.TestNG.runSuites(TestNG.java:1112)
at org.testng.TestNG.run(TestNG.java:1079)
at org.apache.maven.surefire.testng.TestNGExecutor.run(TestNGExecutor.java:308)
at org.apache.maven.surefire.testng.TestNGXmlTestSuite.execute(TestNGXmlTestSuite.java:71)
at org.apache.maven.surefire.testng.TestNGProvider.invoke(TestNGProvider.java:113)
at org.apache.maven.surefire.booter.ForkedBooter.runSuitesInProcess(ForkedBooter.java:385)
at org.apache.maven.surefire.booter.ForkedBooter.execute(ForkedBooter.java:162)
at org.apache.maven.surefire.booter.ForkedBooter.run(ForkedBooter.java:507)
at org.apache.maven.surefire.booter.ForkedBooter.main(ForkedBooter.java:495)
]]>
            </full-stacktrace>
          </exception> <!-- java.lang.Throwable -->
          <reporter-output>
          </reporter-output>
        </test-method> <!-- testPaymentFlow -->
        <test-method signature="testTicketConfirmationFlow()[pri:9, instance:nuego_automation_project.NuegoBookingTest@517d4a0d]" started-at="2025-12-02T16:28:38 IST" name="testTicketConfirmationFlow" description="Ticket Confirmation flow" finished-at="2025-12-02T16:28:38 IST" depends-on-methods="nuego_automation_project.NuegoBookingTest.testPaymentFlow" duration-ms="0" status="SKIP">
          <exception class="java.lang.Throwable">
            <message>
              <![CDATA[Method nuego_automation_project.NuegoBookingTest.testTicketConfirmationFlow() on instance nuego_automation_project.NuegoBookingTest@517d4a0d depends on not successfully finished methods 
[nuego_automation_project.NuegoBookingTest.testPaymentFlow() on instance nuego_automation_project.NuegoBookingTest@517d4a0d]]]>
            </message>
            <full-stacktrace>
              <![CDATA[java.lang.Throwable: Method nuego_automation_project.NuegoBookingTest.testTicketConfirmationFlow() on instance nuego_automation_project.NuegoBookingTest@517d4a0d depends on not successfully finished methods 
[nuego_automation_project.NuegoBookingTest.testPaymentFlow() on instance nuego_automation_project.NuegoBookingTest@517d4a0d]
at org.testng.internal.invokers.TestInvoker.invokeTestMethods(TestInvoker.java:159)
at org.testng.internal.invokers.TestMethodWorker.invokeTestMethods(TestMethodWorker.java:154)
at org.testng.internal.invokers.TestMethodWorker.run(TestMethodWorker.java:134)
at java.base/java.util.ArrayList.forEach(ArrayList.java:1511)
at org.testng.TestRunner.privateRun(TestRunner.java:739)
at org.testng.TestRunner.run(TestRunner.java:614)
at org.testng.SuiteRunner.runTest(SuiteRunner.java:421)
at org.testng.SuiteRunner.runSequentially(SuiteRunner.java:413)
at org.testng.SuiteRunner.privateRun(SuiteRunner.java:373)
at org.testng.SuiteRunner.run(SuiteRunner.java:312)
at org.testng.SuiteRunnerWorker.runSuite(SuiteRunnerWorker.java:52)
at org.testng.SuiteRunnerWorker.run(SuiteRunnerWorker.java:95)
at org.testng.TestNG.runSuitesSequentially(TestNG.java:1274)
at org.testng.TestNG.runSuitesLocally(TestNG.java:1208)
at org.testng.TestNG.runSuites(TestNG.java:1112)
at org.testng.TestNG.run(TestNG.java:1079)
at org.apache.maven.surefire.testng.TestNGExecutor.run(TestNGExecutor.java:308)
at org.apache.maven.surefire.testng.TestNGXmlTestSuite.execute(TestNGXmlTestSuite.java:71)
at org.apache.maven.surefire.testng.TestNGProvider.invoke(TestNGProvider.java:113)
at org.apache.maven.surefire.booter.ForkedBooter.runSuitesInProcess(ForkedBooter.java:385)
at org.apache.maven.surefire.booter.ForkedBooter.execute(ForkedBooter.java:162)
at org.apache.maven.surefire.booter.ForkedBooter.run(ForkedBooter.java:507)
at org.apache.maven.surefire.booter.ForkedBooter.main(ForkedBooter.java:495)
]]>
            </full-stacktrace>
          </exception> <!-- java.lang.Throwable -->
          <reporter-output>
          </reporter-output>
        </test-method> <!-- testTicketConfirmationFlow -->
        <test-method signature="testRescheduleBookingFlow()[pri:10, instance:nuego_automation_project.NuegoBookingTest@517d4a0d]" started-at="2025-12-02T16:28:38 IST" name="testRescheduleBookingFlow" description="Reschedule Booking flow" finished-at="2025-12-02T16:28:38 IST" depends-on-methods="nuego_automation_project.NuegoBookingTest.testTicketConfirmationFlow" duration-ms="0" status="SKIP">
          <exception class="java.lang.Throwable">
            <message>
              <![CDATA[Method nuego_automation_project.NuegoBookingTest.testRescheduleBookingFlow() on instance nuego_automation_project.NuegoBookingTest@517d4a0d depends on not successfully finished methods 
[nuego_automation_project.NuegoBookingTest.testTicketConfirmationFlow() on instance nuego_automation_project.NuegoBookingTest@517d4a0d]]]>
            </message>
            <full-stacktrace>
              <![CDATA[java.lang.Throwable: Method nuego_automation_project.NuegoBookingTest.testRescheduleBookingFlow() on instance nuego_automation_project.NuegoBookingTest@517d4a0d depends on not successfully finished methods 
[nuego_automation_project.NuegoBookingTest.testTicketConfirmationFlow() on instance nuego_automation_project.NuegoBookingTest@517d4a0d]
at org.testng.internal.invokers.TestInvoker.invokeTestMethods(TestInvoker.java:159)
at org.testng.internal.invokers.TestMethodWorker.invokeTestMethods(TestMethodWorker.java:154)
at org.testng.internal.invokers.TestMethodWorker.run(TestMethodWorker.java:134)
at java.base/java.util.ArrayList.forEach(ArrayList.java:1511)
at org.testng.TestRunner.privateRun(TestRunner.java:739)
at org.testng.TestRunner.run(TestRunner.java:614)
at org.testng.SuiteRunner.runTest(SuiteRunner.java:421)
at org.testng.SuiteRunner.runSequentially(SuiteRunner.java:413)
at org.testng.SuiteRunner.privateRun(SuiteRunner.java:373)
at org.testng.SuiteRunner.run(SuiteRunner.java:312)
at org.testng.SuiteRunnerWorker.runSuite(SuiteRunnerWorker.java:52)
at org.testng.SuiteRunnerWorker.run(SuiteRunnerWorker.java:95)
at org.testng.TestNG.runSuitesSequentially(TestNG.java:1274)
at org.testng.TestNG.runSuitesLocally(TestNG.java:1208)
at org.testng.TestNG.runSuites(TestNG.java:1112)
at org.testng.TestNG.run(TestNG.java:1079)
at org.apache.maven.surefire.testng.TestNGExecutor.run(TestNGExecutor.java:308)
at org.apache.maven.surefire.testng.TestNGXmlTestSuite.execute(TestNGXmlTestSuite.java:71)
at org.apache.maven.surefire.testng.TestNGProvider.invoke(TestNGProvider.java:113)
at org.apache.maven.surefire.booter.ForkedBooter.runSuitesInProcess(ForkedBooter.java:385)
at org.apache.maven.surefire.booter.ForkedBooter.execute(ForkedBooter.java:162)
at org.apache.maven.surefire.booter.ForkedBooter.run(ForkedBooter.java:507)
at org.apache.maven.surefire.booter.ForkedBooter.main(ForkedBooter.java:495)
]]>
            </full-stacktrace>
          </exception> <!-- java.lang.Throwable -->
          <reporter-output>
          </reporter-output>
        </test-method> <!-- testRescheduleBookingFlow -->
        <test-method signature="testCancelBookingFlow()[pri:11, instance:nuego_automation_project.NuegoBookingTest@517d4a0d]" started-at="2025-12-02T16:28:38 IST" name="testCancelBookingFlow" description="Cancel Booking flow" finished-at="2025-12-02T16:28:38 IST" depends-on-methods="nuego_automation_project.NuegoBookingTest.testRescheduleBookingFlow" duration-ms="0" status="SKIP">
          <exception class="java.lang.Throwable">
            <message>
              <![CDATA[Method nuego_automation_project.NuegoBookingTest.testCancelBookingFlow() on instance nuego_automation_project.NuegoBookingTest@517d4a0d depends on not successfully finished methods 
[nuego_automation_project.NuegoBookingTest.testRescheduleBookingFlow() on instance nuego_automation_project.NuegoBookingTest@517d4a0d]]]>
            </message>
            <full-stacktrace>
              <![CDATA[java.lang.Throwable: Method nuego_automation_project.NuegoBookingTest.testCancelBookingFlow() on instance nuego_automation_project.NuegoBookingTest@517d4a0d depends on not successfully finished methods 
[nuego_automation_project.NuegoBookingTest.testRescheduleBookingFlow() on instance nuego_automation_project.NuegoBookingTest@517d4a0d]
at org.testng.internal.invokers.TestInvoker.invokeTestMethods(TestInvoker.java:159)
at org.testng.internal.invokers.TestMethodWorker.invokeTestMethods(TestMethodWorker.java:154)
at org.testng.internal.invokers.TestMethodWorker.run(TestMethodWorker.java:134)
at java.base/java.util.ArrayList.forEach(ArrayList.java:1511)
at org.testng.TestRunner.privateRun(TestRunner.java:739)
at org.testng.TestRunner.run(TestRunner.java:614)
at org.testng.SuiteRunner.runTest(SuiteRunner.java:421)
at org.testng.SuiteRunner.runSequentially(SuiteRunner.java:413)
at org.testng.SuiteRunner.privateRun(SuiteRunner.java:373)
at org.testng.SuiteRunner.run(SuiteRunner.java:312)
at org.testng.SuiteRunnerWorker.runSuite(SuiteRunnerWorker.java:52)
at org.testng.SuiteRunnerWorker.run(SuiteRunnerWorker.java:95)
at org.testng.TestNG.runSuitesSequentially(TestNG.java:1274)
at org.testng.TestNG.runSuitesLocally(TestNG.java:1208)
at org.testng.TestNG.runSuites(TestNG.java:1112)
at org.testng.TestNG.run(TestNG.java:1079)
at org.apache.maven.surefire.testng.TestNGExecutor.run(TestNGExecutor.java:308)
at org.apache.maven.surefire.testng.TestNGXmlTestSuite.execute(TestNGXmlTestSuite.java:71)
at org.apache.maven.surefire.testng.TestNGProvider.invoke(TestNGProvider.java:113)
at org.apache.maven.surefire.booter.ForkedBooter.runSuitesInProcess(ForkedBooter.java:385)
at org.apache.maven.surefire.booter.ForkedBooter.execute(ForkedBooter.java:162)
at org.apache.maven.surefire.booter.ForkedBooter.run(ForkedBooter.java:507)
at org.apache.maven.surefire.booter.ForkedBooter.main(ForkedBooter.java:495)
]]>
            </full-stacktrace>
          </exception> <!-- java.lang.Throwable -->
          <reporter-output>
          </reporter-output>
        </test-method> <!-- testCancelBookingFlow -->
        <test-method is-config="true" signature="tearDown()[pri:0, instance:nuego_automation_project.NuegoBookingTest@517d4a0d]" started-at="2025-12-02T16:28:38 IST" name="tearDown" finished-at="2025-12-02T16:28:38 IST" duration-ms="264" status="PASS">
          <reporter-output>
          </reporter-output>
        </test-method> <!-- tearDown -->
        <test-method is-config="true" signature="sendReportEmail()[pri:0, instance:nuego_automation_project.NuegoBookingTest@517d4a0d]" started-at="2025-12-02T16:28:39 IST" name="sendReportEmail" finished-at="2025-12-02T16:28:43 IST" duration-ms="4729" status="PASS">
          <reporter-output>
          </reporter-output>
        </test-method> <!-- sendReportEmail -->
      </class> <!-- nuego_automation_project.NuegoBookingTest -->
    </test> <!-- NueGo Functional Tests -->
  </suite> <!-- NueGo Automation Suite -->
</testng-results>
