<?xml version="1.0" encoding="UTF-8"?>
<testng-results ignored="0" total="7" passed="4" failed="2" skipped="1">
  <reporter-output>
  </reporter-output>
  <suite started-at="2025-11-03T16:43:40 IST" name="Default suite" finished-at="2025-11-03T16:45:30 IST" duration-ms="110243">
    <groups>
    </groups>
    <test started-at="2025-11-03T16:43:40 IST" name="Default test" finished-at="2025-11-03T16:45:30 IST" duration-ms="110243">
      <class name="nuego_automation_project.NuegoBookingTest">
        <test-method is-config="true" signature="setUp()[pri:0, instance:nuego_automation_project.NuegoBookingTest@1199fe66]" started-at="2025-11-03T16:43:40 IST" name="setUp" finished-at="2025-11-03T16:43:42 IST" duration-ms="1870" status="PASS">
          <reporter-output>
          </reporter-output>
        </test-method> <!-- setUp -->
        <test-method signature="testLogin()[pri:1, instance:nuego_automation_project.NuegoBookingTest@1199fe66]" started-at="2025-11-03T16:43:42 IST" name="testLogin" description="Login to application using mobile and OTP" finished-at="2025-11-03T16:43:45 IST" duration-ms="2981" status="PASS">
          <reporter-output>
          </reporter-output>
        </test-method> <!-- testLogin -->
        <test-method is-config="true" signature="logTestResult(org.testng.ITestResult)[pri:0, instance:nuego_automation_project.NuegoBookingTest@1199fe66]" started-at="2025-11-03T16:43:45 IST" name="logTestResult" finished-at="2025-11-03T16:43:45 IST" duration-ms="6" status="PASS">
          <params>
            <param index="0">
              <value>
                <![CDATA[[TestResult name=testLogin status=SUCCESS method=NuegoBookingTest.testLogin()[pri:1, instance:nuego_automation_project.NuegoBookingTest@1199fe66] output={null}]]]>
              </value>
            </param>
          </params>
          <reporter-output>
          </reporter-output>
        </test-method> <!-- logTestResult -->
        <test-method signature="testHomePageActions()[pri:2, instance:nuego_automation_project.NuegoBookingTest@1199fe66]" started-at="2025-11-03T16:43:45 IST" name="testHomePageActions" description="Handle homepage popups and search bus" finished-at="2025-11-03T16:44:01 IST" duration-ms="16666" status="PASS">
          <reporter-output>
          </reporter-output>
        </test-method> <!-- testHomePageActions -->
        <test-method is-config="true" signature="logTestResult(org.testng.ITestResult)[pri:0, instance:nuego_automation_project.NuegoBookingTest@1199fe66]" started-at="2025-11-03T16:44:01 IST" name="logTestResult" finished-at="2025-11-03T16:44:01 IST" duration-ms="1" status="PASS">
          <params>
            <param index="0">
              <value>
                <![CDATA[[TestResult name=testHomePageActions status=SUCCESS method=NuegoBookingTest.testHomePageActions()[pri:2, instance:nuego_automation_project.NuegoBookingTest@1199fe66] output={null}]]]>
              </value>
            </param>
          </params>
          <reporter-output>
          </reporter-output>
        </test-method> <!-- logTestResult -->
        <test-method signature="testFilters()[pri:3, instance:nuego_automation_project.NuegoBookingTest@1199fe66]" started-at="2025-11-03T16:44:01 IST" name="testFilters" description="Apply filters: Timer, Boarding &amp; Dropping points" finished-at="2025-11-03T16:44:12 IST" depends-on-methods="nuego_automation_project.NuegoBookingTest.testHomePageActions" duration-ms="10948" status="PASS">
          <reporter-output>
          </reporter-output>
        </test-method> <!-- testFilters -->
        <test-method is-config="true" signature="logTestResult(org.testng.ITestResult)[pri:0, instance:nuego_automation_project.NuegoBookingTest@1199fe66]" started-at="2025-11-03T16:44:12 IST" name="logTestResult" finished-at="2025-11-03T16:44:12 IST" duration-ms="2" status="PASS">
          <params>
            <param index="0">
              <value>
                <![CDATA[[TestResult name=testFilters status=SUCCESS method=NuegoBookingTest.testFilters()[pri:3, instance:nuego_automation_project.NuegoBookingTest@1199fe66] output={null}]]]>
              </value>
            </param>
          </params>
          <reporter-output>
          </reporter-output>
        </test-method> <!-- logTestResult -->
        <test-method signature="testBusBookingPageActions()[pri:4, instance:nuego_automation_project.NuegoBookingTest@1199fe66]" started-at="2025-11-03T16:44:12 IST" name="testBusBookingPageActions" description="Scroll and click seat on Bus Booking page" finished-at="2025-11-03T16:44:21 IST" depends-on-methods="nuego_automation_project.NuegoBookingTest.testFilters" duration-ms="8254" status="PASS">
          <reporter-output>
          </reporter-output>
        </test-method> <!-- testBusBookingPageActions -->
        <test-method signature="testSelectSeatAndProceedToPay()[pri:5, instance:nuego_automation_project.NuegoBookingTest@1199fe66]" started-at="2025-11-03T16:44:21 IST" name="testSelectSeatAndProceedToPay" description="Select seat, pickup &amp; drop points and click Book &amp; Pay" finished-at="2025-11-03T16:44:31 IST" duration-ms="10821" status="FAIL">
          <exception class="java.lang.AssertionError">
            <message>
              <![CDATA[Expected to navigate to review or payment page. expected [true] but found [false]]]>
            </message>
            <full-stacktrace>
              <![CDATA[java.lang.AssertionError: Expected to navigate to review or payment page. expected [true] but found [false]
at org.testng.Assert.fail(Assert.java:111)
at org.testng.Assert.failNotEquals(Assert.java:1578)
at org.testng.Assert.assertTrue(Assert.java:57)
at nuego_automation_project.NuegoBookingTest.testSelectSeatAndProceedToPay(NuegoBookingTest.java:185)
at java.base/jdk.internal.reflect.DirectMethodHandleAccessor.invoke(DirectMethodHandleAccessor.java:103)
at java.base/java.lang.reflect.Method.invoke(Method.java:580)
at org.testng.internal.invokers.MethodInvocationHelper.invokeMethod(MethodInvocationHelper.java:141)
at org.testng.internal.invokers.TestInvoker.invokeMethod(TestInvoker.java:686)
at org.testng.internal.invokers.TestInvoker.invokeTestMethod(TestInvoker.java:230)
at org.testng.internal.invokers.MethodRunner.runInSequence(MethodRunner.java:63)
at org.testng.internal.invokers.TestInvoker$MethodInvocationAgent.invoke(TestInvoker.java:992)
at org.testng.internal.invokers.TestInvoker.invokeTestMethods(TestInvoker.java:203)
at org.testng.internal.invokers.TestMethodWorker.invokeTestMethods(TestMethodWorker.java:154)
at org.testng.internal.invokers.TestMethodWorker.run(TestMethodWorker.java:134)
at java.base/java.util.ArrayList.forEach(ArrayList.java:1596)
at org.testng.TestRunner.privateRun(TestRunner.java:739)
at org.testng.TestRunner.run(TestRunner.java:614)
at org.testng.SuiteRunner.runTest(SuiteRunner.java:421)
at org.testng.SuiteRunner.runSequentially(SuiteRunner.java:413)
at org.testng.SuiteRunner.privateRun(SuiteRunner.java:373)
at org.testng.SuiteRunner.run(SuiteRunner.java:312)
at org.testng.SuiteRunnerWorker.runSuite(SuiteRunnerWorker.java:52)
at org.testng.SuiteRunnerWorker.run(SuiteRunnerWorker.java:95)
at org.testng.TestNG.runSuitesSequentially(TestNG.java:1274)
at org.testng.TestNG.runSuitesLocally(TestNG.java:1208)
at org.testng.TestNG.runSuites(TestNG.java:1112)
at org.testng.TestNG.run(TestNG.java:1079)
at org.testng.remote.AbstractRemoteTestNG.run(AbstractRemoteTestNG.java:115)
at org.testng.remote.RemoteTestNG.initAndRun(RemoteTestNG.java:293)
at org.testng.remote.RemoteTestNG.main(RemoteTestNG.java:91)
]]>
            </full-stacktrace>
          </exception> <!-- java.lang.AssertionError -->
          <reporter-output>
          </reporter-output>
        </test-method> <!-- testSelectSeatAndProceedToPay -->
        <test-method is-config="true" signature="logTestResult(org.testng.ITestResult)[pri:0, instance:nuego_automation_project.NuegoBookingTest@1199fe66]" started-at="2025-11-03T16:44:21 IST" name="logTestResult" finished-at="2025-11-03T16:44:21 IST" duration-ms="0" status="PASS">
          <params>
            <param index="0">
              <value>
                <![CDATA[[TestResult name=testBusBookingPageActions status=SUCCESS method=NuegoBookingTest.testBusBookingPageActions()[pri:4, instance:nuego_automation_project.NuegoBookingTest@1199fe66] output={null}]]]>
              </value>
            </param>
          </params>
          <reporter-output>
          </reporter-output>
        </test-method> <!-- logTestResult -->
        <test-method is-config="true" signature="logTestResult(org.testng.ITestResult)[pri:0, instance:nuego_automation_project.NuegoBookingTest@1199fe66]" started-at="2025-11-03T16:44:32 IST" name="logTestResult" finished-at="2025-11-03T16:44:32 IST" duration-ms="103" status="PASS">
          <params>
            <param index="0">
              <value>
                <![CDATA[[TestResult name=testSelectSeatAndProceedToPay status=FAILURE method=NuegoBookingTest.testSelectSeatAndProceedToPay()[pri:5, instance:nuego_automation_project.NuegoBookingTest@1199fe66] output={null}]]]>
              </value>
            </param>
          </params>
          <reporter-output>
          </reporter-output>
        </test-method> <!-- logTestResult -->
        <test-method signature="testReviewBookingFlow()[pri:6, instance:nuego_automation_project.NuegoBookingTest@1199fe66]" started-at="2025-11-03T16:44:32 IST" name="testReviewBookingFlow" description="Verify Review Booking flow actions" finished-at="2025-11-03T16:45:29 IST" duration-ms="57699" status="FAIL">
          <exception class="java.lang.AssertionError">
            <message>
              <![CDATA[Expected condition failed: waiting for presence of element located by: By.xpath: //p[contains(@class,'black-1E1E26-color') and normalize-space(text())='Rutuja'] (tried for 25 second(s) with 500 milliseconds interval)]]>
            </message>
            <full-stacktrace>
              <![CDATA[java.lang.AssertionError: Expected condition failed: waiting for presence of element located by: By.xpath: //p[contains(@class,'black-1E1E26-color') and normalize-space(text())='Rutuja'] (tried for 25 second(s) with 500 milliseconds interval)
at org.testng.Assert.fail(Assert.java:111)
at nuego_automation_project.NuegoBookingTest.handleFailure(NuegoBookingTest.java:281)
at nuego_automation_project.NuegoBookingTest.testReviewBookingFlow(NuegoBookingTest.java:229)
at java.base/jdk.internal.reflect.DirectMethodHandleAccessor.invoke(DirectMethodHandleAccessor.java:103)
at java.base/java.lang.reflect.Method.invoke(Method.java:580)
at org.testng.internal.invokers.MethodInvocationHelper.invokeMethod(MethodInvocationHelper.java:141)
at org.testng.internal.invokers.TestInvoker.invokeMethod(TestInvoker.java:686)
at org.testng.internal.invokers.TestInvoker.invokeTestMethod(TestInvoker.java:230)
at org.testng.internal.invokers.MethodRunner.runInSequence(MethodRunner.java:63)
at org.testng.internal.invokers.TestInvoker$MethodInvocationAgent.invoke(TestInvoker.java:992)
at org.testng.internal.invokers.TestInvoker.invokeTestMethods(TestInvoker.java:203)
at org.testng.internal.invokers.TestMethodWorker.invokeTestMethods(TestMethodWorker.java:154)
at org.testng.internal.invokers.TestMethodWorker.run(TestMethodWorker.java:134)
at java.base/java.util.ArrayList.forEach(ArrayList.java:1596)
at org.testng.TestRunner.privateRun(TestRunner.java:739)
at org.testng.TestRunner.run(TestRunner.java:614)
at org.testng.SuiteRunner.runTest(SuiteRunner.java:421)
at org.testng.SuiteRunner.runSequentially(SuiteRunner.java:413)
at org.testng.SuiteRunner.privateRun(SuiteRunner.java:373)
at org.testng.SuiteRunner.run(SuiteRunner.java:312)
at org.testng.SuiteRunnerWorker.runSuite(SuiteRunnerWorker.java:52)
at org.testng.SuiteRunnerWorker.run(SuiteRunnerWorker.java:95)
at org.testng.TestNG.runSuitesSequentially(TestNG.java:1274)
at org.testng.TestNG.runSuitesLocally(TestNG.java:1208)
at org.testng.TestNG.runSuites(TestNG.java:1112)
at org.testng.TestNG.run(TestNG.java:1079)
at org.testng.remote.AbstractRemoteTestNG.run(AbstractRemoteTestNG.java:115)
at org.testng.remote.RemoteTestNG.initAndRun(RemoteTestNG.java:293)
at org.testng.remote.RemoteTestNG.main(RemoteTestNG.java:91)
]]>
            </full-stacktrace>
          </exception> <!-- java.lang.AssertionError -->
          <reporter-output>
          </reporter-output>
        </test-method> <!-- testReviewBookingFlow -->
        <test-method is-config="true" signature="logTestResult(org.testng.ITestResult)[pri:0, instance:nuego_automation_project.NuegoBookingTest@1199fe66]" started-at="2025-11-03T16:45:30 IST" name="logTestResult" finished-at="2025-11-03T16:45:30 IST" duration-ms="100" status="PASS">
          <params>
            <param index="0">
              <value>
                <![CDATA[[TestResult name=testReviewBookingFlow status=FAILURE method=NuegoBookingTest.testReviewBookingFlow()[pri:6, instance:nuego_automation_project.NuegoBookingTest@1199fe66] output={null}]]]>
              </value>
            </param>
          </params>
          <reporter-output>
          </reporter-output>
        </test-method> <!-- logTestResult -->
        <test-method signature="testPaymentFlow()[pri:7, instance:nuego_automation_project.NuegoBookingTest@1199fe66]" started-at="2025-11-03T16:45:30 IST" name="testPaymentFlow" description="Complete payment flow using NetBanking - Axis Bank" finished-at="2025-11-03T16:45:30 IST" depends-on-methods="nuego_automation_project.NuegoBookingTest.testReviewBookingFlow" duration-ms="0" status="SKIP">
          <exception class="java.lang.Throwable">
            <message>
              <![CDATA[Method nuego_automation_project.NuegoBookingTest.testPaymentFlow() on instance nuego_automation_project.NuegoBookingTest@1199fe66 depends on not successfully finished methods 
[nuego_automation_project.NuegoBookingTest.testReviewBookingFlow() on instance nuego_automation_project.NuegoBookingTest@1199fe66]]]>
            </message>
            <full-stacktrace>
              <![CDATA[java.lang.Throwable: Method nuego_automation_project.NuegoBookingTest.testPaymentFlow() on instance nuego_automation_project.NuegoBookingTest@1199fe66 depends on not successfully finished methods 
[nuego_automation_project.NuegoBookingTest.testReviewBookingFlow() on instance nuego_automation_project.NuegoBookingTest@1199fe66]
at org.testng.internal.invokers.TestInvoker.invokeTestMethods(TestInvoker.java:159)
at org.testng.internal.invokers.TestMethodWorker.invokeTestMethods(TestMethodWorker.java:154)
at org.testng.internal.invokers.TestMethodWorker.run(TestMethodWorker.java:134)
at java.base/java.util.ArrayList.forEach(ArrayList.java:1596)
at org.testng.TestRunner.privateRun(TestRunner.java:739)
at org.testng.TestRunner.run(TestRunner.java:614)
at org.testng.SuiteRunner.runTest(SuiteRunner.java:421)
at org.testng.SuiteRunner.runSequentially(SuiteRunner.java:413)
at org.testng.SuiteRunner.privateRun(SuiteRunner.java:373)
at org.testng.SuiteRunner.run(SuiteRunner.java:312)
at org.testng.SuiteRunnerWorker.runSuite(SuiteRunnerWorker.java:52)
at org.testng.SuiteRunnerWorker.run(SuiteRunnerWorker.java:95)
at org.testng.TestNG.runSuitesSequentially(TestNG.java:1274)
at org.testng.TestNG.runSuitesLocally(TestNG.java:1208)
at org.testng.TestNG.runSuites(TestNG.java:1112)
at org.testng.TestNG.run(TestNG.java:1079)
at org.testng.remote.AbstractRemoteTestNG.run(AbstractRemoteTestNG.java:115)
at org.testng.remote.RemoteTestNG.initAndRun(RemoteTestNG.java:293)
at org.testng.remote.RemoteTestNG.main(RemoteTestNG.java:91)
]]>
            </full-stacktrace>
          </exception> <!-- java.lang.Throwable -->
          <reporter-output>
          </reporter-output>
        </test-method> <!-- testPaymentFlow -->
        <test-method is-config="true" signature="tearDown()[pri:0, instance:nuego_automation_project.NuegoBookingTest@1199fe66]" started-at="2025-11-03T16:45:30 IST" name="tearDown" finished-at="2025-11-03T16:45:30 IST" duration-ms="299" status="PASS">
          <reporter-output>
          </reporter-output>
        </test-method> <!-- tearDown -->
        <test-method is-config="true" signature="flushReport()[pri:0, instance:nuego_automation_project.NuegoBookingTest@1199fe66]" started-at="2025-11-03T16:45:30 IST" name="flushReport" finished-at="2025-11-03T16:45:30 IST" duration-ms="18" status="PASS">
          <reporter-output>
          </reporter-output>
        </test-method> <!-- flushReport -->
      </class> <!-- nuego_automation_project.NuegoBookingTest -->
    </test> <!-- Default test -->
  </suite> <!-- Default suite -->
</testng-results>
