<?xml version="1.0" encoding="UTF-8"?>
<testng-results ignored="0" total="3" passed="3" failed="0" skipped="0">
  <reporter-output>
  </reporter-output>
  <suite started-at="2025-10-23T15:04:13 IST" name="Default suite" finished-at="2025-10-23T15:05:00 IST" duration-ms="47219">
    <groups>
    </groups>
    <test started-at="2025-10-23T15:04:13 IST" name="Default test" finished-at="2025-10-23T15:05:00 IST" duration-ms="47219">
      <class name="nuego_automation_project.NuegoBookingTest">
        <test-method is-config="true" signature="setUp()[pri:0, instance:nuego_automation_project.NuegoBookingTest@38145825]" started-at="2025-10-23T15:04:13 IST" name="setUp" finished-at="2025-10-23T15:04:15 IST" duration-ms="1855" status="PASS">
          <reporter-output>
          </reporter-output>
        </test-method> <!-- setUp -->
        <test-method signature="testHomePageActions()[pri:1, instance:nuego_automation_project.NuegoBookingTest@38145825]" started-at="2025-10-23T15:04:15 IST" name="testHomePageActions" description="Handle homepage popups and search bus" finished-at="2025-10-23T15:04:30 IST" duration-ms="15229" status="PASS">
          <reporter-output>
          </reporter-output>
        </test-method> <!-- testHomePageActions -->
        <test-method signature="testFilters()[pri:2, instance:nuego_automation_project.NuegoBookingTest@38145825]" started-at="2025-10-23T15:04:30 IST" name="testFilters" description="Apply filters: Timer, Boarding &amp; Dropping points" finished-at="2025-10-23T15:04:41 IST" duration-ms="11078" status="PASS">
          <reporter-output>
          </reporter-output>
        </test-method> <!-- testFilters -->
        <test-method signature="testSeatSelectionAndBooking()[pri:3, instance:nuego_automation_project.NuegoBookingTest@38145825]" started-at="2025-10-23T15:04:41 IST" name="testSeatSelectionAndBooking" description="Select seat and complete booking" finished-at="2025-10-23T15:05:00 IST" duration-ms="18918" status="PASS">
          <reporter-output>
          </reporter-output>
        </test-method> <!-- testSeatSelectionAndBooking -->
      </class> <!-- nuego_automation_project.NuegoBookingTest -->
    </test> <!-- Default test -->
  </suite> <!-- Default suite -->
</testng-results>
