<?xml version="1.0" encoding="UTF-8"?>
<testng-results ignored="0" total="11" passed="11" failed="0" skipped="0">
  <reporter-output>
  </reporter-output>
  <suite started-at="2025-12-01T16:31:01 IST" name="Default suite" finished-at="2025-12-01T16:40:48 IST" duration-ms="586556">
    <groups>
    </groups>
    <test started-at="2025-12-01T16:31:01 IST" name="Default test" finished-at="2025-12-01T16:40:48 IST" duration-ms="586556">
      <class name="nuego_automation_project.NuegoBookingTest">
        <test-method is-config="true" signature="setUp()[pri:0, instance:nuego_automation_project.NuegoBookingTest@663411de]" started-at="2025-12-01T16:31:01 IST" name="setUp" finished-at="2025-12-01T16:31:04 IST" duration-ms="2394" status="PASS">
          <reporter-output>
          </reporter-output>
        </test-method> <!-- setUp -->
        <test-method signature="testLogin()[pri:1, instance:nuego_automation_project.NuegoBookingTest@663411de]" started-at="2025-12-01T16:31:04 IST" name="testLogin" description="Login to application using mobile and OTP" finished-at="2025-12-01T16:31:06 IST" duration-ms="2170" status="PASS">
          <reporter-output>
          </reporter-output>
        </test-method> <!-- testLogin -->
        <test-method signature="testAddMoneyToWallet()[pri:2, instance:nuego_automation_project.NuegoBookingTest@663411de]" started-at="2025-12-01T16:31:06 IST" name="testAddMoneyToWallet" description="Open wallet and add money" finished-at="2025-12-01T16:32:27 IST" depends-on-methods="nuego_automation_project.NuegoBookingTest.testLogin" duration-ms="81158" status="PASS">
          <reporter-output>
          </reporter-output>
        </test-method> <!-- testAddMoneyToWallet -->
        <test-method signature="testHomePageActions()[pri:4, instance:nuego_automation_project.NuegoBookingTest@663411de]" started-at="2025-12-01T16:32:27 IST" name="testHomePageActions" description="Handle homepage popups and search bus" finished-at="2025-12-01T16:32:48 IST" depends-on-methods="nuego_automation_project.NuegoBookingTest.testLogin" duration-ms="21124" status="PASS">
          <reporter-output>
          </reporter-output>
        </test-method> <!-- testHomePageActions -->
        <test-method signature="testFilters()[pri:5, instance:nuego_automation_project.NuegoBookingTest@663411de]" started-at="2025-12-01T16:32:48 IST" name="testFilters" description="Apply filters" finished-at="2025-12-01T16:33:00 IST" depends-on-methods="nuego_automation_project.NuegoBookingTest.testHomePageActions" duration-ms="11286" status="PASS">
          <reporter-output>
          </reporter-output>
        </test-method> <!-- testFilters -->
        <test-method signature="testBusBookingPageActions()[pri:6, instance:nuego_automation_project.NuegoBookingTest@663411de]" started-at="2025-12-01T16:33:00 IST" name="testBusBookingPageActions" description="Scroll and click seat on Bus Booking page" finished-at="2025-12-01T16:33:08 IST" depends-on-methods="nuego_automation_project.NuegoBookingTest.testFilters" duration-ms="8225" status="PASS">
          <reporter-output>
          </reporter-output>
        </test-method> <!-- testBusBookingPageActions -->
        <test-method signature="testSelectSeatAndProceedToPay()[pri:7, instance:nuego_automation_project.NuegoBookingTest@663411de]" started-at="2025-12-01T16:33:08 IST" name="testSelectSeatAndProceedToPay" description="Select seat, pickup &amp; drop points and click Book &amp; Pay" finished-at="2025-12-01T16:33:37 IST" depends-on-methods="nuego_automation_project.NuegoBookingTest.testBusBookingPageActions" duration-ms="28898" status="PASS">
          <reporter-output>
          </reporter-output>
        </test-method> <!-- testSelectSeatAndProceedToPay -->
        <test-method signature="testReviewBookingFlow()[pri:8, instance:nuego_automation_project.NuegoBookingTest@663411de]" started-at="2025-12-01T16:33:37 IST" name="testReviewBookingFlow" description="Review Booking: handle popup, coupon (if any), assurance/wallet/miles (if any), GST &amp; Proceed" finished-at="2025-12-01T16:36:49 IST" depends-on-methods="nuego_automation_project.NuegoBookingTest.testSelectSeatAndProceedToPay" duration-ms="192656" status="PASS">
          <reporter-output>
          </reporter-output>
        </test-method> <!-- testReviewBookingFlow -->
        <test-method signature="testPaymentFlow()[pri:9, instance:nuego_automation_project.NuegoBookingTest@663411de]" started-at="2025-12-01T16:36:49 IST" name="testPaymentFlow" description="Complete payment flow using NetBanking - Axis Bank" finished-at="2025-12-01T16:37:11 IST" depends-on-methods="nuego_automation_project.NuegoBookingTest.testReviewBookingFlow" duration-ms="21366" status="PASS">
          <reporter-output>
          </reporter-output>
        </test-method> <!-- testPaymentFlow -->
        <test-method signature="testTicketConfirmationFlow()[pri:10, instance:nuego_automation_project.NuegoBookingTest@663411de]" started-at="2025-12-01T16:37:11 IST" name="testTicketConfirmationFlow" description="Verify Ticket Confirmation page actions (Whatsapp, SMS, Fare, E-ticket, Copy Link, Download)" finished-at="2025-12-01T16:38:12 IST" depends-on-methods="nuego_automation_project.NuegoBookingTest.testPaymentFlow" duration-ms="61452" status="PASS">
          <reporter-output>
          </reporter-output>
        </test-method> <!-- testTicketConfirmationFlow -->
        <test-method signature="testRescheduleBookingFlow()[pri:11, instance:nuego_automation_project.NuegoBookingTest@663411de]" started-at="2025-12-01T16:38:12 IST" name="testRescheduleBookingFlow" description="Verify Reschedule Booking flow from confirmation page" finished-at="2025-12-01T16:40:11 IST" depends-on-methods="nuego_automation_project.NuegoBookingTest.testTicketConfirmationFlow" duration-ms="119181" status="PASS">
          <reporter-output>
          </reporter-output>
        </test-method> <!-- testRescheduleBookingFlow -->
        <test-method signature="testCancelBookingFlow()[pri:12, instance:nuego_automation_project.NuegoBookingTest@663411de]" started-at="2025-12-01T16:40:11 IST" name="testCancelBookingFlow" description="Cancel Booking flow: Cancel → Checkbox → Continue → Refund → Go Home" finished-at="2025-12-01T16:40:47 IST" depends-on-methods="nuego_automation_project.NuegoBookingTest.testRescheduleBookingFlow" duration-ms="35882" status="PASS">
          <reporter-output>
          </reporter-output>
        </test-method> <!-- testCancelBookingFlow -->
        <test-method is-config="true" signature="tearDown()[pri:0, instance:nuego_automation_project.NuegoBookingTest@663411de]" started-at="2025-12-01T16:40:47 IST" name="tearDown" finished-at="2025-12-01T16:40:48 IST" duration-ms="529" status="PASS">
          <reporter-output>
          </reporter-output>
        </test-method> <!-- tearDown -->
        <test-method is-config="true" signature="sendReportEmail()[pri:0, instance:nuego_automation_project.NuegoBookingTest@663411de]" started-at="2025-12-01T16:40:48 IST" name="sendReportEmail" finished-at="2025-12-01T16:40:51 IST" duration-ms="2512" status="PASS">
          <reporter-output>
          </reporter-output>
        </test-method> <!-- sendReportEmail -->
      </class> <!-- nuego_automation_project.NuegoBookingTest -->
    </test> <!-- Default test -->
  </suite> <!-- Default suite -->
</testng-results>
