<?xml version="1.0" encoding="UTF-8"?>
<testng-results ignored="0" total="9" passed="9" failed="0" skipped="0">
  <reporter-output>
  </reporter-output>
  <suite started-at="2025-11-23T12:53:56 IST" name="Default suite" finished-at="2025-11-23T12:58:40 IST" duration-ms="283663">
    <groups>
    </groups>
    <test started-at="2025-11-23T12:53:56 IST" name="Default test" finished-at="2025-11-23T12:58:40 IST" duration-ms="283663">
      <class name="nuego_automation_project.NuegoBookingTest">
        <test-method is-config="true" signature="setUp()[pri:0, instance:nuego_automation_project.NuegoBookingTest@2d96543c]" started-at="2025-11-23T12:53:56 IST" name="setUp" finished-at="2025-11-23T12:54:04 IST" duration-ms="7266" status="PASS">
          <reporter-output>
          </reporter-output>
        </test-method> <!-- setUp -->
        <test-method signature="testLogin()[pri:1, instance:nuego_automation_project.NuegoBookingTest@2d96543c]" started-at="2025-11-23T12:54:04 IST" name="testLogin" description="Login to application using mobile and OTP" finished-at="2025-11-23T12:54:13 IST" duration-ms="8936" status="PASS">
          <reporter-output>
          </reporter-output>
        </test-method> <!-- testLogin -->
        <test-method signature="testHomePageActions()[pri:2, instance:nuego_automation_project.NuegoBookingTest@2d96543c]" started-at="2025-11-23T12:54:13 IST" name="testHomePageActions" description="Handle homepage popups and search bus" finished-at="2025-11-23T12:54:36 IST" depends-on-methods="nuego_automation_project.NuegoBookingTest.testLogin" duration-ms="23315" status="PASS">
          <reporter-output>
          </reporter-output>
        </test-method> <!-- testHomePageActions -->
        <test-method signature="testFilters()[pri:3, instance:nuego_automation_project.NuegoBookingTest@2d96543c]" started-at="2025-11-23T12:54:36 IST" name="testFilters" description="Apply filters" finished-at="2025-11-23T12:54:51 IST" depends-on-methods="nuego_automation_project.NuegoBookingTest.testHomePageActions" duration-ms="15408" status="PASS">
          <reporter-output>
          </reporter-output>
        </test-method> <!-- testFilters -->
        <test-method signature="testBusBookingPageActions()[pri:4, instance:nuego_automation_project.NuegoBookingTest@2d96543c]" started-at="2025-11-23T12:54:51 IST" name="testBusBookingPageActions" description="Scroll and click seat on Bus Booking page" finished-at="2025-11-23T12:55:00 IST" depends-on-methods="nuego_automation_project.NuegoBookingTest.testFilters" duration-ms="8617" status="PASS">
          <reporter-output>
          </reporter-output>
        </test-method> <!-- testBusBookingPageActions -->
        <test-method signature="testSelectSeatAndProceedToPay()[pri:5, instance:nuego_automation_project.NuegoBookingTest@2d96543c]" started-at="2025-11-23T12:55:00 IST" name="testSelectSeatAndProceedToPay" description="Select seat, pickup &amp; drop points and click Book &amp; Pay" finished-at="2025-11-23T12:55:25 IST" depends-on-methods="nuego_automation_project.NuegoBookingTest.testBusBookingPageActions" duration-ms="24532" status="PASS">
          <reporter-output>
          </reporter-output>
        </test-method> <!-- testSelectSeatAndProceedToPay -->
        <test-method signature="testReviewBookingFlow()[pri:6, instance:nuego_automation_project.NuegoBookingTest@2d96543c]" started-at="2025-11-23T12:55:25 IST" name="testReviewBookingFlow" description="Review Booking: handle popup, coupon (if any), assurance/wallet/miles (if any), GST &amp; Proceed" finished-at="2025-11-23T12:55:54 IST" depends-on-methods="nuego_automation_project.NuegoBookingTest.testSelectSeatAndProceedToPay" duration-ms="28937" status="PASS">
          <reporter-output>
          </reporter-output>
        </test-method> <!-- testReviewBookingFlow -->
        <test-method signature="testPaymentFlow()[pri:7, instance:nuego_automation_project.NuegoBookingTest@2d96543c]" started-at="2025-11-23T12:55:54 IST" name="testPaymentFlow" description="Complete payment flow using NetBanking - Axis Bank" finished-at="2025-11-23T12:56:15 IST" depends-on-methods="nuego_automation_project.NuegoBookingTest.testReviewBookingFlow" duration-ms="21212" status="PASS">
          <reporter-output>
          </reporter-output>
        </test-method> <!-- testPaymentFlow -->
        <test-method signature="testTicketConfirmationFlow()[pri:8, instance:nuego_automation_project.NuegoBookingTest@2d96543c]" started-at="2025-11-23T12:56:15 IST" name="testTicketConfirmationFlow" description="Verify Ticket Confirmation page actions (Whatsapp, SMS, Fare, E-ticket, Copy Link, Download)" finished-at="2025-11-23T12:56:58 IST" depends-on-methods="nuego_automation_project.NuegoBookingTest.testPaymentFlow" duration-ms="43262" status="PASS">
          <reporter-output>
          </reporter-output>
        </test-method> <!-- testTicketConfirmationFlow -->
        <test-method signature="testRescheduleBookingFlow()[pri:9, instance:nuego_automation_project.NuegoBookingTest@2d96543c]" started-at="2025-11-23T12:56:58 IST" name="testRescheduleBookingFlow" description="Verify Reschedule Booking flow from confirmation page" finished-at="2025-11-23T12:58:39 IST" depends-on-methods="nuego_automation_project.NuegoBookingTest.testTicketConfirmationFlow" duration-ms="100569" status="PASS">
          <reporter-output>
          </reporter-output>
        </test-method> <!-- testRescheduleBookingFlow -->
        <test-method is-config="true" signature="tearDown()[pri:0, instance:nuego_automation_project.NuegoBookingTest@2d96543c]" started-at="2025-11-23T12:58:39 IST" name="tearDown" finished-at="2025-11-23T12:58:40 IST" duration-ms="1282" status="PASS">
          <reporter-output>
          </reporter-output>
        </test-method> <!-- tearDown -->
        <test-method is-config="true" signature="sendReportEmail()[pri:0, instance:nuego_automation_project.NuegoBookingTest@2d96543c]" started-at="2025-11-23T12:58:41 IST" name="sendReportEmail" finished-at="2025-11-23T12:58:46 IST" duration-ms="5290" status="PASS">
          <reporter-output>
          </reporter-output>
        </test-method> <!-- sendReportEmail -->
      </class> <!-- nuego_automation_project.NuegoBookingTest -->
    </test> <!-- Default test -->
  </suite> <!-- Default suite -->
</testng-results>
