<?xml version="1.0" encoding="UTF-8"?>
<testng-results ignored="0" total="11" passed="11" failed="0" skipped="0">
  <reporter-output>
  </reporter-output>
  <suite started-at="2025-12-02T12:23:50 IST" name="Default suite" finished-at="2025-12-02T12:32:44 IST" duration-ms="533914">
    <groups>
    </groups>
    <test started-at="2025-12-02T12:23:50 IST" name="Default test" finished-at="2025-12-02T12:32:44 IST" duration-ms="533914">
      <class name="nuego_automation_project.NuegoBookingTest">
        <test-method is-config="true" signature="setUp()[pri:0, instance:nuego_automation_project.NuegoBookingTest@6d9f7a80]" started-at="2025-12-02T12:23:50 IST" name="setUp" finished-at="2025-12-02T12:23:52 IST" duration-ms="1905" status="PASS">
          <reporter-output>
          </reporter-output>
        </test-method> <!-- setUp -->
        <test-method is-config="true" signature="setUpTest()[pri:0, instance:nuego_automation_project.NuegoBookingTest@6d9f7a80]" started-at="2025-12-02T12:23:52 IST" name="setUpTest" finished-at="2025-12-02T12:23:59 IST" duration-ms="6456" status="PASS">
          <reporter-output>
          </reporter-output>
        </test-method> <!-- setUpTest -->
        <test-method signature="testLogin()[pri:1, instance:nuego_automation_project.NuegoBookingTest@6d9f7a80]" started-at="2025-12-02T12:23:59 IST" name="testLogin" description="Login to application using mobile and OTP" finished-at="2025-12-02T12:24:01 IST" duration-ms="1797" status="PASS">
          <reporter-output>
          </reporter-output>
        </test-method> <!-- testLogin -->
        <test-method signature="testAddMoneyToWallet()[pri:2, instance:nuego_automation_project.NuegoBookingTest@6d9f7a80]" started-at="2025-12-02T12:24:01 IST" name="testAddMoneyToWallet" description="Open wallet and add money" finished-at="2025-12-02T12:24:35 IST" depends-on-methods="nuego_automation_project.NuegoBookingTest.testLogin" duration-ms="34511" status="PASS">
          <reporter-output>
          </reporter-output>
        </test-method> <!-- testAddMoneyToWallet -->
        <test-method signature="testHomePageActions()[pri:3, instance:nuego_automation_project.NuegoBookingTest@6d9f7a80]" started-at="2025-12-02T12:24:35 IST" name="testHomePageActions" description="Handle homepage popups and search bus" finished-at="2025-12-02T12:24:57 IST" depends-on-methods="nuego_automation_project.NuegoBookingTest.testLogin" duration-ms="21298" status="PASS">
          <reporter-output>
          </reporter-output>
        </test-method> <!-- testHomePageActions -->
        <test-method signature="testFilters()[pri:4, instance:nuego_automation_project.NuegoBookingTest@6d9f7a80]" started-at="2025-12-02T12:24:57 IST" name="testFilters" description="Apply filters" finished-at="2025-12-02T12:25:08 IST" depends-on-methods="nuego_automation_project.NuegoBookingTest.testHomePageActions" duration-ms="11204" status="PASS">
          <reporter-output>
          </reporter-output>
        </test-method> <!-- testFilters -->
        <test-method signature="testBusBookingPageActions()[pri:5, instance:nuego_automation_project.NuegoBookingTest@6d9f7a80]" started-at="2025-12-02T12:25:08 IST" name="testBusBookingPageActions" description="Scroll and click seat on Bus Booking page" finished-at="2025-12-02T12:25:16 IST" depends-on-methods="nuego_automation_project.NuegoBookingTest.testFilters" duration-ms="8215" status="PASS">
          <reporter-output>
          </reporter-output>
        </test-method> <!-- testBusBookingPageActions -->
        <test-method signature="testSelectSeatAndProceedToPay()[pri:6, instance:nuego_automation_project.NuegoBookingTest@6d9f7a80]" started-at="2025-12-02T12:25:16 IST" name="testSelectSeatAndProceedToPay" description="Select seat, pickup &amp; drop points and click Book &amp; Pay" finished-at="2025-12-02T12:25:43 IST" depends-on-methods="nuego_automation_project.NuegoBookingTest.testBusBookingPageActions" duration-ms="26984" status="PASS">
          <reporter-output>
          </reporter-output>
        </test-method> <!-- testSelectSeatAndProceedToPay -->
        <test-method signature="testReviewBookingFlow()[pri:7, instance:nuego_automation_project.NuegoBookingTest@6d9f7a80]" started-at="2025-12-02T12:25:43 IST" name="testReviewBookingFlow" description="Review Booking flow" finished-at="2025-12-02T12:29:25 IST" depends-on-methods="nuego_automation_project.NuegoBookingTest.testSelectSeatAndProceedToPay" duration-ms="221712" status="PASS">
          <reporter-output>
          </reporter-output>
        </test-method> <!-- testReviewBookingFlow -->
        <test-method signature="testPaymentFlow()[pri:8, instance:nuego_automation_project.NuegoBookingTest@6d9f7a80]" started-at="2025-12-02T12:29:25 IST" name="testPaymentFlow" description="Payment flow using NetBanking - Axis Bank" finished-at="2025-12-02T12:29:38 IST" depends-on-methods="nuego_automation_project.NuegoBookingTest.testReviewBookingFlow" duration-ms="13101" status="PASS">
          <reporter-output>
          </reporter-output>
        </test-method> <!-- testPaymentFlow -->
        <test-method signature="testTicketConfirmationFlow()[pri:9, instance:nuego_automation_project.NuegoBookingTest@6d9f7a80]" started-at="2025-12-02T12:29:38 IST" name="testTicketConfirmationFlow" description="Ticket Confirmation flow" finished-at="2025-12-02T12:30:38 IST" depends-on-methods="nuego_automation_project.NuegoBookingTest.testPaymentFlow" duration-ms="60368" status="PASS">
          <reporter-output>
          </reporter-output>
        </test-method> <!-- testTicketConfirmationFlow -->
        <test-method signature="testRescheduleBookingFlow()[pri:10, instance:nuego_automation_project.NuegoBookingTest@6d9f7a80]" started-at="2025-12-02T12:30:38 IST" name="testRescheduleBookingFlow" description="Reschedule Booking flow" finished-at="2025-12-02T12:32:09 IST" depends-on-methods="nuego_automation_project.NuegoBookingTest.testTicketConfirmationFlow" duration-ms="90481" status="PASS">
          <reporter-output>
          </reporter-output>
        </test-method> <!-- testRescheduleBookingFlow -->
        <test-method signature="testCancelBookingFlow()[pri:11, instance:nuego_automation_project.NuegoBookingTest@6d9f7a80]" started-at="2025-12-02T12:32:09 IST" name="testCancelBookingFlow" description="Cancel Booking flow" finished-at="2025-12-02T12:32:44 IST" depends-on-methods="nuego_automation_project.NuegoBookingTest.testRescheduleBookingFlow" duration-ms="35300" status="PASS">
          <reporter-output>
          </reporter-output>
        </test-method> <!-- testCancelBookingFlow -->
        <test-method is-config="true" signature="tearDown()[pri:0, instance:nuego_automation_project.NuegoBookingTest@6d9f7a80]" started-at="2025-12-02T12:32:44 IST" name="tearDown" finished-at="2025-12-02T12:32:44 IST" duration-ms="346" status="PASS">
          <reporter-output>
          </reporter-output>
        </test-method> <!-- tearDown -->
        <test-method is-config="true" signature="sendReportEmail()[pri:0, instance:nuego_automation_project.NuegoBookingTest@6d9f7a80]" started-at="2025-12-02T12:32:45 IST" name="sendReportEmail" finished-at="2025-12-02T12:32:45 IST" duration-ms="1" status="FAIL">
          <exception class="java.lang.NoClassDefFoundError">
            <message>
              <![CDATA[nuego_automation_project/SendReportEmail]]>
            </message>
            <full-stacktrace>
              <![CDATA[java.lang.NoClassDefFoundError: nuego_automation_project/SendReportEmail
at nuego_automation_project.NuegoBookingTest.sendReportEmail(NuegoBookingTest.java:272)
at java.base/jdk.internal.reflect.DirectMethodHandleAccessor.invoke(DirectMethodHandleAccessor.java:103)
at java.base/java.lang.reflect.Method.invoke(Method.java:580)
at org.testng.internal.invokers.MethodInvocationHelper.invokeMethod(MethodInvocationHelper.java:141)
at org.testng.internal.invokers.MethodInvocationHelper.invokeMethodConsideringTimeout(MethodInvocationHelper.java:71)
at org.testng.internal.invokers.ConfigInvoker.invokeConfigurationMethod(ConfigInvoker.java:400)
at org.testng.internal.invokers.ConfigInvoker.invokeConfigurations(ConfigInvoker.java:333)
at org.testng.SuiteRunner.privateRun(SuiteRunner.java:386)
at org.testng.SuiteRunner.run(SuiteRunner.java:312)
at org.testng.SuiteRunnerWorker.runSuite(SuiteRunnerWorker.java:52)
at org.testng.SuiteRunnerWorker.run(SuiteRunnerWorker.java:95)
at org.testng.TestNG.runSuitesSequentially(TestNG.java:1274)
at org.testng.TestNG.runSuitesLocally(TestNG.java:1208)
at org.testng.TestNG.runSuites(TestNG.java:1112)
at org.testng.TestNG.run(TestNG.java:1079)
at org.testng.remote.AbstractRemoteTestNG.run(AbstractRemoteTestNG.java:115)
at org.testng.remote.RemoteTestNG.initAndRun(RemoteTestNG.java:293)
at org.testng.remote.RemoteTestNG.main(RemoteTestNG.java:91)
Caused by: java.lang.ClassNotFoundException: nuego_automation_project.SendReportEmail
at java.base/jdk.internal.loader.BuiltinClassLoader.loadClass(BuiltinClassLoader.java:641)
at java.base/jdk.internal.loader.ClassLoaders$AppClassLoader.loadClass(ClassLoaders.java:188)
at java.base/java.lang.ClassLoader.loadClass(ClassLoader.java:526)
... 18 more
]]>
            </full-stacktrace>
          </exception> <!-- java.lang.NoClassDefFoundError -->
          <reporter-output>
          </reporter-output>
        </test-method> <!-- sendReportEmail -->
      </class> <!-- nuego_automation_project.NuegoBookingTest -->
    </test> <!-- Default test -->
  </suite> <!-- Default suite -->
</testng-results>
