<?xml version="1.0" encoding="UTF-8"?>
<testng-results ignored="0" total="7" passed="7" failed="0" skipped="0">
  <reporter-output>
  </reporter-output>
  <suite started-at="2025-11-18T13:00:17 IST" name="Default suite" finished-at="2025-11-18T13:04:56 IST" duration-ms="278627">
    <groups>
    </groups>
    <test started-at="2025-11-18T13:00:17 IST" name="Default test" finished-at="2025-11-18T13:04:56 IST" duration-ms="278627">
      <class name="nuego_automation_project.NuegoBookingTest">
        <test-method is-config="true" signature="setUp()[pri:0, instance:nuego_automation_project.NuegoBookingTest@614df0a4]" started-at="2025-11-18T13:00:17 IST" name="setUp" finished-at="2025-11-18T13:00:22 IST" duration-ms="4458" status="PASS">
          <reporter-output>
          </reporter-output>
        </test-method> <!-- setUp -->
        <test-method signature="testLogin()[pri:1, instance:nuego_automation_project.NuegoBookingTest@614df0a4]" started-at="2025-11-18T13:00:22 IST" name="testLogin" description="Login to application using mobile and OTP" finished-at="2025-11-18T13:00:29 IST" duration-ms="6873" status="PASS">
          <reporter-output>
          </reporter-output>
        </test-method> <!-- testLogin -->
        <test-method signature="testHomePageActions()[pri:2, instance:nuego_automation_project.NuegoBookingTest@614df0a4]" started-at="2025-11-18T13:00:29 IST" name="testHomePageActions" description="Handle homepage popups and search bus" finished-at="2025-11-18T13:00:52 IST" depends-on-methods="nuego_automation_project.NuegoBookingTest.testLogin" duration-ms="23058" status="PASS">
          <reporter-output>
          </reporter-output>
        </test-method> <!-- testHomePageActions -->
        <test-method signature="testFilters()[pri:3, instance:nuego_automation_project.NuegoBookingTest@614df0a4]" started-at="2025-11-18T13:00:52 IST" name="testFilters" description="Apply filters" finished-at="2025-11-18T13:01:06 IST" depends-on-methods="nuego_automation_project.NuegoBookingTest.testHomePageActions" duration-ms="14078" status="PASS">
          <reporter-output>
          </reporter-output>
        </test-method> <!-- testFilters -->
        <test-method signature="testBusBookingPageActions()[pri:4, instance:nuego_automation_project.NuegoBookingTest@614df0a4]" started-at="2025-11-18T13:01:06 IST" name="testBusBookingPageActions" description="Scroll and click seat on Bus Booking page" finished-at="2025-11-18T13:01:15 IST" depends-on-methods="nuego_automation_project.NuegoBookingTest.testFilters" duration-ms="8530" status="PASS">
          <reporter-output>
          </reporter-output>
        </test-method> <!-- testBusBookingPageActions -->
        <test-method signature="testSelectSeatAndProceedToPay()[pri:5, instance:nuego_automation_project.NuegoBookingTest@614df0a4]" started-at="2025-11-18T13:01:15 IST" name="testSelectSeatAndProceedToPay" description="Select seat, pickup &amp; drop points and click Book &amp; Pay" finished-at="2025-11-18T13:03:11 IST" depends-on-methods="nuego_automation_project.NuegoBookingTest.testBusBookingPageActions" duration-ms="116706" status="PASS">
          <reporter-output>
          </reporter-output>
        </test-method> <!-- testSelectSeatAndProceedToPay -->
        <test-method signature="testReviewBookingFlow()[pri:6, instance:nuego_automation_project.NuegoBookingTest@614df0a4]" started-at="2025-11-18T13:03:11 IST" name="testReviewBookingFlow" description="Verify Review Booking flow actions" finished-at="2025-11-18T13:04:11 IST" depends-on-methods="nuego_automation_project.NuegoBookingTest.testSelectSeatAndProceedToPay" duration-ms="59990" status="PASS">
          <reporter-output>
          </reporter-output>
        </test-method> <!-- testReviewBookingFlow -->
        <test-method signature="testPaymentFlow()[pri:7, instance:nuego_automation_project.NuegoBookingTest@614df0a4]" started-at="2025-11-18T13:04:11 IST" name="testPaymentFlow" description="Complete payment flow using NetBanking - Axis Bank" finished-at="2025-11-18T13:04:54 IST" duration-ms="43019" status="PASS">
          <reporter-output>
          </reporter-output>
        </test-method> <!-- testPaymentFlow -->
        <test-method is-config="true" signature="tearDown()[pri:0, instance:nuego_automation_project.NuegoBookingTest@614df0a4]" started-at="2025-11-18T13:04:54 IST" name="tearDown" finished-at="2025-11-18T13:04:56 IST" duration-ms="1561" status="PASS">
          <reporter-output>
          </reporter-output>
        </test-method> <!-- tearDown -->
        <test-method is-config="true" signature="sendReportEmail()[pri:0, instance:nuego_automation_project.NuegoBookingTest@614df0a4]" started-at="2025-11-18T13:04:56 IST" name="sendReportEmail" finished-at="2025-11-18T13:05:01 IST" duration-ms="4573" status="PASS">
          <reporter-output>
          </reporter-output>
        </test-method> <!-- sendReportEmail -->
      </class> <!-- nuego_automation_project.NuegoBookingTest -->
    </test> <!-- Default test -->
  </suite> <!-- Default suite -->
</testng-results>
