<?xml version="1.0" encoding="UTF-8"?>
<testng-results ignored="0" total="3" passed="3" failed="0" skipped="0">
  <reporter-output>
  </reporter-output>
  <suite started-at="2025-10-27T11:54:29 IST" name="Default suite" finished-at="2025-10-27T11:55:17 IST" duration-ms="48049">
    <groups>
    </groups>
    <test started-at="2025-10-27T11:54:29 IST" name="Default test" finished-at="2025-10-27T11:55:17 IST" duration-ms="48049">
      <class name="nuego_automation_project.NuegoBookingTest">
        <test-method is-config="true" signature="setUp()[pri:0, instance:nuego_automation_project.NuegoBookingTest@38145825]" started-at="2025-10-27T11:54:29 IST" name="setUp" finished-at="2025-10-27T11:54:31 IST" duration-ms="1855" status="PASS">
          <reporter-output>
          </reporter-output>
        </test-method> <!-- setUp -->
        <test-method signature="testHomePageActions()[pri:1, instance:nuego_automation_project.NuegoBookingTest@38145825]" started-at="2025-10-27T11:54:31 IST" name="testHomePageActions" description="Handle homepage popups and search bus" finished-at="2025-10-27T11:54:46 IST" duration-ms="15189" status="PASS">
          <reporter-output>
          </reporter-output>
        </test-method> <!-- testHomePageActions -->
        <test-method signature="testFilters()[pri:2, instance:nuego_automation_project.NuegoBookingTest@38145825]" started-at="2025-10-27T11:54:46 IST" name="testFilters" description="Apply filters: Timer, Boarding &amp; Dropping points" finished-at="2025-10-27T11:54:58 IST" duration-ms="11887" status="PASS">
          <reporter-output>
          </reporter-output>
        </test-method> <!-- testFilters -->
        <test-method signature="testSeatSelectionAndBooking()[pri:3, instance:nuego_automation_project.NuegoBookingTest@38145825]" started-at="2025-10-27T11:54:58 IST" name="testSeatSelectionAndBooking" description="Select seat and complete booking" finished-at="2025-10-27T11:55:17 IST" duration-ms="18947" status="PASS">
          <reporter-output>
          </reporter-output>
        </test-method> <!-- testSeatSelectionAndBooking -->
      </class> <!-- nuego_automation_project.NuegoBookingTest -->
    </test> <!-- Default test -->
  </suite> <!-- Default suite -->
</testng-results>
