<?xml version="1.0" encoding="UTF-8"?>
<testng-results ignored="0" total="3" passed="0" failed="1" skipped="2">
  <reporter-output>
  </reporter-output>
  <suite started-at="2025-11-01T18:49:01 IST" name="Default suite" finished-at="2025-11-01T18:49:56 IST" duration-ms="55218">
    <groups>
    </groups>
    <test started-at="2025-11-01T18:49:01 IST" name="Default test" finished-at="2025-11-01T18:49:56 IST" duration-ms="55218">
      <class name="nuego_automation_project.NuegoBookingTest">
        <test-method is-config="true" signature="startReport()[pri:0, instance:nuego_automation_project.NuegoBookingTest@7d322cad]" started-at="2025-11-01T18:49:01 IST" name="startReport" finished-at="2025-11-01T18:49:01 IST" duration-ms="333" status="PASS">
          <reporter-output>
          </reporter-output>
        </test-method> <!-- startReport -->
        <test-method is-config="true" signature="setUp()[pri:0, instance:nuego_automation_project.NuegoBookingTest@7d322cad]" started-at="2025-11-01T18:49:01 IST" name="setUp" finished-at="2025-11-01T18:49:05 IST" duration-ms="4204" status="PASS">
          <reporter-output>
          </reporter-output>
        </test-method> <!-- setUp -->
        <test-method signature="testLogin()[pri:1, instance:nuego_automation_project.NuegoBookingTest@7d322cad]" started-at="2025-11-01T18:49:05 IST" name="testLogin" description="Login to application using mobile and OTP" finished-at="2025-11-01T18:49:55 IST" duration-ms="49863" status="FAIL">
          <exception class="java.lang.AssertionError">
            <message>
              <![CDATA[Login failed: Expected condition failed: waiting for visibility of Proxy element for: DefaultElementLocator 'By.xpath: //input[@aria-label='Please enter OTP character 1']' (tried for 30 second(s) with 500 milliseconds interval)]]>
            </message>
            <full-stacktrace>
              <![CDATA[java.lang.AssertionError: Login failed: Expected condition failed: waiting for visibility of Proxy element for: DefaultElementLocator 'By.xpath: //input[@aria-label='Please enter OTP character 1']' (tried for 30 second(s) with 500 milliseconds interval)
at org.testng.Assert.fail(Assert.java:111)
at nuego_automation_project.NuegoBookingTest.testLogin(NuegoBookingTest.java:103)
at java.base/jdk.internal.reflect.DirectMethodHandleAccessor.invoke(DirectMethodHandleAccessor.java:103)
at java.base/java.lang.reflect.Method.invoke(Method.java:580)
at org.testng.internal.invokers.MethodInvocationHelper.invokeMethod(MethodInvocationHelper.java:141)
at org.testng.internal.invokers.TestInvoker.invokeMethod(TestInvoker.java:686)
at org.testng.internal.invokers.TestInvoker.invokeTestMethod(TestInvoker.java:230)
at org.testng.internal.invokers.MethodRunner.runInSequence(MethodRunner.java:63)
at org.testng.internal.invokers.TestInvoker$MethodInvocationAgent.invoke(TestInvoker.java:992)
at org.testng.internal.invokers.TestInvoker.invokeTestMethods(TestInvoker.java:203)
at org.testng.internal.invokers.TestMethodWorker.invokeTestMethods(TestMethodWorker.java:154)
at org.testng.internal.invokers.TestMethodWorker.run(TestMethodWorker.java:134)
at java.base/java.util.ArrayList.forEach(ArrayList.java:1596)
at org.testng.TestRunner.privateRun(TestRunner.java:739)
at org.testng.TestRunner.run(TestRunner.java:614)
at org.testng.SuiteRunner.runTest(SuiteRunner.java:421)
at org.testng.SuiteRunner.runSequentially(SuiteRunner.java:413)
at org.testng.SuiteRunner.privateRun(SuiteRunner.java:373)
at org.testng.SuiteRunner.run(SuiteRunner.java:312)
at org.testng.SuiteRunnerWorker.runSuite(SuiteRunnerWorker.java:52)
at org.testng.SuiteRunnerWorker.run(SuiteRunnerWorker.java:95)
at org.testng.TestNG.runSuitesSequentially(TestNG.java:1274)
at org.testng.TestNG.runSuitesLocally(TestNG.java:1208)
at org.testng.TestNG.runSuites(TestNG.java:1112)
at org.testng.TestNG.run(TestNG.java:1079)
at org.testng.remote.AbstractRemoteTestNG.run(AbstractRemoteTestNG.java:115)
at org.testng.remote.RemoteTestNG.initAndRun(RemoteTestNG.java:293)
at org.testng.remote.RemoteTestNG.main(RemoteTestNG.java:91)
]]>
            </full-stacktrace>
          </exception> <!-- java.lang.AssertionError -->
          <reporter-output>
          </reporter-output>
        </test-method> <!-- testLogin -->
        <test-method is-config="true" signature="getResult(org.testng.ITestResult)[pri:0, instance:nuego_automation_project.NuegoBookingTest@7d322cad]" started-at="2025-11-01T18:49:55 IST" name="getResult" finished-at="2025-11-01T18:49:56 IST" duration-ms="248" status="PASS">
          <params>
            <param index="0">
              <value>
                <![CDATA[[TestResult name=testLogin status=FAILURE method=NuegoBookingTest.testLogin()[pri:1, instance:nuego_automation_project.NuegoBookingTest@7d322cad] output={null}]]]>
              </value>
            </param>
          </params>
          <reporter-output>
          </reporter-output>
        </test-method> <!-- getResult -->
        <test-method signature="testHomePageActions()[pri:2, instance:nuego_automation_project.NuegoBookingTest@7d322cad]" started-at="2025-11-01T18:49:56 IST" name="testHomePageActions" description="Handle homepage popups and search bus" finished-at="2025-11-01T18:49:56 IST" depends-on-methods="nuego_automation_project.NuegoBookingTest.testLogin" duration-ms="1" status="SKIP">
          <exception class="java.lang.Throwable">
            <message>
              <![CDATA[Method nuego_automation_project.NuegoBookingTest.testHomePageActions() on instance nuego_automation_project.NuegoBookingTest@7d322cad depends on not successfully finished methods 
[nuego_automation_project.NuegoBookingTest.testLogin() on instance nuego_automation_project.NuegoBookingTest@7d322cad]]]>
            </message>
            <full-stacktrace>
              <![CDATA[java.lang.Throwable: Method nuego_automation_project.NuegoBookingTest.testHomePageActions() on instance nuego_automation_project.NuegoBookingTest@7d322cad depends on not successfully finished methods 
[nuego_automation_project.NuegoBookingTest.testLogin() on instance nuego_automation_project.NuegoBookingTest@7d322cad]
at org.testng.internal.invokers.TestInvoker.invokeTestMethods(TestInvoker.java:159)
at org.testng.internal.invokers.TestMethodWorker.invokeTestMethods(TestMethodWorker.java:154)
at org.testng.internal.invokers.TestMethodWorker.run(TestMethodWorker.java:134)
at java.base/java.util.ArrayList.forEach(ArrayList.java:1596)
at org.testng.TestRunner.privateRun(TestRunner.java:739)
at org.testng.TestRunner.run(TestRunner.java:614)
at org.testng.SuiteRunner.runTest(SuiteRunner.java:421)
at org.testng.SuiteRunner.runSequentially(SuiteRunner.java:413)
at org.testng.SuiteRunner.privateRun(SuiteRunner.java:373)
at org.testng.SuiteRunner.run(SuiteRunner.java:312)
at org.testng.SuiteRunnerWorker.runSuite(SuiteRunnerWorker.java:52)
at org.testng.SuiteRunnerWorker.run(SuiteRunnerWorker.java:95)
at org.testng.TestNG.runSuitesSequentially(TestNG.java:1274)
at org.testng.TestNG.runSuitesLocally(TestNG.java:1208)
at org.testng.TestNG.runSuites(TestNG.java:1112)
at org.testng.TestNG.run(TestNG.java:1079)
at org.testng.remote.AbstractRemoteTestNG.run(AbstractRemoteTestNG.java:115)
at org.testng.remote.RemoteTestNG.initAndRun(RemoteTestNG.java:293)
at org.testng.remote.RemoteTestNG.main(RemoteTestNG.java:91)
]]>
            </full-stacktrace>
          </exception> <!-- java.lang.Throwable -->
          <reporter-output>
          </reporter-output>
        </test-method> <!-- testHomePageActions -->
        <test-method signature="testFilters()[pri:3, instance:nuego_automation_project.NuegoBookingTest@7d322cad]" started-at="2025-11-01T18:49:56 IST" name="testFilters" description="Apply filters: Timer, Boarding &amp; Dropping points" finished-at="2025-11-01T18:49:56 IST" depends-on-methods="nuego_automation_project.NuegoBookingTest.testLogin" duration-ms="0" status="SKIP">
          <exception class="java.lang.Throwable">
            <message>
              <![CDATA[Method nuego_automation_project.NuegoBookingTest.testFilters() on instance nuego_automation_project.NuegoBookingTest@7d322cad depends on not successfully finished methods 
[nuego_automation_project.NuegoBookingTest.testLogin() on instance nuego_automation_project.NuegoBookingTest@7d322cad]]]>
            </message>
            <full-stacktrace>
              <![CDATA[java.lang.Throwable: Method nuego_automation_project.NuegoBookingTest.testFilters() on instance nuego_automation_project.NuegoBookingTest@7d322cad depends on not successfully finished methods 
[nuego_automation_project.NuegoBookingTest.testLogin() on instance nuego_automation_project.NuegoBookingTest@7d322cad]
at org.testng.internal.invokers.TestInvoker.invokeTestMethods(TestInvoker.java:159)
at org.testng.internal.invokers.TestMethodWorker.invokeTestMethods(TestMethodWorker.java:154)
at org.testng.internal.invokers.TestMethodWorker.run(TestMethodWorker.java:134)
at java.base/java.util.ArrayList.forEach(ArrayList.java:1596)
at org.testng.TestRunner.privateRun(TestRunner.java:739)
at org.testng.TestRunner.run(TestRunner.java:614)
at org.testng.SuiteRunner.runTest(SuiteRunner.java:421)
at org.testng.SuiteRunner.runSequentially(SuiteRunner.java:413)
at org.testng.SuiteRunner.privateRun(SuiteRunner.java:373)
at org.testng.SuiteRunner.run(SuiteRunner.java:312)
at org.testng.SuiteRunnerWorker.runSuite(SuiteRunnerWorker.java:52)
at org.testng.SuiteRunnerWorker.run(SuiteRunnerWorker.java:95)
at org.testng.TestNG.runSuitesSequentially(TestNG.java:1274)
at org.testng.TestNG.runSuitesLocally(TestNG.java:1208)
at org.testng.TestNG.runSuites(TestNG.java:1112)
at org.testng.TestNG.run(TestNG.java:1079)
at org.testng.remote.AbstractRemoteTestNG.run(AbstractRemoteTestNG.java:115)
at org.testng.remote.RemoteTestNG.initAndRun(RemoteTestNG.java:293)
at org.testng.remote.RemoteTestNG.main(RemoteTestNG.java:91)
]]>
            </full-stacktrace>
          </exception> <!-- java.lang.Throwable -->
          <reporter-output>
          </reporter-output>
        </test-method> <!-- testFilters -->
        <test-method is-config="true" signature="tearDown()[pri:0, instance:nuego_automation_project.NuegoBookingTest@7d322cad]" started-at="2025-11-01T18:49:56 IST" name="tearDown" finished-at="2025-11-01T18:49:56 IST" duration-ms="612" status="PASS">
          <reporter-output>
          </reporter-output>
        </test-method> <!-- tearDown -->
        <test-method is-config="true" signature="endReport()[pri:0, instance:nuego_automation_project.NuegoBookingTest@7d322cad]" started-at="2025-11-01T18:49:57 IST" name="endReport" finished-at="2025-11-01T18:49:57 IST" duration-ms="498" status="PASS">
          <reporter-output>
          </reporter-output>
        </test-method> <!-- endReport -->
      </class> <!-- nuego_automation_project.NuegoBookingTest -->
    </test> <!-- Default test -->
  </suite> <!-- Default suite -->
</testng-results>
