<?xml version="1.0" encoding="UTF-8"?>
<testng-results ignored="0" total="11" passed="11" failed="0" skipped="0">
  <reporter-output>
  </reporter-output>
  <suite started-at="2025-12-02T14:36:15 IST" name="Default suite" finished-at="2025-12-02T14:45:38 IST" duration-ms="563317">
    <groups>
    </groups>
    <test started-at="2025-12-02T14:36:15 IST" name="Default test" finished-at="2025-12-02T14:45:38 IST" duration-ms="563317">
      <class name="nuego_automation_project.NuegoBookingTest">
        <test-method is-config="true" signature="setUp()[pri:0, instance:nuego_automation_project.NuegoBookingTest@c4ed84]" started-at="2025-12-02T14:36:15 IST" name="setUp" finished-at="2025-12-02T14:36:19 IST" duration-ms="4174" status="PASS">
          <reporter-output>
          </reporter-output>
        </test-method> <!-- setUp -->
        <test-method is-config="true" signature="setUpTest()[pri:0, instance:nuego_automation_project.NuegoBookingTest@c4ed84]" started-at="2025-12-02T14:36:19 IST" name="setUpTest" finished-at="2025-12-02T14:36:21 IST" duration-ms="2390" status="PASS">
          <reporter-output>
          </reporter-output>
        </test-method> <!-- setUpTest -->
        <test-method signature="testLogin()[pri:1, instance:nuego_automation_project.NuegoBookingTest@c4ed84]" started-at="2025-12-02T14:36:21 IST" name="testLogin" description="Login to application using mobile and OTP" finished-at="2025-12-02T14:36:23 IST" duration-ms="2195" status="PASS">
          <reporter-output>
          </reporter-output>
        </test-method> <!-- testLogin -->
        <test-method signature="testAddMoneyToWallet()[pri:2, instance:nuego_automation_project.NuegoBookingTest@c4ed84]" started-at="2025-12-02T14:36:24 IST" name="testAddMoneyToWallet" description="Open wallet and add money" finished-at="2025-12-02T14:37:23 IST" depends-on-methods="nuego_automation_project.NuegoBookingTest.testLogin" duration-ms="59182" status="PASS">
          <reporter-output>
          </reporter-output>
        </test-method> <!-- testAddMoneyToWallet -->
        <test-method signature="testHomePageActions()[pri:3, instance:nuego_automation_project.NuegoBookingTest@c4ed84]" started-at="2025-12-02T14:37:23 IST" name="testHomePageActions" description="Handle homepage popups and search bus" finished-at="2025-12-02T14:37:45 IST" depends-on-methods="nuego_automation_project.NuegoBookingTest.testLogin" duration-ms="21873" status="PASS">
          <reporter-output>
          </reporter-output>
        </test-method> <!-- testHomePageActions -->
        <test-method signature="testFilters()[pri:4, instance:nuego_automation_project.NuegoBookingTest@c4ed84]" started-at="2025-12-02T14:37:45 IST" name="testFilters" description="Apply filters" finished-at="2025-12-02T14:37:56 IST" depends-on-methods="nuego_automation_project.NuegoBookingTest.testHomePageActions" duration-ms="11706" status="PASS">
          <reporter-output>
          </reporter-output>
        </test-method> <!-- testFilters -->
        <test-method signature="testBusBookingPageActions()[pri:5, instance:nuego_automation_project.NuegoBookingTest@c4ed84]" started-at="2025-12-02T14:37:56 IST" name="testBusBookingPageActions" description="Scroll and click seat on Bus Booking page" finished-at="2025-12-02T14:38:05 IST" depends-on-methods="nuego_automation_project.NuegoBookingTest.testFilters" duration-ms="8266" status="PASS">
          <reporter-output>
          </reporter-output>
        </test-method> <!-- testBusBookingPageActions -->
        <test-method signature="testSelectSeatAndProceedToPay()[pri:6, instance:nuego_automation_project.NuegoBookingTest@c4ed84]" started-at="2025-12-02T14:38:05 IST" name="testSelectSeatAndProceedToPay" description="Select seat, pickup &amp; drop points and click Book &amp; Pay" finished-at="2025-12-02T14:38:32 IST" depends-on-methods="nuego_automation_project.NuegoBookingTest.testBusBookingPageActions" duration-ms="27340" status="PASS">
          <reporter-output>
          </reporter-output>
        </test-method> <!-- testSelectSeatAndProceedToPay -->
        <test-method signature="testReviewBookingFlow()[pri:7, instance:nuego_automation_project.NuegoBookingTest@c4ed84]" started-at="2025-12-02T14:38:32 IST" name="testReviewBookingFlow" description="Review Booking flow" finished-at="2025-12-02T14:42:16 IST" depends-on-methods="nuego_automation_project.NuegoBookingTest.testSelectSeatAndProceedToPay" duration-ms="223634" status="PASS">
          <reporter-output>
          </reporter-output>
        </test-method> <!-- testReviewBookingFlow -->
        <test-method signature="testPaymentFlow()[pri:8, instance:nuego_automation_project.NuegoBookingTest@c4ed84]" started-at="2025-12-02T14:42:16 IST" name="testPaymentFlow" description="Payment flow using NetBanking - Axis Bank" finished-at="2025-12-02T14:42:29 IST" depends-on-methods="nuego_automation_project.NuegoBookingTest.testReviewBookingFlow" duration-ms="13548" status="PASS">
          <reporter-output>
          </reporter-output>
        </test-method> <!-- testPaymentFlow -->
        <test-method signature="testTicketConfirmationFlow()[pri:9, instance:nuego_automation_project.NuegoBookingTest@c4ed84]" started-at="2025-12-02T14:42:29 IST" name="testTicketConfirmationFlow" description="Ticket Confirmation flow" finished-at="2025-12-02T14:43:28 IST" depends-on-methods="nuego_automation_project.NuegoBookingTest.testPaymentFlow" duration-ms="58344" status="PASS">
          <reporter-output>
          </reporter-output>
        </test-method> <!-- testTicketConfirmationFlow -->
        <test-method signature="testRescheduleBookingFlow()[pri:10, instance:nuego_automation_project.NuegoBookingTest@c4ed84]" started-at="2025-12-02T14:43:28 IST" name="testRescheduleBookingFlow" description="Reschedule Booking flow" finished-at="2025-12-02T14:45:02 IST" depends-on-methods="nuego_automation_project.NuegoBookingTest.testTicketConfirmationFlow" duration-ms="94756" status="PASS">
          <reporter-output>
          </reporter-output>
        </test-method> <!-- testRescheduleBookingFlow -->
        <test-method signature="testCancelBookingFlow()[pri:11, instance:nuego_automation_project.NuegoBookingTest@c4ed84]" started-at="2025-12-02T14:45:02 IST" name="testCancelBookingFlow" description="Cancel Booking flow" finished-at="2025-12-02T14:45:37 IST" depends-on-methods="nuego_automation_project.NuegoBookingTest.testRescheduleBookingFlow" duration-ms="35124" status="PASS">
          <reporter-output>
          </reporter-output>
        </test-method> <!-- testCancelBookingFlow -->
        <test-method is-config="true" signature="tearDown()[pri:0, instance:nuego_automation_project.NuegoBookingTest@c4ed84]" started-at="2025-12-02T14:45:37 IST" name="tearDown" finished-at="2025-12-02T14:45:38 IST" duration-ms="515" status="PASS">
          <reporter-output>
          </reporter-output>
        </test-method> <!-- tearDown -->
      </class> <!-- nuego_automation_project.NuegoBookingTest -->
    </test> <!-- Default test -->
  </suite> <!-- Default suite -->
</testng-results>
