<?xml version="1.0" encoding="UTF-8"?>
<!-- Generated by org.testng.reporters.JUnitReportReporter -->
<testsuite hostname="LAP-SUMEDHS" failures="0" tests="7" name="nuego_automation_project.NuegoBookingTest" time="272.254" errors="0" timestamp="2025-11-18T13:05:01 IST" skipped="0">
  <testcase classname="nuego_automation_project.NuegoBookingTest" name="testLogin" time="6.873"/>
  <testcase classname="nuego_automation_project.NuegoBookingTest" name="testHomePageActions" time="23.058"/>
  <testcase classname="nuego_automation_project.NuegoBookingTest" name="testFilters" time="14.078"/>
  <testcase classname="nuego_automation_project.NuegoBookingTest" name="testBusBookingPageActions" time="8.530"/>
  <testcase classname="nuego_automation_project.NuegoBookingTest" name="testSelectSeatAndProceedToPay" time="116.706"/>
  <testcase classname="nuego_automation_project.NuegoBookingTest" name="testReviewBookingFlow" time="59.990"/>
  <testcase classname="nuego_automation_project.NuegoBookingTest" name="testPaymentFlow" time="43.019"/>
</testsuite> <!-- nuego_automation_project.NuegoBookingTest -->
