<?xml version="1.0" encoding="UTF-8"?>
<!-- Generated by org.testng.reporters.JUnitReportReporter -->
<testsuite hostname="LAP-SUMEDHS" failures="0" tests="9" name="nuego_automation_project.NuegoBookingTest" time="318.428" errors="0" timestamp="2025-11-10T16:26:10 IST" skipped="1">
  <testcase classname="nuego_automation_project.NuegoBookingTest" name="testLogin" time="7.520"/>
  <testcase classname="nuego_automation_project.NuegoBookingTest" name="testHomePageActions" time="22.909"/>
  <testcase classname="nuego_automation_project.NuegoBookingTest" name="testFilters" time="13.887"/>
  <testcase classname="nuego_automation_project.NuegoBookingTest" name="testBusBookingPageActions" time="8.498"/>
  <testcase classname="nuego_automation_project.NuegoBookingTest" name="testSelectSeatAndProceedToPay" time="13.720"/>
  <testcase classname="nuego_automation_project.NuegoBookingTest" name="testSelectSeatAndProceedToPay" time="251.713">
    <skipped/>
  </testcase> <!-- testSelectSeatAndProceedToPay -->
  <testcase classname="nuego_automation_project.NuegoBookingTest" name="testReviewBookingFlow" time="0.027"/>
  <testcase classname="nuego_automation_project.NuegoBookingTest" name="testPaymentFlow" time="0.049"/>
  <testcase classname="nuego_automation_project.NuegoBookingTest" name="testTicketPageFlow" time="0.105"/>
</testsuite> <!-- nuego_automation_project.NuegoBookingTest -->
