<?xml version="1.0" encoding="UTF-8"?>
<!-- Generated by org.testng.reporters.JUnitReportReporter -->
<testsuite hostname="LAP-SUMEDHS" failures="0" tests="12" name="nuego_automation_project.NuegoBookingTest" time="524.972" errors="1" timestamp="2025-12-02T12:32:45 IST" skipped="0">
  <testcase classname="nuego_automation_project.NuegoBookingTest" name="sendReportEmail" time="0.001">
    <error message="nuego_automation_project/SendReportEmail" type="java.lang.NoClassDefFoundError">
      <![CDATA[java.lang.NoClassDefFoundError: nuego_automation_project/SendReportEmail
at nuego_automation_project.NuegoBookingTest.sendReportEmail(NuegoBookingTest.java:272)
at java.base/jdk.internal.reflect.DirectMethodHandleAccessor.invoke(DirectMethodHandleAccessor.java:103)
at java.base/java.lang.reflect.Method.invoke(Method.java:580)
at org.testng.internal.invokers.MethodInvocationHelper.invokeMethod(MethodInvocationHelper.java:141)
at org.testng.internal.invokers.MethodInvocationHelper.invokeMethodConsideringTimeout(MethodInvocationHelper.java:71)
at org.testng.internal.invokers.ConfigInvoker.invokeConfigurationMethod(ConfigInvoker.java:400)
at org.testng.internal.invokers.ConfigInvoker.invokeConfigurations(ConfigInvoker.java:333)
at org.testng.SuiteRunner.privateRun(SuiteRunner.java:386)
at org.testng.SuiteRunner.run(SuiteRunner.java:312)
at org.testng.SuiteRunnerWorker.runSuite(SuiteRunnerWorker.java:52)
at org.testng.SuiteRunnerWorker.run(SuiteRunnerWorker.java:95)
at org.testng.TestNG.runSuitesSequentially(TestNG.java:1274)
at org.testng.TestNG.runSuitesLocally(TestNG.java:1208)
at org.testng.TestNG.runSuites(TestNG.java:1112)
at org.testng.TestNG.run(TestNG.java:1079)
at org.testng.remote.AbstractRemoteTestNG.run(AbstractRemoteTestNG.java:115)
at org.testng.remote.RemoteTestNG.initAndRun(RemoteTestNG.java:293)
at org.testng.remote.RemoteTestNG.main(RemoteTestNG.java:91)
Caused by: java.lang.ClassNotFoundException: nuego_automation_project.SendReportEmail
at java.base/jdk.internal.loader.BuiltinClassLoader.loadClass(BuiltinClassLoader.java:641)
at java.base/jdk.internal.loader.ClassLoaders$AppClassLoader.loadClass(ClassLoaders.java:188)
at java.base/java.lang.ClassLoader.loadClass(ClassLoader.java:526)
... 18 more
]]>
    </error>
  </testcase> <!-- sendReportEmail -->
  <testcase classname="nuego_automation_project.NuegoBookingTest" name="testLogin" time="1.797"/>
  <testcase classname="nuego_automation_project.NuegoBookingTest" name="testAddMoneyToWallet" time="34.511"/>
  <testcase classname="nuego_automation_project.NuegoBookingTest" name="testHomePageActions" time="21.298"/>
  <testcase classname="nuego_automation_project.NuegoBookingTest" name="testFilters" time="11.204"/>
  <testcase classname="nuego_automation_project.NuegoBookingTest" name="testBusBookingPageActions" time="8.215"/>
  <testcase classname="nuego_automation_project.NuegoBookingTest" name="testSelectSeatAndProceedToPay" time="26.984"/>
  <testcase classname="nuego_automation_project.NuegoBookingTest" name="testReviewBookingFlow" time="221.712"/>
  <testcase classname="nuego_automation_project.NuegoBookingTest" name="testPaymentFlow" time="13.101"/>
  <testcase classname="nuego_automation_project.NuegoBookingTest" name="testTicketConfirmationFlow" time="60.368"/>
  <testcase classname="nuego_automation_project.NuegoBookingTest" name="testRescheduleBookingFlow" time="90.481"/>
  <testcase classname="nuego_automation_project.NuegoBookingTest" name="testCancelBookingFlow" time="35.300"/>
</testsuite> <!-- nuego_automation_project.NuegoBookingTest -->
