<?xml version="1.0" encoding="UTF-8"?>
<!-- Generated by org.testng.reporters.JUnitReportReporter -->
<testsuite hostname="LAP-SUMEDHS" failures="0" tests="11" name="nuego_automation_project.NuegoBookingTest" time="525.718" errors="0" timestamp="2025-12-02T16:19:57 IST" skipped="0">
  <testcase classname="nuego_automation_project.NuegoBookingTest" name="testLogin" time="4.638"/>
  <testcase classname="nuego_automation_project.NuegoBookingTest" name="testAddMoneyToWallet" time="31.933"/>
  <testcase classname="nuego_automation_project.NuegoBookingTest" name="testHomePageActions" time="21.879"/>
  <testcase classname="nuego_automation_project.NuegoBookingTest" name="testFilters" time="11.756"/>
  <testcase classname="nuego_automation_project.NuegoBookingTest" name="testBusBookingPageActions" time="8.243"/>
  <testcase classname="nuego_automation_project.NuegoBookingTest" name="testSelectSeatAndProceedToPay" time="27.650"/>
  <testcase classname="nuego_automation_project.NuegoBookingTest" name="testReviewBookingFlow" time="222.630"/>
  <testcase classname="nuego_automation_project.NuegoBookingTest" name="testPaymentFlow" time="13.429"/>
  <testcase classname="nuego_automation_project.NuegoBookingTest" name="testTicketConfirmationFlow" time="60.147"/>
  <testcase classname="nuego_automation_project.NuegoBookingTest" name="testRescheduleBookingFlow" time="88.150"/>
  <testcase classname="nuego_automation_project.NuegoBookingTest" name="testCancelBookingFlow" time="35.263"/>
</testsuite> <!-- nuego_automation_project.NuegoBookingTest -->
