<?xml version="1.0" encoding="UTF-8"?>
<!-- Generated by org.testng.reporters.JUnitReportReporter -->
<testsuite hostname="LAP-SUMEDHS" failures="0" tests="9" name="nuego_automation_project.NuegoBookingTest" time="274.788" errors="0" timestamp="2025-11-23T12:58:46 IST" skipped="0">
  <testcase classname="nuego_automation_project.NuegoBookingTest" name="testLogin" time="8.936"/>
  <testcase classname="nuego_automation_project.NuegoBookingTest" name="testHomePageActions" time="23.315"/>
  <testcase classname="nuego_automation_project.NuegoBookingTest" name="testFilters" time="15.408"/>
  <testcase classname="nuego_automation_project.NuegoBookingTest" name="testBusBookingPageActions" time="8.617"/>
  <testcase classname="nuego_automation_project.NuegoBookingTest" name="testSelectSeatAndProceedToPay" time="24.532"/>
  <testcase classname="nuego_automation_project.NuegoBookingTest" name="testReviewBookingFlow" time="28.937"/>
  <testcase classname="nuego_automation_project.NuegoBookingTest" name="testPaymentFlow" time="21.212"/>
  <testcase classname="nuego_automation_project.NuegoBookingTest" name="testTicketConfirmationFlow" time="43.262"/>
  <testcase classname="nuego_automation_project.NuegoBookingTest" name="testRescheduleBookingFlow" time="100.569"/>
</testsuite> <!-- nuego_automation_project.NuegoBookingTest -->
