<?xml version="1.0" encoding="UTF-8"?>
<!-- Generated by org.testng.reporters.JUnitReportReporter -->
<testsuite hostname="LAP-SUMEDHS" failures="1" tests="10" name="nuego_automation_project.NuegoBookingTest" time="141.253" errors="0" timestamp="2025-11-11T14:42:53 IST" skipped="9">
  <testcase classname="nuego_automation_project.NuegoBookingTest" name="testLogin" time="75.612">
    <skipped/>
  </testcase> <!-- testLogin -->
  <testcase classname="nuego_automation_project.NuegoBookingTest" name="testLogin" time="32.495">
    <failure message="Login failed: Login failed: element click intercepted: Element &lt;img src=&quot;/static/media/profile.fdbf0d3a866b38196f43cf1587d719bd.svg&quot; alt=&quot;Profile&quot; class=&quot;mr-2 profile-picture&quot; loading=&quot;lazy&quot;&gt; is not clickable at point (1221, 51). Other element would receive the click: &lt;div class=&quot;modal-backdrop fade show&quot;&gt;&lt;/div&gt;
  (Session info: chrome=142.0.7444.134)
Build info: version: &#039;4.21.0&#039;, revision: &#039;79ed462ef4&#039;
System info: os.name: &#039;Windows 11&#039;, os.arch: &#039;amd64&#039;, os.version: &#039;10.0&#039;, java.version: &#039;17.0.12&#039;
Driver info: org.openqa.selenium.chrome.ChromeDriver
Command: [ea2461af189c9a784165ae45f2e6da8d, clickElement {id=f.D1506549013BBD95D823AFE2F44770FD.d.9DF90AB6F555515C845C004DA6EF4D81.e.307}]
Capabilities {acceptInsecureCerts: false, browserName: chrome, browserVersion: 142.0.7444.134, chrome: {chromedriverVersion: 142.0.7444.61 (9884f628acbc..., userDataDir: C:\Users\SUMEDH~1.SON\AppDa...}, fedcm:accounts: true, goog:chromeOptions: {debuggerAddress: localhost:53639}, goog:processID: 18100, networkConnectionEnabled: false, pageLoadStrategy: normal, platformName: windows, proxy: Proxy(), se:cdp: ws://localhost:53639/devtoo..., se:cdpVersion: 142.0.7444.134, setWindowRect: true, strictFileInteractability: false, timeouts: {implicit: 0, pageLoad: 300000, script: 30000}, unhandledPromptBehavior: dismiss and notify, webauthn:extension:credBlob: true, webauthn:extension:largeBlob: true, webauthn:extension:minPinLength: true, webauthn:extension:prf: true, webauthn:virtualAuthenticators: true}
Element: [[ChromeDriver: chrome on windows (ea2461af189c9a784165ae45f2e6da8d)] -&gt; xpath: //img[@alt=&#039;Profile&#039;]]
Session ID: ea2461af189c9a784165ae45f2e6da8d" type="java.lang.AssertionError">
      <![CDATA[java.lang.AssertionError: Login failed: Login failed: element click intercepted: Element <img src="/static/media/profile.fdbf0d3a866b38196f43cf1587d719bd.svg" alt="Profile" class="mr-2 profile-picture" loading="lazy"> is not clickable at point (1221, 51). Other element would receive the click: <div class="modal-backdrop fade show"></div>
  (Session info: chrome=142.0.7444.134)
Build info: version: '4.21.0', revision: '79ed462ef4'
System info: os.name: 'Windows 11', os.arch: 'amd64', os.version: '10.0', java.version: '17.0.12'
Driver info: org.openqa.selenium.chrome.ChromeDriver
Command: [ea2461af189c9a784165ae45f2e6da8d, clickElement {id=f.D1506549013BBD95D823AFE2F44770FD.d.9DF90AB6F555515C845C004DA6EF4D81.e.307}]
Capabilities {acceptInsecureCerts: false, browserName: chrome, browserVersion: 142.0.7444.134, chrome: {chromedriverVersion: 142.0.7444.61 (9884f628acbc..., userDataDir: C:\Users\SUMEDH~1.SON\AppDa...}, fedcm:accounts: true, goog:chromeOptions: {debuggerAddress: localhost:53639}, goog:processID: 18100, networkConnectionEnabled: false, pageLoadStrategy: normal, platformName: windows, proxy: Proxy(), se:cdp: ws://localhost:53639/devtoo..., se:cdpVersion: 142.0.7444.134, setWindowRect: true, strictFileInteractability: false, timeouts: {implicit: 0, pageLoad: 300000, script: 30000}, unhandledPromptBehavior: dismiss and notify, webauthn:extension:credBlob: true, webauthn:extension:largeBlob: true, webauthn:extension:minPinLength: true, webauthn:extension:prf: true, webauthn:virtualAuthenticators: true}
Element: [[ChromeDriver: chrome on windows (ea2461af189c9a784165ae45f2e6da8d)] -> xpath: //img[@alt='Profile']]
Session ID: ea2461af189c9a784165ae45f2e6da8d
at org.testng.Assert.fail(Assert.java:111)
at nuego_automation_project.NuegoBookingTest.handleFailure(NuegoBookingTest.java:283)
at nuego_automation_project.NuegoBookingTest.testLogin(NuegoBookingTest.java:89)
at java.base/jdk.internal.reflect.NativeMethodAccessorImpl.invoke0(Native Method)
at java.base/jdk.internal.reflect.NativeMethodAccessorImpl.invoke(NativeMethodAccessorImpl.java:77)
at java.base/jdk.internal.reflect.DelegatingMethodAccessorImpl.invoke(DelegatingMethodAccessorImpl.java:43)
at java.base/java.lang.reflect.Method.invoke(Method.java:568)
at org.testng.internal.invokers.MethodInvocationHelper.invokeMethod(MethodInvocationHelper.java:141)
at org.testng.internal.invokers.TestInvoker.invokeMethod(TestInvoker.java:686)
at org.testng.internal.invokers.TestInvoker.retryFailed(TestInvoker.java:269)
at org.testng.internal.invokers.MethodRunner.runInSequence(MethodRunner.java:76)
at org.testng.internal.invokers.TestInvoker$MethodInvocationAgent.invoke(TestInvoker.java:992)
at org.testng.internal.invokers.TestInvoker.invokeTestMethods(TestInvoker.java:203)
at org.testng.internal.invokers.TestMethodWorker.invokeTestMethods(TestMethodWorker.java:154)
at org.testng.internal.invokers.TestMethodWorker.run(TestMethodWorker.java:134)
at java.base/java.util.ArrayList.forEach(ArrayList.java:1511)
at org.testng.TestRunner.privateRun(TestRunner.java:739)
at org.testng.TestRunner.run(TestRunner.java:614)
at org.testng.SuiteRunner.runTest(SuiteRunner.java:421)
at org.testng.SuiteRunner.runSequentially(SuiteRunner.java:413)
at org.testng.SuiteRunner.privateRun(SuiteRunner.java:373)
at org.testng.SuiteRunner.run(SuiteRunner.java:312)
at org.testng.SuiteRunnerWorker.runSuite(SuiteRunnerWorker.java:52)
at org.testng.SuiteRunnerWorker.run(SuiteRunnerWorker.java:95)
at org.testng.TestNG.runSuitesSequentially(TestNG.java:1274)
at org.testng.TestNG.runSuitesLocally(TestNG.java:1208)
at org.testng.TestNG.runSuites(TestNG.java:1112)
at org.testng.TestNG.run(TestNG.java:1079)
at org.apache.maven.surefire.testng.TestNGExecutor.run(TestNGExecutor.java:308)
at org.apache.maven.surefire.testng.TestNGXmlTestSuite.execute(TestNGXmlTestSuite.java:71)
at org.apache.maven.surefire.testng.TestNGProvider.invoke(TestNGProvider.java:113)
at org.apache.maven.surefire.booter.ForkedBooter.runSuitesInProcess(ForkedBooter.java:385)
at org.apache.maven.surefire.booter.ForkedBooter.execute(ForkedBooter.java:162)
at org.apache.maven.surefire.booter.ForkedBooter.run(ForkedBooter.java:507)
at org.apache.maven.surefire.booter.ForkedBooter.main(ForkedBooter.java:495)
]]>
    </failure>
  </testcase> <!-- testLogin -->
  <testcase classname="nuego_automation_project.NuegoBookingTest" name="testLogin" time="33.146">
    <skipped/>
  </testcase> <!-- testLogin -->
  <testcase classname="nuego_automation_project.NuegoBookingTest" name="testHomePageActions" time="0.000">
    <skipped/>
  </testcase> <!-- testHomePageActions -->
  <testcase classname="nuego_automation_project.NuegoBookingTest" name="testFilters" time="0.000">
    <skipped/>
  </testcase> <!-- testFilters -->
  <testcase classname="nuego_automation_project.NuegoBookingTest" name="testBusBookingPageActions" time="0.000">
    <skipped/>
  </testcase> <!-- testBusBookingPageActions -->
  <testcase classname="nuego_automation_project.NuegoBookingTest" name="testSelectSeatAndProceedToPay" time="0.000">
    <skipped/>
  </testcase> <!-- testSelectSeatAndProceedToPay -->
  <testcase classname="nuego_automation_project.NuegoBookingTest" name="testReviewBookingFlow" time="0.000">
    <skipped/>
  </testcase> <!-- testReviewBookingFlow -->
  <testcase classname="nuego_automation_project.NuegoBookingTest" name="testPaymentFlow" time="0.000">
    <skipped/>
  </testcase> <!-- testPaymentFlow -->
  <testcase classname="nuego_automation_project.NuegoBookingTest" name="testTicketPageFlow" time="0.000">
    <skipped/>
  </testcase> <!-- testTicketPageFlow -->
</testsuite> <!-- nuego_automation_project.NuegoBookingTest -->
