<?xml version="1.0" encoding="UTF-8"?>
<!-- Generated by org.testng.reporters.JUnitReportReporter -->
<testsuite hostname="LAP-SUMEDHS" failures="1" tests="12" name="nuego_automation_project.NuegoBookingTest" time="545.979" errors="0" timestamp="2025-12-02T15:08:25 IST" skipped="8">
  <testcase classname="nuego_automation_project.NuegoBookingTest" name="testLogin" time="1.987"/>
  <testcase classname="nuego_automation_project.NuegoBookingTest" name="testAddMoneyToWallet" time="420.202"/>
  <testcase classname="nuego_automation_project.NuegoBookingTest" name="testHomePageActions" time="21.316"/>
  <testcase classname="nuego_automation_project.NuegoBookingTest" name="testFilters" time="51.314">
    <failure message="Filter test failed: Expected condition failed: waiting for visibility of element located by By.xpath: //div[6]//img[1] (tried for 20 second(s) with 500 milliseconds interval)
Build info: version: &#039;4.21.0&#039;, revision: &#039;79ed462ef4&#039;
System info: os.name: &#039;Windows 11&#039;, os.arch: &#039;amd64&#039;, os.version: &#039;10.0&#039;, java.version: &#039;17.0.12&#039;
Driver info: org.openqa.selenium.chrome.ChromeDriver
Capabilities {acceptInsecureCerts: false, browserName: chrome, browserVersion: 142.0.7444.176, chrome: {chromedriverVersion: 142.0.7444.175 (302067f14a4..., userDataDir: C:\Windows\SystemTemp\scope...}, fedcm:accounts: true, goog:chromeOptions: {debuggerAddress: localhost:50298}, goog:processID: 24204, networkConnectionEnabled: false, pageLoadStrategy: normal, platformName: windows, proxy: Proxy(), se:cdp: ws://localhost:50298/devtoo..., se:cdpVersion: 142.0.7444.176, setWindowRect: true, strictFileInteractability: false, timeouts: {implicit: 0, pageLoad: 300000, script: 30000}, unhandledPromptBehavior: dismiss and notify, webauthn:extension:credBlob: true, webauthn:extension:largeBlob: true, webauthn:extension:minPinLength: true, webauthn:extension:prf: true, webauthn:virtualAuthenticators: true}
Session ID: 7030ef9a0881856d73f6a12de3523f4b" type="java.lang.AssertionError">
      <![CDATA[java.lang.AssertionError: Filter test failed: Expected condition failed: waiting for visibility of element located by By.xpath: //div[6]//img[1] (tried for 20 second(s) with 500 milliseconds interval)
Build info: version: '4.21.0', revision: '79ed462ef4'
System info: os.name: 'Windows 11', os.arch: 'amd64', os.version: '10.0', java.version: '17.0.12'
Driver info: org.openqa.selenium.chrome.ChromeDriver
Capabilities {acceptInsecureCerts: false, browserName: chrome, browserVersion: 142.0.7444.176, chrome: {chromedriverVersion: 142.0.7444.175 (302067f14a4..., userDataDir: C:\Windows\SystemTemp\scope...}, fedcm:accounts: true, goog:chromeOptions: {debuggerAddress: localhost:50298}, goog:processID: 24204, networkConnectionEnabled: false, pageLoadStrategy: normal, platformName: windows, proxy: Proxy(), se:cdp: ws://localhost:50298/devtoo..., se:cdpVersion: 142.0.7444.176, setWindowRect: true, strictFileInteractability: false, timeouts: {implicit: 0, pageLoad: 300000, script: 30000}, unhandledPromptBehavior: dismiss and notify, webauthn:extension:credBlob: true, webauthn:extension:largeBlob: true, webauthn:extension:minPinLength: true, webauthn:extension:prf: true, webauthn:virtualAuthenticators: true}
Session ID: 7030ef9a0881856d73f6a12de3523f4b
at org.testng.Assert.fail(Assert.java:111)
at nuego_automation_project.NuegoBookingTest.handleFailure(NuegoBookingTest.java:261)
at nuego_automation_project.NuegoBookingTest.testFilters(NuegoBookingTest.java:116)
at java.base/jdk.internal.reflect.NativeMethodAccessorImpl.invoke0(Native Method)
at java.base/jdk.internal.reflect.NativeMethodAccessorImpl.invoke(NativeMethodAccessorImpl.java:77)
at java.base/jdk.internal.reflect.DelegatingMethodAccessorImpl.invoke(DelegatingMethodAccessorImpl.java:43)
at java.base/java.lang.reflect.Method.invoke(Method.java:568)
at org.testng.internal.invokers.MethodInvocationHelper.invokeMethod(MethodInvocationHelper.java:141)
at org.testng.internal.invokers.TestInvoker.invokeMethod(TestInvoker.java:686)
at org.testng.internal.invokers.TestInvoker.retryFailed(TestInvoker.java:269)
at org.testng.internal.invokers.MethodRunner.runInSequence(MethodRunner.java:76)
at org.testng.internal.invokers.TestInvoker$MethodInvocationAgent.invoke(TestInvoker.java:992)
at org.testng.internal.invokers.TestInvoker.invokeTestMethods(TestInvoker.java:203)
at org.testng.internal.invokers.TestMethodWorker.invokeTestMethods(TestMethodWorker.java:154)
at org.testng.internal.invokers.TestMethodWorker.run(TestMethodWorker.java:134)
at java.base/java.util.ArrayList.forEach(ArrayList.java:1511)
at org.testng.TestRunner.privateRun(TestRunner.java:739)
at org.testng.TestRunner.run(TestRunner.java:614)
at org.testng.SuiteRunner.runTest(SuiteRunner.java:421)
at org.testng.SuiteRunner.runSequentially(SuiteRunner.java:413)
at org.testng.SuiteRunner.privateRun(SuiteRunner.java:373)
at org.testng.SuiteRunner.run(SuiteRunner.java:312)
at org.testng.SuiteRunnerWorker.runSuite(SuiteRunnerWorker.java:52)
at org.testng.SuiteRunnerWorker.run(SuiteRunnerWorker.java:95)
at org.testng.TestNG.runSuitesSequentially(TestNG.java:1274)
at org.testng.TestNG.runSuitesLocally(TestNG.java:1208)
at org.testng.TestNG.runSuites(TestNG.java:1112)
at org.testng.TestNG.run(TestNG.java:1079)
at org.apache.maven.surefire.testng.TestNGExecutor.run(TestNGExecutor.java:308)
at org.apache.maven.surefire.testng.TestNGXmlTestSuite.execute(TestNGXmlTestSuite.java:71)
at org.apache.maven.surefire.testng.TestNGProvider.invoke(TestNGProvider.java:113)
at org.apache.maven.surefire.booter.ForkedBooter.runSuitesInProcess(ForkedBooter.java:385)
at org.apache.maven.surefire.booter.ForkedBooter.execute(ForkedBooter.java:162)
at org.apache.maven.surefire.booter.ForkedBooter.run(ForkedBooter.java:507)
at org.apache.maven.surefire.booter.ForkedBooter.main(ForkedBooter.java:495)
]]>
    </failure>
  </testcase> <!-- testFilters -->
  <testcase classname="nuego_automation_project.NuegoBookingTest" name="testFilters" time="51.160">
    <skipped/>
  </testcase> <!-- testFilters -->
  <testcase classname="nuego_automation_project.NuegoBookingTest" name="testBusBookingPageActions" time="0.000">
    <skipped/>
  </testcase> <!-- testBusBookingPageActions -->
  <testcase classname="nuego_automation_project.NuegoBookingTest" name="testSelectSeatAndProceedToPay" time="0.000">
    <skipped/>
  </testcase> <!-- testSelectSeatAndProceedToPay -->
  <testcase classname="nuego_automation_project.NuegoBookingTest" name="testReviewBookingFlow" time="0.000">
    <skipped/>
  </testcase> <!-- testReviewBookingFlow -->
  <testcase classname="nuego_automation_project.NuegoBookingTest" name="testPaymentFlow" time="0.000">
    <skipped/>
  </testcase> <!-- testPaymentFlow -->
  <testcase classname="nuego_automation_project.NuegoBookingTest" name="testTicketConfirmationFlow" time="0.000">
    <skipped/>
  </testcase> <!-- testTicketConfirmationFlow -->
  <testcase classname="nuego_automation_project.NuegoBookingTest" name="testRescheduleBookingFlow" time="0.000">
    <skipped/>
  </testcase> <!-- testRescheduleBookingFlow -->
  <testcase classname="nuego_automation_project.NuegoBookingTest" name="testCancelBookingFlow" time="0.000">
    <skipped/>
  </testcase> <!-- testCancelBookingFlow -->
</testsuite> <!-- nuego_automation_project.NuegoBookingTest -->
